
Gurobi 6.0.5 (linux64) logging started Wed Apr 27 04:34:39 2016

Optimize a model with 8461 rows, 2378 columns and 47592 nonzeros
Coefficient statistics:
  Matrix range    [1e+00, 8e+01]
  Objective range [1e+00, 1e+00]
  Bounds range    [1e+00, 8e+01]
  RHS range       [1e+00, 8e+01]
Presolve removed 1132 rows and 63 columns
Presolve time: 0.05s
Presolved: 7329 rows, 2315 columns, 31477 nonzeros
Variable types: 172 continuous, 2143 integer (2143 binary)
Presolve removed 9 rows and 0 columns
Presolved: 7320 rows, 2315 columns, 31459 nonzeros


Root relaxation: objective 1.034196e+02, 4121 iterations, 0.45 seconds

    Nodes    |    Current Node    |     Objective Bounds      |     Work
 Expl Unexpl |  Obj  Depth IntInf | Incumbent    BestBd   Gap | It/Node Time

     0     0  103.41964    0  681          -  103.41964      -     -    1s

Explored 0 nodes (4121 simplex iterations) in 1.11 seconds
Thread count was 6 (of 8 available processors)

Solve interrupted
Best objective -, best bound 1.030000000000e+02, gap -

Gurobi 6.0.5 (linux64) logging started Wed Apr 27 04:34:51 2016

Optimize a model with 8461 rows, 2378 columns and 47592 nonzeros
Coefficient statistics:
  Matrix range    [1e+00, 8e+01]
  Objective range [1e+00, 1e+00]
  Bounds range    [1e+00, 8e+01]
  RHS range       [1e+00, 8e+01]
Presolve removed 1132 rows and 63 columns
Presolve time: 0.05s
Presolved: 7329 rows, 2315 columns, 31477 nonzeros
Variable types: 172 continuous, 2143 integer (2143 binary)
Presolve removed 9 rows and 0 columns
Presolved: 7320 rows, 2315 columns, 31459 nonzeros


Root relaxation: objective 1.034196e+02, 4121 iterations, 0.44 seconds

    Nodes    |    Current Node    |     Objective Bounds      |     Work
 Expl Unexpl |  Obj  Depth IntInf | Incumbent    BestBd   Gap | It/Node Time

     0     0  103.41964    0  635          -  103.41964      -     -    1s
     0     0  102.86936    0  666          -  102.86936      -     -    3s
     0     0  102.86936    0  665          -  102.86936      -     -    3s
     0     2  102.86936    0  654          -  102.86936      -     -    5s
    19    23   96.42116    6  644          -   99.27649      -  1512   10s
    67    70   88.30079   10  600          -   99.26494      -  1660   15s
   109   101   91.99498    5  561          -   97.54111      -  1676   20s
   177   139   88.72477    8  551          -   97.54111      -  1576   26s
   234   178   87.21198    9  527          -   97.54111      -  1497   30s
   298   213     cutoff   11               -   97.01828      -  1475   35s
   375   259   91.37687    8  605          -   97.01828      -  1464   43s
   394   260   88.16243    9  585          -   97.01828      -  1458   46s
   456   299   84.03541   10  567          -   97.01828      -  1445   50s
   517   318   92.95806    6  624          -   95.66880      -  1452   56s
   596   362   86.26317    9  569          -   95.66880      -  1437   62s
   637   384     cutoff   10               -   95.25730      -  1438   65s
   745   426   89.14941    8  570          -   95.25730      -  1408   72s
   796   441   87.60884    9  602          -   95.25730      -  1407   76s
   859   464     cutoff   11               -   93.17539      -  1389   80s
   943   498   86.00880   10  565          -   92.89203      -  1350   85s
  1014   505   84.37361    9  544          -   92.58943      -  1336   90s
  1092   514   84.58052   10  558          -   92.22275      -  1322   95s
  1169   544   84.52577   10  569          -   91.43071      -  1318  100s
  1260   562   84.40263   11  589          -   91.35539      -  1303  106s
  1355   558     cutoff   12               -   91.34019      -  1293  113s
  1464   597   83.58785   10  479          -   90.97818      -  1282  119s
  1573   629     cutoff    9               -   90.92544      -  1271  125s
  1701   642   83.47022   11  535          -   90.52192      -  1253  132s
  1835   671   86.14725   10  573          -   90.16442      -  1236  140s
  1977   652   85.97436   10  519          -   89.78626      -  1222  148s
  2125   673     cutoff   12               -   89.46850      -  1207  157s
  2292   685     cutoff   13               -   89.44166      -  1192  166s
  2470   661   84.28200   11  546          -   88.72473      -  1177  176s
  2686   623   83.05691   12  537          -   88.08502      -  1153  186s
  2906   591   85.37097    9  533          -   87.54660      -  1135  196s
  3122   518     cutoff   11               -   86.87102      -  1123  208s
  3392   418     cutoff   12               -   86.36986      -  1100  220s
  3685   290     cutoff   12               -   85.37262      -  1076  231s
  3951   164   83.34643   10  523          -   84.45010      -  1056  236s
  4256     0     cutoff   12               -   83.04230      -  1011  240s
  4457    49   83.00000   26   98          -   83.00000      -   969  255s
  7156  1228   83.00000   31  634          -   83.00000      -   643  261s
  7157  1229   83.00000   21  653          -   83.00000      -   643  273s
  7159  1230   83.00000   33  653          -   83.00000      -   642  276s
  7160  1233   83.00000   16  680          -   83.00000      -   1.8  295s
  7161  1234   83.00000   16  652          -   83.00000      -   2.4  312s
  7162  1234   83.00000   17  674          -   83.00000      -   2.6  329s
  7163  1235   83.00000   17  631          -   83.00000      -   3.2  345s
  7164  1236   83.00000   18  640          -   83.00000      -   3.7  360s
  7165  1236   83.00000   18  650          -   83.00000      -   3.8  374s
  7166  1235   83.00000   19  626          -   83.00000      -   4.0  382s
  7167  1240   83.00000   19  665          -   83.00000      -   4.2  391s
  7170  1241   83.00000   20  618          -   83.00000      -   5.2  406s
  7174  1248   83.00000   21  616          -   83.00000      -   5.8  424s
  7185  1271   83.00000   22  594          -   83.00000      -   9.3  446s
  7219  1248   83.00000   25  606          -   83.00000      -  17.3  466s
  7342  1292 infeasible   33               -   83.00000      -  39.6  488s
  7529  1311   83.00000   28  543          -   83.00000      -  64.6  511s
  7828  1299   83.00000   21  593          -   83.00000      -  93.6  536s
  8142  1273   83.00000   23  550          -   83.00000      -   122  563s
  8439  1251     cutoff   25               -   83.00000      -   146  590s
  8823  1138   83.00000   22  488          -   83.00000      -   175  619s
  9289  1034   83.00000   29  550          -   83.00000      -   202  650s
  9727   879   83.00000   21  609          -   83.00000      -   229  681s
 10241   654   83.00000   24  544          -   83.00000      -   254  710s
 10756   394   83.00000   27  504          -   83.00000      -   273  740s
 11273   274   83.00000   27  550          -   83.00000      -   282  754s
 11509   150     cutoff   29               -   83.00000      -   291  763s
 11714    25   83.00000   26  510          -   83.00000      -   296  769s
 11931     0     cutoff   32               -   83.00000      -   296  773s
 12314    75   83.00000   36   83          -   83.00000      -   289  792s
 14748  1086   83.00000   40   76          -   83.00000      -   256  802s
 15672  1161     cutoff   52               -   83.00000      -   248  816s
 16709  1277     cutoff   48               -   83.00000      -   240  830s
 17857  1432   82.96471   52   85          -   83.00000      -   232  841s
 18875  1574     cutoff   46               -   83.00000      -   225  853s
 19619  1496   83.00000   63   60          -   83.00000      -   222  866s
 20581  1620     cutoff   48               -   83.00000      -   218  878s
 21701  1852   83.00000   72   53          -   83.00000      -   212  887s
 22694  1976     cutoff   77               -   83.00000      -   207  893s
 23300  1918   83.00000   78   46          -   83.00000      -   204  901s
 23939  1877   83.00000   74   59          -   83.00000      -   202  912s
 24968  1990   83.00000   47   75          -   83.00000      -   199  926s
 26059  2091   83.00000   52   75          -   83.00000      -   195  935s
 26825  2116   83.00000   59   69          -   83.00000      -   193  947s
 27754  2182     cutoff   44               -   83.00000      -   191  961s
 28820  2238   82.95178   52  225          -   83.00000      -   189  973s
 29725  2310     cutoff   49               -   83.00000      -   187  986s
 30716  2384   82.94118   53   80          -   83.00000      -   186  999s
 31791  2520   83.00000   52   60          -   83.00000      -   184 1012s
 33148  2780   83.00000   73   69          -   83.00000      -   181 1023s
 34160  2890     cutoff   74               -   83.00000      -   179 1036s
 35651  3291   83.00000   66   59          -   83.00000      -   175 1045s
 37191  3230     cutoff   73               -   83.00000      -   172 1055s
 37824  3161     cutoff   69               -   83.00000      -   170 1060s
 38390  3059   83.00000   49   83          -   83.00000      -   169 1068s
 39189  3095     cutoff   66               -   83.00000      -   168 1078s
 39991  3107   83.00000   50   74          -   83.00000      -   167 1090s
 40992  3150   83.00000   60   66          -   83.00000      -   167 1104s
 41981  3169     cutoff   48               -   83.00000      -   166 1117s
 42872  3183   83.00000   53   74          -   83.00000      -   165 1131s
 43827  3232     cutoff   47               -   83.00000      -   165 1144s
 44823  3319   83.00000   47   81          -   83.00000      -   164 1156s
 45702  3358   83.00000   48   69          -   83.00000      -   164 1169s
 46633  3401   83.00000   48   65          -   83.00000      -   163 1178s
 47294  3365 infeasible   49               -   83.00000      -   163 1190s
 48097  3345   83.00000   55   70          -   83.00000      -   163 1202s
 49080  3404     cutoff   47               -   83.00000      -   162 1214s
 49982  3427   83.00000   42   63          -   83.00000      -   161 1225s
 50882  3479   83.00000   43   76          -   83.00000      -   161 1235s
 51669  3485   83.00000   44   81          -   83.00000      -   160 1245s
 52470  3491     cutoff   51               -   83.00000      -   160 1256s
 53349  3514     cutoff   55               -   83.00000      -   160 1267s
 54117  3518     cutoff   58               -   83.00000      -   159 1278s
 54946  3534     cutoff   46               -   83.00000      -   159 1292s
 55726  3533   83.00000   47   67          -   83.00000      -   159 1304s
 56578  3518     cutoff   48               -   83.00000      -   159 1317s
 57551  3577   83.00000   49   80          -   83.00000      -   158 1330s
 58610  3653   82.97444   53  228          -   83.00000      -   158 1341s
 59607  3708   83.00000   48   79          -   83.00000      -   157 1352s
 60414  3749   83.00000   42   74          -   83.00000      -   157 1366s
 61204  3762   83.00000   43   70          -   83.00000      -   157 1380s
 62165  3839   83.00000   44   87          -   83.00000      -   156 1396s
 63221  3937   83.00000   52   76          -   83.00000      -   156 1411s
 64117  3991     cutoff   61               -   83.00000      -   156 1423s
 64934  3967     cutoff   53               -   83.00000      -   156 1435s
 65689  3936   83.00000   59   79          -   83.00000      -   156 1451s
 66503  3937     cutoff   60               -   83.00000      -   156 1466s
 67415  4002   83.00000   48   94          -   83.00000      -   156 1483s
 68318  4066   83.00000   44   80          -   83.00000      -   156 1500s
 69196  4097     cutoff   50               -   83.00000      -   155 1511s
 69859  4075   83.00000   53   77          -   83.00000      -   155 1526s
 70698  4130   83.00000   53  104          -   83.00000      -   155 1544s
 71498  4143     cutoff   52               -   83.00000      -   155 1557s
 72280  4164     cutoff   50               -   83.00000      -   155 1572s
 73190  4224     cutoff   52               -   83.00000      -   155 1587s
 74176  4300     cutoff   50               -   83.00000      -   154 1602s
 75236  4395   83.00000   47   77          -   83.00000      -   154 1619s
 76255  4468     cutoff   58               -   83.00000      -   153 1634s
 77133  4518   83.00000   50   67          -   83.00000      -   153 1648s
 77983  4538   82.98431   48   99          -   83.00000      -   153 1665s
 78884  4571     cutoff   50               -   83.00000      -   153 1681s
 79770  4605     cutoff   57               -   83.00000      -   152 1692s
 80485  4586     cutoff   63               -   83.00000      -   152 1707s
 81330  4603     cutoff   45               -   83.00000      -   152 1716s
 82027  4575   82.98431   49  100          -   83.00000      -   152 1734s
 82889  4586   83.00000   54   80          -   83.00000      -   152 1748s
 83721  4598   83.00000   50   74          -   83.00000      -   152 1761s
 84515  4635   83.00000   49   73          -   83.00000      -   152 1774s
 85424  4695     cutoff   54               -   83.00000      -   152 1788s
 86230  4725     cutoff   50               -   83.00000      -   151 1802s
 86926  4723     cutoff   41               -   83.00000      -   151 1813s
 87607  4713     cutoff   47               -   83.00000      -   151 1827s
 88394  4723     cutoff   55               -   83.00000      -   151 1836s
 89009  4677   83.00000   45  101          -   83.00000      -   151 1848s
 89692  4646   83.00000   52   80          -   83.00000      -   151 1864s
 90564  4695     cutoff   45               -   83.00000      -   150 1874s
 91325  4715 infeasible   46               -   83.00000      -   150 1888s
 92111  4728     cutoff   62               -   83.00000      -   150 1901s
 92921  4759   83.00000   58   76          -   83.00000      -   150 1913s
 93646  4743   82.95993   50  252          -   83.00000      -   150 1927s
 94472  4810   83.00000   48   79          -   83.00000      -   150 1941s
 95314  4850     cutoff   48               -   83.00000      -   150 1953s
 96021  4854     cutoff   53               -   83.00000      -   150 1967s
 96826  4863   83.00000   36   85          -   83.00000      -   150 1981s
 97520  4821   82.95292   50  228          -   83.00000      -   150 1994s
 98253  4781     cutoff   53               -   83.00000      -   150 2009s
 99102  4794     cutoff   54               -   83.00000      -   150 2025s
 99985  4860   82.97084   51  242          -   83.00000      -   149 2041s
 100809  4901   83.00000   45   98          -   83.00000      -   149 2055s
 101708  4945     cutoff   48               -   83.00000      -   149 2069s
 102442  4934   83.00000   46   81          -   83.00000      -   149 2084s
 103327  4990   82.95294   42   92          -   83.00000      -   149 2100s
 104156  5107     cutoff   48               -   83.00000      -   149 2116s
 104949  5163   83.00000   45   81          -   83.00000      -   149 2130s
 105850  5289   83.00000   45   81          -   83.00000      -   149 2145s
 106695  5332     cutoff   49               -   83.00000      -   149 2155s
 107342  5295 infeasible   54               -   83.00000      -   149 2167s
 107964  5257     cutoff   57               -   83.00000      -   149 2182s
 108712  5257     cutoff   52               -   83.00000      -   149 2197s
 109519  5277     cutoff   49               -   83.00000      -   149 2210s
 110202  5250     cutoff   52               -   83.00000      -   149 2225s
 110860  5225     cutoff   52               -   83.00000      -   149 2238s
 111662  5255     cutoff   54               -   83.00000      -   149 2250s
 112433  5240   83.00000   51   84          -   83.00000      -   149 2261s
 113117  5208   82.97647   55   95          -   83.00000      -   149 2276s
 113878  5194   83.00000   48   89          -   83.00000      -   149 2291s
 114653  5187     cutoff   57               -   83.00000      -   149 2304s
 115388  5205   83.00000   46   75          -   83.00000      -   149 2318s
 116183  5282   83.00000   50   87          -   83.00000      -   149 2329s
 116970  5320 infeasible   56               -   83.00000      -   149 2341s
 117729  5312     cutoff   60               -   83.00000      -   148 2354s
 118522  5333     cutoff   54               -   83.00000      -   148 2369s
 119349  5369     cutoff   47               -   83.00000      -   148 2382s
 120016  5333     cutoff   53               -   83.00000      -   148 2397s
 120807  5385   83.00000   58   70          -   83.00000      -   148 2412s
 121653  5444   83.00000   60   68          -   83.00000      -   148 2424s
 122340  5443     cutoff   50               -   83.00000      -   148 2437s
 123153  5453     cutoff   57               -   83.00000      -   148 2449s
 123995  5476   82.97647   49   88          -   83.00000      -   148 2464s
 124792  5498     cutoff   57               -   83.00000      -   148 2474s
 125459  5534   83.00000   41   76          -   83.00000      -   148 2487s
 126293  5595     cutoff   46               -   83.00000      -   148 2501s
 127108  5647     cutoff   52               -   83.00000      -   148 2513s
 127853  5614     cutoff   47               -   83.00000      -   148 2524s
 128581  5583   83.00000   56   68          -   83.00000      -   148 2536s
 129347  5578     cutoff   59               -   83.00000      -   148 2551s
 130116  5623     cutoff   64               -   83.00000      -   148 2566s
 130834  5624     cutoff   61               -   83.00000      -   148 2580s
 131583  5621     cutoff   47               -   83.00000      -   148 2593s
 132254  5601   83.00000   46  114          -   83.00000      -   148 2606s
 133105  5698   82.96079   47  264          -   83.00000      -   147 2617s
 133864  5702   83.00000   51   85          -   83.00000      -   147 2631s
 134556  5667     cutoff   45               -   83.00000      -   147 2643s
 135259  5633   83.00000   56   89          -   83.00000      -   147 2656s
 136002  5618   83.00000   54   60          -   83.00000      -   147 2670s
 136747  5593     cutoff   55               -   83.00000      -   147 2681s
 137426  5584   83.00000   56   71          -   83.00000      -   147 2692s
 138138  5564   83.00000   45  102          -   83.00000      -   147 2703s
 138743  5511     cutoff   47               -   83.00000      -   147 2715s
 139469  5489     cutoff   47               -   83.00000      -   147 2728s
 140149  5499   82.94711   50  297          -   83.00000      -   147 2742s
 141007  5574     cutoff   54               -   83.00000      -   147 2753s
 141721  5567   83.00000   47   74          -   83.00000      -   147 2765s
 142416  5534   83.00000   63   72          -   83.00000      -   147 2778s
 143007  5492   83.00000   48   80          -   83.00000      -   147 2791s
 143730  5461   83.00000   45   77          -   83.00000      -   147 2803s
 144484  5417   83.00000   55   66          -   83.00000      -   147 2816s
 145116  5359     cutoff   55               -   83.00000      -   147 2829s
 145880  5380   83.00000   49   88          -   83.00000      -   147 2840s
 146637  5361 infeasible   47               -   83.00000      -   147 2850s
 147253  5292     cutoff   60               -   83.00000      -   147 2860s
 147891  5260     cutoff   56               -   83.00000      -   147 2873s
 148685  5255   83.00000   52   92          -   83.00000      -   147 2887s
 149400  5205 infeasible   55               -   83.00000      -   147 2899s
 149992  5124 infeasible   44               -   83.00000      -   147 2909s
 150603  5053   83.00000   48   99          -   83.00000      -   147 2919s
 151170  4996     cutoff   51               -   83.00000      -   147 2931s
 151717  4951   82.95294   51  140          -   83.00000      -   147 2944s
 152463  4947   82.98319   52   94          -   83.00000      -   147 2956s
 153219  4954     cutoff   50               -   83.00000      -   147 2970s
 153943  4935     cutoff   44               -   83.00000      -   147 2984s
 154683  4919   83.00000   55   80          -   83.00000      -   147 2998s
 155383  4911   83.00000   58   68          -   83.00000      -   147 3012s
 156081  4880   82.96471   50  102          -   83.00000      -   147 3024s
 156771  4857     cutoff   52               -   83.00000      -   147 3037s
 157515  4836   83.00000   57   78          -   83.00000      -   147 3048s
 158259  4829   83.00000   56   87          -   83.00000      -   147 3060s
 158934  4809   83.00000   55   83          -   83.00000      -   147 3070s
 159593  4765     cutoff   50               -   83.00000      -   147 3078s
 160091  4709   83.00000   47   78          -   83.00000      -   147 3083s
 160607  4618     cutoff   49               -   83.00000      -   146 3086s
 160863  4493     cutoff   47               -   82.98431      -   146 3090s
 161383  4261     cutoff   52               -   82.98219      -   146 3095s
 162154  3901     cutoff   55               -   82.97255      -   146 3102s
 162721  3656     cutoff   54               -   82.96471      -   146 3105s
 163184  3278   82.91337   56  207          -   82.96446      -   145 3112s
 163713  3034     cutoff   57               -   82.95779      -   145 3115s
 164411  2532     cutoff   55               -   82.95294      -   145 3120s
 165025  2155   82.92941   46  102          -   82.94706      -   144 3125s
 165853  1657     cutoff   53               -   82.93824      -   144 3130s
 166860  1028   82.91134   50  110          -   82.92857      -   143 3135s

Cutting planes:
  Gomory: 16
  Implied bound: 42
  MIR: 1
  Flow cover: 407
  Zero half: 219

Explored 167860 nodes (28528939 simplex iterations) in 3139.47 seconds
Thread count was 6 (of 8 available processors)

Model objective exceeds cutoff
Best objective -, best bound -8.290000000000e+01, gap -
