
Gurobi 6.0.5 (linux64) logging started Wed Apr 27 12:29:42 2016

Optimize a model with 8713 rows, 2437 columns and 49025 nonzeros
Coefficient statistics:
  Matrix range    [1e+00, 8e+01]
  Objective range [1e+00, 1e+00]
  Bounds range    [1e+00, 8e+01]
  RHS range       [1e+00, 8e+01]
Presolve removed 1140 rows and 60 columns
Presolve time: 0.06s
Presolved: 7573 rows, 2377 columns, 32558 nonzeros
Variable types: 174 continuous, 2203 integer (2203 binary)
Presolve removed 6 rows and 0 columns
Presolved: 7567 rows, 2377 columns, 32538 nonzeros


Root relaxation: objective 1.007368e+02, 4841 iterations, 0.50 seconds

    Nodes    |    Current Node    |     Objective Bounds      |     Work
 Expl Unexpl |  Obj  Depth IntInf | Incumbent    BestBd   Gap | It/Node Time

     0     0  100.73678    0  651          -  100.73678      -     -    1s
     0     0   99.64244    0  664          -   99.64244      -     -    3s
     0     0   99.64244    0  656          -   99.64244      -     -    4s
     0     2   99.64244    0  656          -   99.64244      -     -    6s
     8    12   93.70210    4  629          -   97.34765      -  2340   10s
    42    43   91.49757    8  635          -   95.50562      -  1933   15s
    92    85     cutoff   12               -   95.50562      -  1745   20s
   142   119   91.04402    6  578          -   93.69563      -  1595   25s
   225   168   86.65136   10  569          -   93.69563      -  1467   31s
   296   208   85.53297    9  542          -   93.69563      -  1369   35s
   368   241     cutoff   11               -   93.69563      -  1356   41s
   425   259   83.42960    9  520          -   93.69563      -  1338   45s
   514   244     cutoff   12               -   93.09613      -  1260   50s
   591   272   88.50510    8  583          -   92.61920      -  1254   55s
   668   265   84.11121   10  548          -   92.61920      -  1261   61s
   759   346     cutoff   11               -   91.50789      -  1184   65s
   872   373   84.68444    7  606          -   91.38119      -  1176   72s
   925   392   84.34995   10  552          -   91.38119      -  1178   75s
  1070   451     cutoff    9               -   90.14239      -  1157   84s
  1157   449   84.85382    9  488          -   89.52967      -  1139   89s
  1249   476     cutoff   11               -   89.38424      -  1123   94s
  1355   490     cutoff   12               -   89.25847      -  1104   98s
  1519   489   84.56872    9  580          -   89.11012      -  1048  104s
  1673   525   87.55859    8  546          -   88.09507      -  1012  109s
  1810   505     cutoff   10               -   87.40208      -   995  116s
  1946   462     cutoff   10               -   86.57047      -   986  122s
  2132   408     cutoff    8               -   85.76705      -   957  129s
  2324   308     cutoff   11               -   85.21941      -   935  136s
  2551   182     cutoff   11               -   84.40549      -   908  141s
  2711    56     cutoff   12               -   83.50577      -   883  146s
  3491   270   83.00000   21  106          -   83.00000      -   713  155s
  4876   676   83.00000   26  657          -   83.00000      -   543  161s
  4877   677   83.00000   32  638          -   83.00000      -   543  176s
  4880   681   83.00000   12  682          -   83.00000      -   3.1  191s
  4881   682   83.00000   12  672          -   83.00000      -   3.7  202s
  4882   682   83.00000   13  686          -   83.00000      -   4.1  216s
  4883   683   83.00000   13  666          -   83.00000      -   4.8  230s
  4884   684   83.00000   14  642          -   83.00000      -   4.8  241s
  4885   684   83.00000   14  660          -   83.00000      -   5.4  248s
  4886   683   83.00000   15  650          -   83.00000      -   5.8  253s
  4887   688   83.00000   15  661          -   83.00000      -   6.4  258s
  4890   689   83.00000   16  629          -   83.00000      -   7.3  269s
  4894   693   83.00000   17  643          -   83.00000      -   9.1  282s
  4900   703   83.00000   18  628          -   83.00000      -  12.9  295s
  4914   716   83.00000   19  644          -   83.00000      -  17.9  309s
  4944   705   83.00000   22  574          -   83.00000      -  30.1  323s
  5014   731   82.95472   25  562          -   83.00000      -  48.5  338s
  5126   733   83.00000   19  555          -   83.00000      -  71.2  353s
  5252   747   83.00000   25  354          -   83.00000      -  94.3  370s
  5432   760   83.00000   26  564          -   83.00000      -   119  387s
  5622   733   83.00000   22  591          -   83.00000      -   145  406s
  5819   680   83.00000   20  605          -   83.00000      -   173  427s
  6017   631   83.00000   21  530          -   83.00000      -   201  448s
  6254   562   83.00000   22  481          -   83.00000      -   226  471s
  6570   497   83.00000   22  561          -   83.00000      -   251  495s
  6766   403   83.00000   21  456          -   83.00000      -   261  520s
  7137   321   83.00000   22  507          -   83.00000      -   284  546s
  7527   281   83.00000   21  475          -   83.00000      -   306  574s
  7914   170   83.00000   24  374          -   83.00000      -   325  596s
  8269    53   83.00000   24  493          -   83.00000      -   339  608s
  8706    21     cutoff   44               -   83.00000      -   333  627s
 10114   518     cutoff   42               -   83.00000      -   305  643s
 11209   762     cutoff   41               -   83.00000      -   290  661s
 12364   958   82.95294   42   76          -   83.00000      -   278  681s
 13349  1007     cutoff   42               -   83.00000      -   269  696s
 14128  1037   83.00000   46   53          -   83.00000      -   264  711s
 15124  1128     cutoff   41               -   83.00000      -   258  724s
 15905  1134     cutoff   37               -   83.00000      -   254  736s
 16585  1122   83.00000   36   47          -   83.00000      -   250  751s
 17611  1239   83.00000   39   47          -   83.00000      -   245  771s
 18631  1349   82.98717   44  207          -   83.00000      -   240  784s
 19570  1421   83.00000   41   42          -   83.00000      -   236  797s
 20317  1415   82.97176   42  182          -   83.00000      -   234  810s
 21133  1393   83.00000   39   43          -   83.00000      -   231  822s
 21872  1378   83.00000   36   48          -   83.00000      -   229  842s
 22832  1461 infeasible   48               -   83.00000      -   227  857s
 23686  1520   83.00000   42   58          -   83.00000      -   225  871s
 24518  1531   83.00000   46   40          -   83.00000      -   223  887s
 25272  1494     cutoff   47               -   83.00000      -   222  902s
 26198  1548     cutoff   51               -   83.00000      -   220  918s
 27235  1625     cutoff   38               -   83.00000      -   217  933s
 28154  1692   83.00000   43   79          -   83.00000      -   216  948s
 28981  1698     cutoff   48               -   83.00000      -   215  965s
 29905  1758   83.00000   45   68          -   83.00000      -   214  979s
 30590  1712     cutoff   45               -   83.00000      -   214  990s
 31219  1677   83.00000   37   47          -   83.00000      -   214 1003s
 32001  1683 infeasible   39               -   83.00000      -   213 1021s
 32840  1725   83.00000   42   53          -   83.00000      -   211 1039s
 33927  1879   83.00000   44   75          -   83.00000      -   210 1058s
 35084  1974     cutoff   47               -   83.00000      -   209 1073s
 35932  1982     cutoff   54               -   83.00000      -   208 1088s
 36909  2056   82.94118   50  176          -   83.00000      -   207 1104s
 37930  2063   83.00000   38   47          -   83.00000      -   206 1118s
 38819  2063     cutoff   37               -   83.00000      -   206 1134s
 39693  2082   82.90588   41   72          -   83.00000      -   205 1150s
 40581  2052     cutoff   47               -   83.00000      -   205 1164s
 41404  2062   83.00000   46   59          -   83.00000      -   204 1179s
 42200  2061   83.00000   41   57          -   83.00000      -   204 1193s
 42882  1991     cutoff   52               -   83.00000      -   204 1209s
 43768  2019     cutoff   53               -   83.00000      -   203 1225s
 44659  2072   83.00000   61   58          -   83.00000      -   203 1241s
 45630  2139     cutoff   51               -   83.00000      -   202 1257s
 46569  2164   83.00000   44   60          -   83.00000      -   201 1271s
 47346  2156     cutoff   56               -   83.00000      -   201 1287s
 48275  2254   83.00000   40   59          -   83.00000      -   201 1303s
 49319  2389   82.96877   43  174          -   83.00000      -   200 1318s
 50372  2502   82.93391   41  258          -   83.00000      -   199 1333s
 51385  2616   83.00000   51   47          -   83.00000      -   199 1349s
 52480  2729   83.00000   42   78          -   83.00000      -   198 1364s
 53340  2759   82.90588   42   86          -   83.00000      -   197 1380s
 54286  2845   82.93851   50  264          -   83.00000      -   197 1395s
 55222  2933   82.92870   43  294          -   83.00000      -   196 1410s
 56249  3003   83.00000   37   69          -   83.00000      -   195 1425s
 57254  3073   83.00000   53   55          -   83.00000      -   195 1439s
 58185  3120   82.92941   53   79          -   83.00000      -   194 1454s
 58887  3164   82.97725   50  267          -   83.00000      -   195 1468s
 59468  3139     cutoff   39               -   83.00000      -   196 1482s
 60048  3130   82.92859   48  114          -   83.00000      -   196 1496s
 60623  3099   83.00000   44   42          -   83.00000      -   197 1509s
 61285  3084   83.00000   44   38          -   83.00000      -   197 1522s
 61965  3116   83.00000   46   66          -   83.00000      -   197 1537s
 62685  3075 infeasible   45               -   83.00000      -   197 1548s
 63347  3008   83.00000   43   61          -   83.00000      -   197 1555s
 64331  2802   83.00000   47   67          -   83.00000      -   195 1563s
 64839  2699     cutoff   48               -   83.00000      -   194 1565s
 65509  2455     cutoff   49               -   82.97255      -   193 1572s
 65869  2340     cutoff   50               -   82.97054      -   193 1576s
 66370  2093     cutoff   52               -   82.96471      -   192 1580s
 67214  1727     cutoff   50               -   82.95506      -   190 1586s
 67642  1478     cutoff   39               -   82.95294      -   190 1591s
 68415  1104     cutoff   47               -   82.94118      -   188 1595s
 69178   602     cutoff   44               -   82.92903      -   187 1600s

Cutting planes:
  Gomory: 4
  Implied bound: 71
  Flow cover: 368
  Zero half: 230

Explored 69867 nodes (15605811 simplex iterations) in 1603.62 seconds
Thread count was 6 (of 8 available processors)

Model objective exceeds cutoff
Best objective -, best bound -8.290000000000e+01, gap -
