
Gurobi 6.0.5 (linux64) logging started Thu Jun  2 21:24:56 2016

Optimize a model with 9519 rows, 2662 columns and 53695 nonzeros
Coefficient statistics:
  Matrix range    [1e+00, 8e+01]
  Objective range [1e+00, 1e+00]
  Bounds range    [1e+00, 8e+01]
  RHS range       [1e+00, 8e+01]
Presolve removed 1194 rows and 55 columns
Presolve time: 0.06s
Presolved: 8325 rows, 2607 columns, 35967 nonzeros
Variable types: 189 continuous, 2418 integer (2418 binary)
Presolve removed 6 rows and 0 columns
Presolved: 8319 rows, 2607 columns, 35955 nonzeros


Root relaxation: objective 1.109663e+02, 5468 iterations, 0.66 seconds

    Nodes    |    Current Node    |     Objective Bounds      |     Work
 Expl Unexpl |  Obj  Depth IntInf | Incumbent    BestBd   Gap | It/Node Time

     0     0  110.96630    0  745          -  110.96630      -     -    4s
     0     0  109.76583    0  744          -  109.76583      -     -    7s
     0     0  109.76583    0  742          -  109.76583      -     -    8s
     0     2  109.76583    0  742          -  109.76583      -     -   13s
     2     4  105.76908    1  696          -  108.91303      -  6550   16s
     8    12  103.32814    4  693          -  105.90518      -  3671   20s
    30    35  102.64506    7  714          -  104.50372      -  2726   25s
    54    57   97.43654    9  654          -  104.50372      -  2778   30s
    78    66   98.47472   10  683          -  104.50372      -  2611   35s
   118   109   88.17392   13  670          -  104.50372      -  2454   41s
   138   123     cutoff   14               -  104.50372      -  2483   45s
   185   150   99.09375    6  695          -  103.30056      -  2323   52s
   219   183   96.40657    6  612          -  103.30056      -  2312   57s
   258   218   96.09896    7  662          -  103.30056      -  2266   62s
   279   230   93.84845    7  611          -  103.30056      -  2255   65s
   332   263   93.83664    8  609          -  103.30056      -  2186   71s
   395   307   91.60899   10  627          -  103.30056      -  2108   78s
   428   309   90.65200   10  603          -  103.30056      -  2088   82s
   462   334   92.29083   11  674          -  103.30056      -  2067   85s
   498   389   89.44151   11  624          -  103.30056      -  2046   90s
   542   394   91.47219   10  645          -  103.30056      -  2006   95s
   589   460   88.70146   11  623          -  103.30056      -  1970  100s
   634   469   90.67212   12  656          -  103.30056      -  1949  105s
   678   516   88.41026   12  610          -  103.30056      -  1947  111s
   729   577   85.99894   13  581          -  103.30056      -  1934  117s
   829   605   88.20808   12  635          -  103.30056      -  1813  123s
   892   646   85.47215   13  621          -  103.30056      -  1798  130s
   959   730     cutoff   14               -  103.30056      -  1787  136s
  1020   744   86.22680   14  604          -  103.30056      -  1786  143s
  1100   767   83.07869   15  617          -  103.30056      -  1766  150s
  1202   821   83.68362   14  601          -  103.30056      -  1722  158s
  1289   863   83.08723   16  742          -  103.30056      -  1707  161s
  1291   864   91.91913   10  737          -  103.30056      -  1704  166s
  1292   865   84.15029   13  749          -  103.30056      -  1703  182s
  1294   866   83.00000   24  747          -  103.30056      -  1700  189s
  1295   869  103.30056   16  762          -  103.30056      -  15.2  210s
  1296   870  103.30056   16  784          -  103.30056      -  17.6  235s
  1297   870  103.30056   17  757          -  103.30056      -  19.8  254s
  1298   871  103.30056   17  720          -  103.30056      -  21.9  274s
  1299   872  103.30056   18  696          -  103.30056      -  23.6  288s
  1300   872  103.30056   18  733          -  103.30056      -  25.5  295s
  1301   871  103.30056   19  681          -  103.30056      -  28.3  301s
  1302   876  103.30056   19  709          -  103.30056      -  29.9  307s
  1305   877  103.30056   20  685          -  103.30056      -  33.6  318s
  1309   883  103.30056   21  667          -  103.30056      -  40.8  332s
  1317   895  102.73547   22  685          -  103.30056      -  61.4  347s
  1331   897  101.39655   23  694          -  103.30056      -  91.3  361s
  1359   919  100.65370   25  633          -  103.30056      -   148  377s
  1397   931   98.17731   28  629          -  103.30056      -   224  392s
  1442   940   90.73430   32  576          -  103.30056      -   309  411s
  1486   957     cutoff   35               -  103.30056      -   383  428s
  1558   980   94.27100   26  701          -  103.30056      -   454  446s
  1627   975   83.70104   31  609          -  103.30056      -   529  465s
  1721   993  100.10179   21  668          -  103.20951      -   601  485s
  1860  1036   87.38728   31  537          -  102.81944      -   659  509s
  1977  1069     cutoff   33               -  101.66340      -   720  535s
  2103  1094   93.75497   27  628          -  100.90650      -   773  559s
  2211  1095   91.72327   23  632          -  100.82355      -   807  585s
  2340  1155   96.90716   21  677          -  100.59952      -   870  612s
  2446  1147   85.95638   29  583          -  100.20461      -   900  640s
  2636  1209     cutoff   30               -   99.68675      -   941  671s
  2788  1238   85.75196   31  579          -   99.58051      -   989  702s
  2973  1269   91.32277   24  620          -   99.22591      -  1030  734s
  3220  1318   89.44561   26  631          -   98.66589      -  1053  769s
  3456  1336   85.40406   27  562          -   98.16995      -  1083  807s
  3602  1343   85.27637   31  555          -   97.94841      -  1101  846s
  3869  1355   93.06942   22  634          -   97.43219      -  1129  887s
  4169  1489     cutoff   33               -   97.14669      -  1152  932s
  4435  1618   85.05579   27  620          -   96.70927      -  1155  978s
  4735  1729   92.42078   24  551          -   96.39981      -  1181 1026s
  5095  1862   86.81142   23  632          -   95.99332      -  1196 1077s
  5462  1969     cutoff   31               -   95.68745      -  1214 1130s
  5904  2133   86.35496   28  606          -   95.39650      -  1219 1191s
  6146  2166   84.08003   31  511          -   95.12597      -  1228 1253s
  6595  2276   90.19113   24  630          -   94.66604      -  1242 1318s
  7105  2400     cutoff   32               -   94.44958      -  1248 1387s
  7659  2537   82.92902   29  606          -   93.97282      -  1254 1463s
  8182  2650     cutoff   29               -   93.66000      -  1250 1539s
  8835  2804 infeasible   31               -   93.25252      -  1252 1621s
  9512  2946     cutoff   30               -   92.94021      -  1252 1706s
 10307  3145     cutoff   29               -   92.54911      -  1247 1802s
 10867  3215   88.04430   27  621          -   92.27150      -  1241 1900s
 11617  3295     cutoff   26               -   91.86548      -  1249 2005s
 12448  3393     cutoff   30               -   91.45569      -  1251 2105s
 13297  3470   83.97543   30  512          -   91.09919      -  1250 2203s
 14093  3505   85.87239   26  557          -   90.75380      -  1253 2297s
 14968  3559   83.94014   30  556          -   90.46827      -  1250 2395s
 15640  3601   85.61305   28  546          -   90.23236      -  1244 2488s
 16468  3602   83.98685   33  571          -   89.94841      -  1242 2577s
 17305  3620   83.55787   29  616          -   89.68369      -  1239 2662s
 18164  3597     cutoff   30               -   89.24225      -  1232 2743s
 18962  3572   85.27342   28  570          -   89.00239      -  1227 2828s
 19659  3527   85.33199   26  576          -   88.87629      -  1227 2908s
 20454  3504   85.16038   25  587          -   88.61639      -  1219 2983s
 21152  3448   86.95037   28  603          -   88.34838      -  1216 3055s
 21794  3366   86.48412   28  572          -   88.13576      -  1215 3129s
 22494  3314   83.78878   26  573          -   87.90214      -  1213 3193s
 23056  3230   83.64394   28  524          -   87.71057      -  1211 3269s
 23652  3141   82.94376   29  634          -   87.51571      -  1208 3323s
 24239  3080   83.53171   29  569          -   87.36256      -  1202 3379s
 24802  3025     cutoff   33               -   87.19038      -  1198 3442s
 25326  2946     cutoff   30               -   87.03580      -  1195 3493s
 25810  2847     cutoff   25               -   86.85366      -  1194 3540s
 26288  2733     cutoff   28               -   86.70439      -  1192 3583s
 26689  2630     cutoff   30               -   86.55708      -  1192 3627s
 27199  2559   83.78932   27  550          -   86.41020      -  1187 3669s
 27605  2447   85.12941   30  512          -   86.25755      -  1186 3710s
 27988  2328   84.45387   28  609          -   86.10459      -  1184 3745s
 28318  2212   83.58687   27  506          -   85.94818      -  1183 3780s
 28670  2088     cutoff   31               -   85.82067      -  1182 3812s
 28963  1967     cutoff   28               -   85.68216      -  1182 3848s
 29304  1872     cutoff   29               -   85.52565      -  1179 3877s
 29622  1754     cutoff   31               -   85.36467      -  1177 3908s
 29942  1668     cutoff   31               -   85.19426      -  1174 3936s
 30240  1564     cutoff   31               -   85.03953      -  1171 3954s
 30583  1483   83.11056   28  625          -   84.89459      -  1165 3973s
 30803  1360     cutoff   29               -   84.75210      -  1163 3990s
 31082  1272     cutoff   31               -   84.59565      -  1158 4005s
 31315  1158   83.74826   30  598          -   84.42753      -  1155 4018s
 31546  1033     cutoff   32               -   84.21343      -  1151 4034s
 31930   992     cutoff   33               -   84.02685      -  1141 4047s
 32177   907     cutoff   28               -   83.83826      -  1136 4056s
 32352   783     cutoff   29               -   83.63607      -  1132 4062s
 32553   684     cutoff   35               -   83.41974      -  1127 4072s
 32861   626     cutoff   36               -   83.27837      -  1118 4081s
 33317   646     cutoff   57               -   83.00000      -  1105 4103s
 34930  1153     cutoff   52               -   83.00000      -  1060 4119s
 35897  1242   83.00000   52   50          -   83.00000      -  1035 4129s
 36795  1327   83.00000   60   49          -   83.00000      -  1013 4140s
 37517  1313     cutoff   61               -   83.00000      -   996 4159s
 38589  1491   83.00000   73   36          -   83.00000      -   972 4176s
 40017  1858     cutoff   65               -   83.00000      -   942 4194s
 41094  2033     cutoff   66               -   83.00000      -   920 4205s
 42286  2257   83.00000   63   34          -   83.00000      -   897 4219s
 43413  2415   83.00000   66   35          -   83.00000      -   877 4229s
 44191  2420     cutoff   67               -   83.00000      -   863 4243s
 45195  2567   83.00000   66   57          -   83.00000      -   847 4259s
 46470  2838   83.00000   48   59          -   83.00000      -   827 4274s
 47431  2918   83.00000   48   49          -   83.00000      -   813 4288s
 48514  3076     cutoff   49               -   83.00000      -   797 4312s
 49909  3351   82.90504   65   61          -   83.00000      -   778 4326s
 51023  3556     cutoff   49               -   83.00000      -   764 4340s
 51956  3607     cutoff   43               -   83.00000      -   753 4353s
 52828  3644     cutoff   61               -   83.00000      -   743 4365s
 53644  3635     cutoff   58               -   83.00000      -   734 4378s
 54604  3647     cutoff   57               -   83.00000      -   723 4391s
 55316  3624     cutoff   62               -   83.00000      -   715 4402s
 56107  3651   83.00000   55   60          -   83.00000      -   707 4414s
 56964  3659     cutoff   48               -   83.00000      -   698 4426s
 57993  3762     cutoff   55               -   83.00000      -   688 4443s
 59081  3901   83.00000   53   71          -   83.00000      -   678 4453s
 59996  4050   83.00000   63   58          -   83.00000      -   669 4462s
 60669  3953   82.99446   68  126          -   83.00000      -   663 4475s
 61531  3954     cutoff   65               -   83.00000      -   656 4485s
 62455  3965     cutoff   50               -   83.00000      -   647 4492s
 63175  3915     cutoff   67               -   83.00000      -   641 4509s
 64144  3979     cutoff   54               -   83.00000      -   634 4519s
 64828  3968   82.96471   67   57          -   83.00000      -   629 4532s
 65803  4021     cutoff   68               -   83.00000      -   621 4547s
 66745  4045     cutoff   43               -   83.00000      -   615 4563s
 67719  4127   83.00000   44   58          -   83.00000      -   608 4579s
 68797  4226   83.00000   45   61          -   83.00000      -   600 4593s
 69875  4304   83.00000   46   43          -   83.00000      -   593 4609s
 70969  4408     cutoff   47               -   83.00000      -   586 4627s
 72239  4561   83.00000   44   42          -   83.00000      -   578 4644s
 73219  4650     cutoff   45               -   83.00000      -   572 4662s
 74405  4826     cutoff   63               -   83.00000      -   565 4678s
 75657  5000     cutoff   49               -   83.00000      -   558 4695s
 76793  5163     cutoff   53               -   83.00000      -   552 4708s
 77747  5276 infeasible   61               -   83.00000      -   547 4724s
 78872  5444   83.00000   45   62          -   83.00000      -   541 4745s
 80451  5778   82.95874   63  162          -   83.00000      -   533 4760s
 81574  5878   82.95294   48  113          -   83.00000      -   527 4775s
 82477  5911     cutoff   53               -   83.00000      -   523 4786s
 83254  5911 infeasible   67               -   83.00000      -   519 4797s
 83937  5862   83.00000   61   67          -   83.00000      -   516 4808s
 84788  5906   83.00000   44   54          -   83.00000      -   512 4823s
 85700  5990   83.00000   45   53          -   83.00000      -   508 4840s
 86639  6091     cutoff   54               -   83.00000      -   505 4852s
 87428  6149     cutoff   54               -   83.00000      -   501 4861s
 87949  6099     cutoff   58               -   83.00000      -   499 4875s
 88630  6082   83.00000   59   62          -   83.00000      -   497 4888s
 89613  6125     cutoff   49               -   83.00000      -   493 4900s
 90561  6207 infeasible   61               -   83.00000      -   489 4918s
 91775  6323   83.00000   47   51          -   83.00000      -   484 4932s
 93249  6528   82.94118   48   70          -   83.00000      -   478 4945s
 94429  6640     cutoff   62               -   83.00000      -   473 4957s
 95667  6735   82.92941   64   56          -   83.00000      -   469 4965s
 96563  6737     cutoff   63               -   83.00000      -   465 4976s
 97592  6768     cutoff   60               -   83.00000      -   462 4986s
 98477  6759     cutoff   60               -   83.00000      -   459 4996s
 99383  6785     cutoff   61               -   83.00000      -   455 5004s
 100245  6783     cutoff   67               -   83.00000      -   452 5011s
 100989  6744     cutoff   59               -   83.00000      -   450 5019s
 101870  6742   82.90588   58   65          -   83.00000      -   447 5031s
 102853  6806     cutoff   60               -   83.00000      -   444 5042s
 103883  6875   83.00000   63   49          -   83.00000      -   440 5048s
 104420  6779   83.00000   59   49          -   83.00000      -   439 5058s
 105367  6833   83.00000   59   49          -   83.00000      -   436 5074s
 106388  6893   82.92857   61   59          -   83.00000      -   433 5088s
 107460  6992   83.00000   52   56          -   83.00000      -   430 5102s
 108324  7043     cutoff   57               -   83.00000      -   428 5113s
 109047  6975     cutoff   63               -   83.00000      -   426 5123s
 109727  6942   83.00000   55   57          -   83.00000      -   424 5135s
 110446  6919   83.00000   43   65          -   83.00000      -   422 5149s
 111453  7017     cutoff   53               -   83.00000      -   419 5166s
 112530  7154 infeasible   64               -   83.00000      -   417 5183s
 113674  7301     cutoff   54               -   83.00000      -   414 5197s
 114546  7325   83.00000   51   51          -   83.00000      -   412 5210s
 115368  7301   83.00000   55   52          -   83.00000      -   410 5224s
 116366  7353     cutoff   57               -   83.00000      -   408 5238s
 117450  7470   83.00000   52   60          -   83.00000      -   405 5254s
 118718  7601   83.00000   50   58          -   83.00000      -   402 5267s
 119760  7664   83.00000   59   57          -   83.00000      -   400 5279s
 120714  7680     cutoff   53               -   83.00000      -   398 5292s
 121670  7727   83.00000   51   48          -   83.00000      -   395 5304s
 122629  7792   83.00000   61   48          -   83.00000      -   393 5317s
 123520  7809     cutoff   73               -   83.00000      -   392 5332s
 124518  7853     cutoff   50               -   83.00000      -   390 5347s
 125502  7901   83.00000   56   62          -   83.00000      -   388 5363s
 126553  7938     cutoff   59               -   83.00000      -   386 5377s
 127493  7949     cutoff   62               -   83.00000      -   384 5387s
 128070  7893     cutoff   59               -   83.00000      -   383 5402s
 128973  7937   83.00000   41   59          -   83.00000      -   381 5414s
 129967  7999   83.00000   43   51          -   83.00000      -   379 5427s
 130908  8064   83.00000   44   54          -   83.00000      -   377 5439s
 131930  8137     cutoff   62               -   83.00000      -   375 5448s
 132757  8126   82.98314   50  207          -   83.00000      -   374 5458s
 133509  8096     cutoff   51               -   83.00000      -   372 5469s
 134326  8070   83.00000   52   61          -   83.00000      -   371 5480s
 135164  8094     cutoff   56               -   83.00000      -   369 5492s
 136030  8154   82.91765   53  127          -   83.00000      -   368 5504s
 136908  8192   83.00000   44   52          -   83.00000      -   366 5521s
 138035  8282     cutoff   60               -   83.00000      -   364 5533s
 139014  8324     cutoff   60               -   83.00000      -   363 5548s
 139994  8361     cutoff   46               -   83.00000      -   361 5559s
 140667  8318 infeasible   50               -   83.00000      -   360 5572s
 141566  8362   83.00000   50   45          -   83.00000      -   359 5586s
 142501  8432     cutoff   65               -   83.00000      -   357 5603s
 143672  8571     cutoff   56               -   83.00000      -   355 5617s
 144741  8678     cutoff   55               -   83.00000      -   354 5632s
 145793  8787     cutoff   72               -   83.00000      -   352 5652s
 147000  8900   83.00000   58   76          -   83.00000      -   350 5668s
 148191  9047   83.00000   44   54          -   83.00000      -   349 5682s
 149145  9055     cutoff   45               -   83.00000      -   347 5699s
 150253  9093     cutoff   52               -   83.00000      -   346 5714s
 151303  9172   83.00000   48   58          -   83.00000      -   345 5729s
 152239  9209 infeasible   51               -   83.00000      -   343 5743s
 153177  9257   83.00000   64   56          -   83.00000      -   342 5759s
 154272  9356   82.97059   52   91          -   83.00000      -   341 5776s
 155569  9521   83.00000   56   47          -   83.00000      -   339 5789s
 156514  9552   83.00000   55   56          -   83.00000      -   338 5804s
 157437  9607   83.00000   59   55          -   83.00000      -   337 5821s
 158563  9726   82.97647   48  139          -   83.00000      -   335 5838s
 159601  9834   83.00000   44   54          -   83.00000      -   334 5857s
 160697  9924     cutoff   46               -   83.00000      -   333 5872s
 161467  9916     cutoff   50               -   83.00000      -   333 5886s
 162186  9881   83.00000   54   53          -   83.00000      -   332 5899s
 162929  9852     cutoff   53               -   83.00000      -   331 5913s
 163577  9820   83.00000   67   53          -   83.00000      -   331 5930s
 164741  9941     cutoff   65               -   83.00000      -   330 5945s
 165735 10003   82.99623   52  205          -   83.00000      -   329 5959s
 166637 10044   83.00000   47   51          -   83.00000      -   328 5976s
 167704 10075   83.00000   54   59          -   83.00000      -   326 5991s
 168656 10108     cutoff   72               -   83.00000      -   325 6006s
 169632 10107     cutoff   60               -   83.00000      -   325 6018s
 170246 10036     cutoff   54               -   83.00000      -   324 6033s
 171130 10052   83.00000   65   53          -   83.00000      -   323 6047s
 171874 10032     cutoff   66               -   83.00000      -   323 6063s
 172826 10121     cutoff   49               -   83.00000      -   322 6077s
 173676 10156   83.00000   64   58          -   83.00000      -   321 6091s
 174632 10246   83.00000   47   69          -   83.00000      -   320 6109s
 175681 10334   83.00000   65   48          -   83.00000      -   319 6121s
 176629 10417   83.00000   66   67          -   83.00000      -   318 6133s
 177467 10440   83.00000   60   60          -   83.00000      -   317 6144s
 178294 10442     cutoff   43               -   83.00000      -   316 6157s
 179318 10511   83.00000   60   47          -   83.00000      -   315 6170s
 180149 10528   83.00000   61   44          -   83.00000      -   314 6181s
 181039 10512     cutoff   55               -   83.00000      -   313 6197s
 182012 10585     cutoff   53               -   83.00000      -   312 6209s
 182942 10628     cutoff   57               -   83.00000      -   311 6223s
 183927 10659   83.00000   48   46          -   83.00000      -   310 6240s
 185058 10756     cutoff   49               -   83.00000      -   309 6251s
 186024 10791     cutoff   65               -   83.00000      -   308 6260s
 186704 10772     cutoff   60               -   83.00000      -   308 6272s
 187695 10807     cutoff   70               -   83.00000      -   307 6284s
 188497 10809   83.00000   43   50          -   83.00000      -   306 6296s
 189277 10809     cutoff   46               -   83.00000      -   305 6308s
 190187 10819     cutoff   67               -   83.00000      -   305 6323s
 191125 10849     cutoff   52               -   83.00000      -   304 6337s
 192165 10898   83.00000   51   44          -   83.00000      -   303 6352s
 193204 10921   83.00000   50   73          -   83.00000      -   302 6364s
 194056 10908 infeasible   58               -   83.00000      -   301 6377s
 194957 10916   83.00000   48   54          -   83.00000      -   301 6390s
 195907 10889   83.00000   46   52          -   83.00000      -   300 6405s
 196994 10949   83.00000   47   69          -   83.00000      -   299 6418s
 197973 11001   83.00000   58   54          -   83.00000      -   298 6430s
 198863 11011   82.92941   59   71          -   83.00000      -   297 6440s
 199707 10990   83.00000   48   36          -   83.00000      -   297 6452s
 200551 10970   83.00000   63   52          -   83.00000      -   296 6461s
 201247 10933   83.00000   62   47          -   83.00000      -   295 6475s
 202179 11000   83.00000   63   43          -   83.00000      -   295 6491s
 203202 11022     cutoff   61               -   83.00000      -   294 6503s
 204033 11001     cutoff   49               -   83.00000      -   293 6518s
 205007 11054     cutoff   49               -   83.00000      -   293 6534s
 205846 11086   83.00000   60   61          -   83.00000      -   292 6551s
 206670 11093     cutoff   55               -   83.00000      -   292 6569s
 207494 11100     cutoff   63               -   83.00000      -   291 6587s
 208104 11035     cutoff   48               -   83.00000      -   291 6604s
 209044 11065 infeasible   60               -   83.00000      -   291 6617s
 209893 11082 infeasible   53               -   83.00000      -   290 6631s
 210862 11089   83.00000   64   49          -   83.00000      -   290 6645s
 211820 11110   83.00000   44   72          -   83.00000      -   289 6657s
 212682 11121   83.00000   48   59          -   83.00000      -   288 6668s
 213585 11118   83.00000   49   46          -   83.00000      -   288 6681s
 214643 11149   83.00000   49   57          -   83.00000      -   287 6694s
 215797 11204   83.00000   51   49          -   83.00000      -   286 6706s
 216856 11234     cutoff   66               -   83.00000      -   285 6717s
 217815 11257     cutoff   58               -   83.00000      -   284 6729s
 218916 11374   83.00000   53   56          -   83.00000      -   284 6741s
 219793 11385     cutoff   54               -   83.00000      -   283 6753s
 220785 11424     cutoff   65               -   83.00000      -   282 6765s
 221793 11465   83.00000   49   45          -   83.00000      -   282 6777s
 222627 11450     cutoff   54               -   83.00000      -   281 6792s
 223729 11549   83.00000   46   51          -   83.00000      -   280 6805s
 224783 11631   83.00000   48   53          -   83.00000      -   280 6819s
 225777 11671     cutoff   51               -   83.00000      -   279 6834s
 226726 11702   83.00000   46   57          -   83.00000      -   279 6847s
 227510 11679     cutoff   48               -   83.00000      -   278 6862s
 228319 11671   83.00000   50   57          -   83.00000      -   278 6873s
 229156 11648   83.00000   52   49          -   83.00000      -   277 6887s
 230070 11690     cutoff   55               -   83.00000      -   277 6900s
 230780 11670   83.00000   51   42          -   83.00000      -   276 6917s
 231725 11727     cutoff   56               -   83.00000      -   276 6935s
 232730 11740   83.00000   55   44          -   83.00000      -   275 6952s
 233537 11702     cutoff   56               -   83.00000      -   275 6968s
 234340 11703     cutoff   61               -   83.00000      -   275 6984s
 235188 11719     cutoff   59               -   83.00000      -   274 7001s
 236219 11788     cutoff   57               -   83.00000      -   274 7015s
 237073 11786   82.97647   62  105          -   83.00000      -   273 7029s
 238020 11836     cutoff   50               -   83.00000      -   273 7044s
 239049 11885     cutoff   51               -   83.00000      -   272 7054s
 239801 11860 infeasible   54               -   83.00000      -   272 7069s
 240830 11895     cutoff   61               -   83.00000      -   271 7081s
 241686 11904     cutoff   61               -   83.00000      -   271 7093s
 242737 11962     cutoff   59               -   83.00000      -   270 7103s
 243497 11928   82.94118   61   67          -   83.00000      -   270 7115s
 244451 11928     cutoff   47               -   83.00000      -   269 7126s
 245330 11935     cutoff   69               -   83.00000      -   269 7141s
 246464 12030   82.94118   66   71          -   83.00000      -   268 7152s
 247366 12058     cutoff   67               -   83.00000      -   268 7164s
 248210 12037     cutoff   51               -   83.00000      -   267 7175s
 249028 12032   83.00000   53   80          -   83.00000      -   267 7186s
 249992 12044 infeasible   58               -   83.00000      -   266 7197s
 250868 12066 infeasible   55               -   83.00000      -   266 7209s
 251659 12059     cutoff   54               -   83.00000      -   265 7220s
 252447 12038 infeasible   56               -   83.00000      -   265 7231s
 253252 12034   83.00000   42   75          -   83.00000      -   264 7244s
 254216 12086     cutoff   46               -   83.00000      -   264 7259s
 255354 12161     cutoff   56               -   83.00000      -   263 7271s
 256196 12132   82.90588   51   67          -   83.00000      -   263 7284s
 257214 12190     cutoff   55               -   83.00000      -   262 7297s
 258152 12223     cutoff   53               -   83.00000      -   262 7306s
 258901 12169   83.00000   57   47          -   83.00000      -   262 7318s
 259630 12125     cutoff   49               -   83.00000      -   261 7332s
 260625 12163     cutoff   65               -   83.00000      -   261 7346s
 261612 12218   83.00000   68   54          -   83.00000      -   260 7360s
 262508 12267   83.00000   56   78          -   83.00000      -   260 7375s
 263376 12227     cutoff   51               -   83.00000      -   260 7389s
 264228 12236     cutoff   58               -   83.00000      -   259 7405s
 265112 12235   83.00000   49   43          -   83.00000      -   259 7418s
 265902 12230   83.00000   56   53          -   83.00000      -   259 7434s
 266982 12312     cutoff   65               -   83.00000      -   258 7449s
 267987 12337   83.00000   49   70          -   83.00000      -   258 7465s
 268910 12371   83.00000   54   65          -   83.00000      -   257 7481s
 269832 12384     cutoff   59               -   83.00000      -   257 7495s
 270682 12344   83.00000   58   58          -   83.00000      -   257 7509s
 271525 12319   83.00000   62   58          -   83.00000      -   256 7523s
 272553 12389     cutoff   55               -   83.00000      -   256 7537s
 273515 12507 infeasible   62               -   83.00000      -   256 7552s
 274521 12558     cutoff   60               -   83.00000      -   255 7564s
 275176 12510 infeasible   64               -   83.00000      -   255 7576s
 275929 12487 infeasible   65               -   83.00000      -   255 7587s
 276642 12474     cutoff   64               -   83.00000      -   255 7602s
 277560 12536     cutoff   53               -   83.00000      -   254 7617s
 278502 12609     cutoff   56               -   83.00000      -   254 7631s
 279401 12683   82.96471   54   95          -   83.00000      -   254 7647s
 280296 12677     cutoff   54               -   83.00000      -   253 7661s
 281099 12654   83.00000   51   66          -   83.00000      -   253 7675s
 281906 12632   82.90568   53  442          -   83.00000      -   253 7689s
 282855 12656     cutoff   54               -   83.00000      -   253 7702s
 283843 12756   83.00000   57   54          -   83.00000      -   252 7717s
 284846 12845   82.91765   59  146          -   83.00000      -   252 7732s
 285777 12890   82.92941   62   92          -   83.00000      -   252 7746s
 286441 12847   82.95758   51  311          -   83.00000      -   251 7760s
 287243 12839 infeasible   64               -   83.00000      -   251 7773s
 288213 12916     cutoff   50               -   83.00000      -   251 7788s
 289271 12978   83.00000   48   65          -   83.00000      -   250 7802s
 290265 13015   83.00000   48   76          -   83.00000      -   250 7814s
 291205 13060     cutoff   46               -   83.00000      -   250 7828s
 292143 13107   83.00000   57   84          -   83.00000      -   249 7841s
 293105 13162     cutoff   47               -   83.00000      -   249 7855s
 293922 13186     cutoff   46               -   83.00000      -   249 7870s
 294830 13267   83.00000   45   66          -   83.00000      -   248 7883s
 295785 13304   83.00000   57   61          -   83.00000      -   248 7897s
 296558 13271   83.00000   47   61          -   83.00000      -   248 7910s
 297447 13282     cutoff   56               -   83.00000      -   247 7923s
 298267 13255     cutoff   46               -   83.00000      -   247 7933s
 299010 13205 infeasible   60               -   83.00000      -   247 7946s
 299911 13242 infeasible   64               -   83.00000      -   247 7960s
 300890 13294   83.00000   42   64          -   83.00000      -   246 7973s
 301802 13314     cutoff   53               -   83.00000      -   246 7985s
 302491 13272   83.00000   55   78          -   83.00000      -   246 7996s
 303254 13248 infeasible   58               -   83.00000      -   245 8008s
 303930 13192     cutoff   63               -   83.00000      -   245 8022s
 304799 13216     cutoff   54               -   83.00000      -   245 8036s
 305693 13316     cutoff   66               -   83.00000      -   245 8052s
 306663 13380   83.00000   56   80          -   83.00000      -   244 8067s
 307793 13454   83.00000   51   51          -   83.00000      -   244 8079s
 308774 13505   82.92941   52   71          -   83.00000      -   244 8090s
 309583 13471   83.00000   51   45          -   83.00000      -   243 8102s
 310628 13499     cutoff   52               -   83.00000      -   243 8115s
 311553 13524   83.00000   52   47          -   83.00000      -   243 8126s
 312441 13522     cutoff   53               -   83.00000      -   242 8140s
 313463 13565     cutoff   52               -   83.00000      -   242 8152s
 314226 13554   83.00000   54   42          -   83.00000      -   242 8165s
 315111 13562     cutoff   61               -   83.00000      -   241 8176s
 315953 13544     cutoff   60               -   83.00000      -   241 8188s
 316764 13514   83.00000   54   62          -   83.00000      -   241 8198s
 317510 13496 infeasible   58               -   83.00000      -   241 8210s
 318470 13557   83.00000   52   72          -   83.00000      -   240 8225s
 319421 13684   83.00000   62   62          -   83.00000      -   240 8240s
 320394 13766   83.00000   47   80          -   83.00000      -   240 8253s
 321237 13795   83.00000   52   59          -   83.00000      -   239 8265s
 322004 13789     cutoff   56               -   83.00000      -   239 8277s
 322721 13767     cutoff   57               -   83.00000      -   239 8289s
 323575 13781   83.00000   55   79          -   83.00000      -   239 8301s
 324417 13790   83.00000   57   69          -   83.00000      -   239 8316s
 325346 13801 infeasible   49               -   83.00000      -   238 8328s
 326180 13806   83.00000   54   85          -   83.00000      -   238 8340s
 327040 13789   83.00000   55   72          -   83.00000      -   238 8353s
 327877 13805   83.00000   56   78          -   83.00000      -   238 8365s
 328673 13806   82.98118   53  131          -   83.00000      -   237 8378s
 329565 13874     cutoff   51               -   83.00000      -   237 8393s
 330565 13975 infeasible   57               -   83.00000      -   237 8406s
 331400 14002     cutoff   51               -   83.00000      -   237 8418s
 332191 14040     cutoff   60               -   83.00000      -   237 8433s
 332967 14102   83.00000   56   62          -   83.00000      -   236 8446s
 333714 14135 infeasible   50               -   83.00000      -   236 8459s
 334353 14125 infeasible   58               -   83.00000      -   236 8473s
 335005 14084 infeasible   62               -   83.00000      -   236 8485s
 335590 14059 infeasible   60               -   83.00000      -   236 8499s
 336349 14061 infeasible   63               -   83.00000      -   236 8512s
 337089 14063   83.00000   49   74          -   83.00000      -   236 8526s
 337842 14065   83.00000   54   74          -   83.00000      -   236 8538s
 338513 14033   83.00000   52   85          -   83.00000      -   236 8550s
 339205 14051     cutoff   61               -   83.00000      -   236 8564s
 339929 14083 infeasible   57               -   83.00000      -   236 8578s
 340576 14100 infeasible   58               -   83.00000      -   236 8592s
 341309 14093   83.00000   51   83          -   83.00000      -   236 8603s
 341918 14079 infeasible   59               -   83.00000      -   236 8616s
 342608 14037     cutoff   60               -   83.00000      -   235 8626s
 343210 13982   83.00000   58   56          -   83.00000      -   235 8640s
 344117 13995     cutoff   50               -   83.00000      -   235 8654s
 344884 14036     cutoff   66               -   83.00000      -   235 8668s
 345733 14112   83.00000   58   45          -   83.00000      -   235 8682s
 346420 14139   83.00000   57   66          -   83.00000      -   235 8695s
 347152 14157 infeasible   50               -   83.00000      -   235 8710s
 347767 14152 infeasible   57               -   83.00000      -   235 8724s
 348434 14157   83.00000   55   50          -   83.00000      -   235 8738s
 349245 14233   83.00000   52   81          -   83.00000      -   235 8750s
 349983 14261 infeasible   54               -   83.00000      -   234 8764s
 350709 14301     cutoff   61               -   83.00000      -   234 8777s
 351387 14281 infeasible   65               -   83.00000      -   234 8791s
 352080 14285   83.00000   62   65          -   83.00000      -   234 8804s
 352632 14227 infeasible   64               -   83.00000      -   234 8817s
 353346 14197     cutoff   61               -   83.00000      -   234 8830s
 354105 14202 infeasible   55               -   83.00000      -   234 8843s
 354733 14191     cutoff   64               -   83.00000      -   234 8857s
 355602 14209     cutoff   63               -   83.00000      -   234 8869s
 356385 14197     cutoff   54               -   83.00000      -   234 8881s
 357081 14188   83.00000   56   70          -   83.00000      -   233 8894s
 357897 14239   83.00000   53   46          -   83.00000      -   233 8909s
 358680 14295   83.00000   50   71          -   83.00000      -   233 8922s
 359493 14350   83.00000   56   45          -   83.00000      -   233 8936s
 360254 14338     cutoff   51               -   83.00000      -   233 8947s
 360965 14350 infeasible   59               -   83.00000      -   233 8961s
 361804 14385     cutoff   60               -   83.00000      -   233 8974s
 362544 14394 infeasible   63               -   83.00000      -   232 8987s
 363321 14390   83.00000   64   65          -   83.00000      -   232 8998s
 364000 14375   83.00000   63   61          -   83.00000      -   232 9011s
 364745 14342     cutoff   47               -   83.00000      -   232 9024s
 365431 14330   83.00000   49   56          -   83.00000      -   232 9037s
 366278 14360     cutoff   51               -   83.00000      -   232 9051s
 366973 14326     cutoff   52               -   83.00000      -   232 9065s
 367834 14353     cutoff   58               -   83.00000      -   232 9078s
 368647 14325   83.00000   52   56          -   83.00000      -   231 9090s
 369374 14307     cutoff   55               -   83.00000      -   231 9103s
 370363 14328   83.00000   52   85          -   83.00000      -   231 9117s
 371464 14403     cutoff   51               -   83.00000      -   231 9128s
 372409 14400   82.94048   53   91          -   83.00000      -   231 9141s
 373618 14514   83.00000   52   56          -   83.00000      -   230 9151s
 374497 14538     cutoff   55               -   83.00000      -   230 9161s
 375467 14568   83.00000   51   60          -   83.00000      -   230 9170s
 376343 14578     cutoff   56               -   83.00000      -   229 9179s
 377165 14560 infeasible   57               -   83.00000      -   229 9188s
 378031 14560   83.00000   56   58          -   83.00000      -   229 9196s
 378848 14563     cutoff   61               -   83.00000      -   229 9207s
 379638 14566     cutoff   66               -   83.00000      -   228 9214s
 380205 14501     cutoff   61               -   83.00000      -   228 9220s
 380775 14421   83.00000   59   77          -   83.00000      -   228 9229s
 381479 14374     cutoff   50               -   83.00000      -   228 9242s
 382515 14452     cutoff   52               -   83.00000      -   228 9255s
 383498 14528     cutoff   54               -   83.00000      -   228 9268s
 384401 14585 infeasible   59               -   83.00000      -   227 9280s
 385236 14590   83.00000   61   72          -   83.00000      -   227 9292s
 386050 14581   83.00000   61   65          -   83.00000      -   227 9302s
 386776 14534   83.00000   55   45          -   83.00000      -   227 9315s
 387451 14489     cutoff   53               -   83.00000      -   227 9327s
 388264 14480     cutoff   58               -   83.00000      -   227 9339s
 389204 14532     cutoff   64               -   83.00000      -   226 9352s
 390033 14581   83.00000   52   77          -   83.00000      -   226 9365s
 390875 14615   83.00000   69   54          -   83.00000      -   226 9378s
 391655 14611     cutoff   62               -   83.00000      -   226 9391s
 392535 14616 infeasible   61               -   83.00000      -   226 9403s
 393234 14597 infeasible   62               -   83.00000      -   226 9416s
 393932 14563   83.00000   56   75          -   83.00000      -   226 9427s
 394813 14592 infeasible   48               -   83.00000      -   226 9438s
 395552 14597     cutoff   52               -   83.00000      -   226 9448s
 396315 14607     cutoff   58               -   83.00000      -   225 9460s
 397075 14610 infeasible   67               -   83.00000      -   225 9472s
 397704 14565 infeasible   61               -   83.00000      -   225 9483s
 398546 14557   83.00000   47   47          -   83.00000      -   225 9495s
 399327 14540     cutoff   48               -   83.00000      -   225 9505s
 400097 14532   83.00000   61   84          -   83.00000      -   225 9517s
 400907 14537     cutoff   51               -   83.00000      -   224 9530s
 401699 14540   83.00000   49   78          -   83.00000      -   224 9541s
 402438 14548   83.00000   53   66          -   83.00000      -   224 9554s
 403305 14565   83.00000   67   67          -   83.00000      -   224 9566s
 404115 14579     cutoff   56               -   83.00000      -   224 9579s
 404932 14616   83.00000   54   81          -   83.00000      -   224 9592s
 405741 14661 infeasible   62               -   83.00000      -   224 9603s
 406462 14641     cutoff   58               -   83.00000      -   224 9615s
 407069 14612 infeasible   68               -   83.00000      -   224 9627s
 407751 14610 infeasible   68               -   83.00000      -   224 9641s
 408670 14688     cutoff   49               -   83.00000      -   223 9655s
 409595 14773   83.00000   57   74          -   83.00000      -   223 9670s
 410613 14831   83.00000   46   43          -   83.00000      -   223 9682s
 411640 14874   83.00000   47   46          -   83.00000      -   223 9694s
 412389 14828   83.00000   50   50          -   83.00000      -   223 9703s
 413198 14806     cutoff   53               -   83.00000      -   222 9714s
 414229 14864   83.00000   53   53          -   83.00000      -   222 9727s
 415213 14900     cutoff   54               -   83.00000      -   222 9738s
 416089 14926   83.00000   51   48          -   83.00000      -   222 9750s
 416964 14941     cutoff   52               -   83.00000      -   221 9759s
 417691 14911   83.00000   55   48          -   83.00000      -   221 9767s
 418333 14837   83.00000   50   52          -   83.00000      -   221 9779s
 419300 14855   83.00000   51   47          -   83.00000      -   221 9790s
 420123 14846   83.00000   52   44          -   83.00000      -   221 9801s
 420985 14844     cutoff   55               -   83.00000      -   221 9812s
 421932 14866   83.00000   60   70          -   83.00000      -   220 9824s
 422768 14889     cutoff   50               -   83.00000      -   220 9837s
 423729 14950   83.00000   54   87          -   83.00000      -   220 9850s
 424603 14969     cutoff   48               -   83.00000      -   220 9864s
 425471 14998   83.00000   53   53          -   83.00000      -   220 9877s
 426345 15039   83.00000   50   66          -   83.00000      -   220 9890s
 427138 15056     cutoff   53               -   83.00000      -   219 9902s
 427885 15041     cutoff   50               -   83.00000      -   219 9914s
 428682 15053 infeasible   55               -   83.00000      -   219 9927s
 429664 15105   83.00000   51   85          -   83.00000      -   219 9940s
 430557 15142     cutoff   52               -   83.00000      -   219 9954s
 431466 15173     cutoff   61               -   83.00000      -   219 9967s
 432337 15194   83.00000   46   73          -   83.00000      -   218 9979s
 433087 15187   83.00000   47   64          -   83.00000      -   218 9992s
 433989 15230     cutoff   49               -   83.00000      -   218 10004s
 434840 15224     cutoff   64               -   83.00000      -   218 10017s
 435566 15186     cutoff   58               -   83.00000      -   218 10027s
 436279 15139     cutoff   48               -   83.00000      -   218 10038s
 437062 15128   83.00000   62   50          -   83.00000      -   218 10050s
 437905 15179   83.00000   63   46          -   83.00000      -   218 10063s
 438693 15286   83.00000   57   83          -   83.00000      -   217 10076s
 439522 15371   83.00000   50  109          -   83.00000      -   217 10089s
 440381 15400 infeasible   57               -   83.00000      -   217 10102s
 441324 15434   83.00000   56   68          -   83.00000      -   217 10114s
 442173 15458     cutoff   62               -   83.00000      -   217 10126s
 443095 15469     cutoff   60               -   83.00000      -   217 10135s
 443839 15451     cutoff   67               -   83.00000      -   217 10144s
 444384 15368     cutoff   63               -   83.00000      -   217 10154s
 445062 15368   83.00000   58   52          -   83.00000      -   217 10167s
 445793 15340     cutoff   57               -   83.00000      -   216 10179s
 446482 15346   83.00000   54   63          -   83.00000      -   216 10192s
 447317 15355   83.00000   62   83          -   83.00000      -   216 10204s
 448025 15351   82.96639   43  168          -   83.00000      -   216 10217s
 448902 15460   82.97638   49  145          -   83.00000      -   216 10230s
 449790 15604     cutoff   57               -   83.00000      -   216 10242s
 450640 15659   83.00000   57   71          -   83.00000      -   216 10256s
 451435 15720 infeasible   59               -   83.00000      -   216 10269s
 452188 15716     cutoff   49               -   83.00000      -   216 10281s
 452952 15722   83.00000   50   84          -   83.00000      -   216 10293s
 453621 15696     cutoff   50               -   83.00000      -   216 10306s
 454369 15705   83.00000   46   95          -   83.00000      -   215 10318s
 455100 15724     cutoff   50               -   83.00000      -   215 10331s
 455846 15728     cutoff   50               -   83.00000      -   215 10343s
 456677 15750   83.00000   53   45          -   83.00000      -   215 10354s
 457463 15741   82.98992   49  249          -   83.00000      -   215 10366s
 458300 15794   82.98245   48  245          -   83.00000      -   215 10379s
 459149 15846 infeasible   64               -   83.00000      -   215 10392s
 459800 15837     cutoff   50               -   83.00000      -   215 10405s
 460523 15819   83.00000   56   57          -   83.00000      -   215 10415s
 461170 15791     cutoff   47               -   83.00000      -   215 10427s
 461863 15767   83.00000   58   61          -   83.00000      -   215 10438s
 462646 15815     cutoff   50               -   83.00000      -   215 10450s
 463534 15902   82.94118   67   77          -   83.00000      -   214 10463s
 464480 15969   83.00000   69   57          -   83.00000      -   214 10475s
 465375 15981   83.00000   46   70          -   83.00000      -   214 10486s
 466184 15972     cutoff   69               -   83.00000      -   214 10494s
 466891 15928   83.00000   70   42          -   83.00000      -   214 10504s
 467559 15893     cutoff   60               -   83.00000      -   214 10515s
 468488 15917     cutoff   59               -   83.00000      -   214 10527s
 469387 15940   83.00000   66   67          -   83.00000      -   213 10538s
 470136 15913     cutoff   67               -   83.00000      -   213 10547s
 470843 15889     cutoff   65               -   83.00000      -   213 10558s
 471552 15878     cutoff   53               -   83.00000      -   213 10569s
 472277 15915     cutoff   66               -   83.00000      -   213 10582s
 473148 15990   83.00000   48   68          -   83.00000      -   213 10595s
 473995 16051     cutoff   51               -   83.00000      -   213 10608s
 474766 16054   83.00000   48   49          -   83.00000      -   213 10621s
 475417 16012   83.00000   52   60          -   83.00000      -   213 10633s
 476120 16002   83.00000   57   51          -   83.00000      -   213 10646s
 476835 16058   83.00000   50   67          -   83.00000      -   213 10658s
 477558 16101     cutoff   56               -   83.00000      -   212 10671s
 478203 16122   83.00000   58   62          -   83.00000      -   212 10684s
 478842 16147 infeasible   63               -   83.00000      -   212 10695s
 479434 16108     cutoff   57               -   83.00000      -   212 10708s
 480059 16137     cutoff   69               -   83.00000      -   212 10721s
 480718 16136     cutoff   61               -   83.00000      -   212 10735s
 481395 16119   83.00000   47   87          -   83.00000      -   212 10746s
 482093 16099     cutoff   59               -   83.00000      -   212 10758s
 482875 16129   83.00000   65   49          -   83.00000      -   212 10771s
 483802 16170     cutoff   73               -   83.00000      -   212 10782s
 484592 16164 infeasible   67               -   83.00000      -   212 10792s
 485237 16125     cutoff   71               -   83.00000      -   212 10804s
 485929 16103   82.95294   57   60          -   83.00000      -   212 10817s
 486737 16115   83.00000   55   80          -   83.00000      -   212 10829s
 487589 16105   82.97059   52   77          -   83.00000      -   212 10841s
 488378 16151     cutoff   54               -   83.00000      -   211 10854s
 489212 16260   83.00000   50   53          -   83.00000      -   211 10866s
 489897 16309 infeasible   59               -   83.00000      -   211 10879s
 490719 16338   83.00000   51   74          -   83.00000      -   211 10891s
 491533 16367   83.00000   50   72          -   83.00000      -   211 10904s
 492365 16442   83.00000   61   66          -   83.00000      -   211 10917s
 493103 16475     cutoff   61               -   83.00000      -   211 10928s
 493678 16463   83.00000   55   76          -   83.00000      -   211 10940s
 494440 16457 infeasible   66               -   83.00000      -   211 10952s
 495159 16441 infeasible   62               -   83.00000      -   211 10964s
 495790 16411 infeasible   65               -   83.00000      -   211 10976s
 496593 16431   82.91176   59  117          -   83.00000      -   211 10988s
 497286 16401     cutoff   64               -   83.00000      -   211 11000s
 498197 16423   83.00000   62   85          -   83.00000      -   211 11011s
 498923 16389   83.00000   65   58          -   83.00000      -   211 11023s
 499786 16404   83.00000   59   79          -   83.00000      -   210 11034s
 500641 16409     cutoff   55               -   83.00000      -   210 11044s
 501405 16404   82.95294   59   76          -   83.00000      -   210 11056s
 502391 16495     cutoff   60               -   83.00000      -   210 11069s
 503253 16516   83.00000   59   72          -   83.00000      -   210 11081s
 504124 16513     cutoff   63               -   83.00000      -   210 11093s
 504973 16509     cutoff   69               -   83.00000      -   210 11104s
 505647 16472   83.00000   60   88          -   83.00000      -   210 11116s
 506325 16461 infeasible   53               -   83.00000      -   210 11127s
 507133 16481 infeasible   57               -   83.00000      -   210 11138s
 508017 16486     cutoff   49               -   83.00000      -   209 11148s
 508792 16507   83.00000   54   65          -   83.00000      -   209 11159s
 509569 16512   83.00000   48   76          -   83.00000      -   209 11171s
 510440 16523 infeasible   67               -   83.00000      -   209 11183s
 511203 16481   83.00000   55   65          -   83.00000      -   209 11193s
 511902 16443     cutoff   61               -   83.00000      -   209 11205s
 512774 16463     cutoff   68               -   83.00000      -   209 11216s
 513572 16458   82.92899   47  142          -   83.00000      -   209 11227s
 514362 16479   83.00000   40   90          -   83.00000      -   209 11240s
 515185 16549   83.00000   59   75          -   83.00000      -   209 11252s
 516040 16585   83.00000   50   83          -   83.00000      -   208 11265s
 516811 16622     cutoff   62               -   83.00000      -   208 11278s
 517605 16695   82.96471   51  107          -   83.00000      -   208 11290s
 518545 16769   83.00000   49   71          -   83.00000      -   208 11302s
 519429 16782     cutoff   55               -   83.00000      -   208 11315s
 520253 16748     cutoff   53               -   83.00000      -   208 11327s
 521089 16727   83.00000   56   64          -   83.00000      -   208 11338s
 521796 16702     cutoff   57               -   83.00000      -   208 11348s
 522391 16650   83.00000   50   89          -   83.00000      -   208 11361s
 523251 16683   83.00000   47   55          -   83.00000      -   208 11372s
 524094 16721     cutoff   55               -   83.00000      -   208 11384s
 524984 16773     cutoff   52               -   83.00000      -   207 11396s
 526044 16857   82.94902   59   80          -   83.00000      -   207 11407s
 527067 16910 infeasible   52               -   83.00000      -   207 11415s
 527937 16948 infeasible   54               -   83.00000      -   207 11423s
 528668 16923   83.00000   55   50          -   83.00000      -   207 11430s
 529473 16942     cutoff   60               -   83.00000      -   207 11437s
 530174 16931     cutoff   61               -   83.00000      -   207 11443s
 530895 16942     cutoff   64               -   83.00000      -   206 11450s
 531461 16885     cutoff   64               -   83.00000      -   206 11456s
 531938 16808 infeasible   68               -   83.00000      -   206 11465s
 532558 16754     cutoff   66               -   83.00000      -   206 11476s
 533238 16703   83.00000   47   71          -   83.00000      -   206 11486s
 533956 16674   83.00000   51   83          -   83.00000      -   206 11498s
 534865 16670     cutoff   54               -   83.00000      -   206 11507s
 535557 16642   83.00000   62   90          -   83.00000      -   206 11517s
 536270 16579   83.00000   53   55          -   83.00000      -   206 11529s
 537017 16585   83.00000   44   55          -   83.00000      -   206 11540s
 537740 16628   83.00000   45   70          -   83.00000      -   206 11552s
 538809 16799 infeasible   52               -   83.00000      -   205 11563s
 539841 16923     cutoff   58               -   83.00000      -   205 11575s
 540897 17026   83.00000   55   67          -   83.00000      -   205 11586s
 541820 17082   82.92941   62   77          -   83.00000      -   205 11597s
 542756 17144   82.90588   59   59          -   83.00000      -   205 11606s
 543485 17154   83.00000   61   49          -   83.00000      -   205 11616s
 544261 17141   82.95294   71   64          -   83.00000      -   205 11627s
 545173 17151   83.00000   66   71          -   83.00000      -   205 11638s
 545979 17138   83.00000   53   79          -   83.00000      -   205 11646s
 546714 17115 infeasible   73               -   83.00000      -   205 11658s
 547575 17145     cutoff   56               -   83.00000      -   204 11666s
 548360 17123   83.00000   60   51          -   83.00000      -   204 11676s
 549210 17148     cutoff   58               -   83.00000      -   204 11686s
 550204 17273     cutoff   60               -   83.00000      -   204 11695s
 551097 17282   83.00000   56   63          -   83.00000      -   204 11703s
 551863 17242   83.00000   54   74          -   83.00000      -   204 11712s
 552662 17236     cutoff   56               -   83.00000      -   204 11720s
 553336 17216 infeasible   60               -   83.00000      -   204 11730s
 554210 17263 infeasible   58               -   83.00000      -   203 11741s
 555172 17332   83.00000   58   86          -   83.00000      -   203 11750s
 555842 17319 infeasible   72               -   83.00000      -   203 11759s
 556483 17256     cutoff   61               -   83.00000      -   203 11769s
 557138 17234   83.00000   57   69          -   83.00000      -   203 11779s
 558012 17246 infeasible   62               -   83.00000      -   203 11789s
 558775 17266   83.00000   68   76          -   83.00000      -   203 11799s
 559501 17243   83.00000   60   61          -   83.00000      -   203 11808s
 560141 17219   83.00000   70   59          -   83.00000      -   203 11818s
 560758 17200   83.00000   75   51          -   83.00000      -   203 11827s
 561540 17247 infeasible   76               -   83.00000      -   203 11832s
 562128 17177     cutoff   84               -   83.00000      -   203 11843s
 562990 17168 infeasible   76               -   83.00000      -   202 11854s
 563764 17144     cutoff   74               -   83.00000      -   202 11865s
 564561 17173   83.00000   63   80          -   83.00000      -   202 11876s
 565320 17162   83.00000   56   55          -   83.00000      -   202 11887s
 566171 17154   83.00000   54   58          -   83.00000      -   202 11897s
 566936 17147     cutoff   46               -   83.00000      -   202 11908s
 567739 17127   83.00000   48   78          -   83.00000      -   202 11919s
 568484 17098   83.00000   49   66          -   83.00000      -   202 11930s
 569176 17104 infeasible   58               -   83.00000      -   202 11942s
 569965 17101     cutoff   54               -   83.00000      -   202 11954s
 570824 17125   83.00000   60   76          -   83.00000      -   202 11965s
 571674 17112   82.90588   60   94          -   83.00000      -   202 11977s
 572509 17120 infeasible   63               -   83.00000      -   201 11987s
 573274 17092 infeasible   54               -   83.00000      -   201 11997s
 574015 17111     cutoff   54               -   83.00000      -   201 12008s
 574732 17082     cutoff   50               -   83.00000      -   201 12019s
 575505 17108     cutoff   49               -   83.00000      -   201 12030s
 576244 17132   82.95238   47   83          -   83.00000      -   201 12042s
 577013 17150 infeasible   50               -   83.00000      -   201 12054s
 577695 17152 infeasible   54               -   83.00000      -   201 12065s
 578661 17166     cutoff   57               -   83.00000      -   201 12076s
 579377 17122     cutoff   57               -   83.00000      -   201 12087s
 580253 17154     cutoff   45               -   83.00000      -   201 12099s
 581064 17142   83.00000   51   70          -   83.00000      -   201 12109s
 581754 17112   83.00000   56   47          -   83.00000      -   201 12121s
 582582 17138   83.00000   48   52          -   83.00000      -   201 12132s
 583271 17075 infeasible   55               -   83.00000      -   200 12143s
 583962 17055     cutoff   49               -   83.00000      -   200 12154s
 584698 17054     cutoff   53               -   83.00000      -   200 12165s
 585451 17047 infeasible   65               -   83.00000      -   200 12176s
 586161 17040   83.00000   60   50          -   83.00000      -   200 12188s
 586871 17066 infeasible   50               -   83.00000      -   200 12198s
 587715 17080   82.91765   70   80          -   83.00000      -   200 12210s
 588655 17143   83.00000   56   56          -   83.00000      -   200 12221s
 589650 17242   83.00000   50   62          -   83.00000      -   200 12232s
 590774 17357     cutoff   59               -   83.00000      -   200 12243s
 591812 17456     cutoff   58               -   83.00000      -   200 12255s
 592911 17493   82.92549   60   96          -   83.00000      -   199 12266s
 593889 17527     cutoff   53               -   83.00000      -   199 12276s
 594703 17507     cutoff   54               -   83.00000      -   199 12285s
 595386 17484     cutoff   55               -   83.00000      -   199 12297s
 596162 17456   83.00000   62   84          -   83.00000      -   199 12307s
 596803 17405   82.94706   60  111          -   83.00000      -   199 12319s
 597537 17408     cutoff   54               -   83.00000      -   199 12330s
 598258 17420   82.96975   52  138          -   83.00000      -   199 12342s
 599017 17409     cutoff   52               -   83.00000      -   199 12353s
 599681 17392 infeasible   60               -   83.00000      -   199 12365s
 600299 17357   83.00000   53   65          -   83.00000      -   199 12375s
 600951 17320   83.00000   46   77          -   83.00000      -   199 12386s
 601681 17336 infeasible   66               -   83.00000      -   199 12398s
 602350 17302     cutoff   51               -   83.00000      -   199 12409s
 603050 17244   83.00000   56   70          -   83.00000      -   199 12418s
 603734 17215     cutoff   54               -   83.00000      -   199 12429s
 604465 17175     cutoff   54               -   83.00000      -   199 12440s
 605167 17166     cutoff   53               -   83.00000      -   199 12453s
 605888 17163   83.00000   55   62          -   83.00000      -   198 12465s
 606675 17233     cutoff   62               -   83.00000      -   198 12477s
 607451 17306     cutoff   58               -   83.00000      -   198 12489s
 608107 17314   83.00000   51   76          -   83.00000      -   198 12501s
 608866 17296   83.00000   54   64          -   83.00000      -   198 12513s
 609551 17267     cutoff   54               -   83.00000      -   198 12524s
 610213 17234   83.00000   50   74          -   83.00000      -   198 12536s
 610906 17222     cutoff   58               -   83.00000      -   198 12548s
 611620 17223   83.00000   54   71          -   83.00000      -   198 12561s
 612344 17234   83.00000   57   68          -   83.00000      -   198 12573s
 613043 17199     cutoff   60               -   83.00000      -   198 12585s
 613715 17153 infeasible   63               -   83.00000      -   198 12597s
 614405 17172     cutoff   71               -   83.00000      -   198 12608s
 615099 17154     cutoff   59               -   83.00000      -   198 12619s
 615807 17099     cutoff   58               -   83.00000      -   198 12627s
 616369 17022     cutoff   58               -   83.00000      -   198 12638s
 617120 17000   83.00000   63   90          -   83.00000      -   198 12650s
 617889 16979   83.00000   57   74          -   83.00000      -   198 12660s
 618499 16937   83.00000   56   56          -   83.00000      -   198 12670s
 619428 16993     cutoff   55               -   83.00000      -   197 12683s
 620337 16985   83.00000   61   74          -   83.00000      -   197 12691s
 621181 17009   83.00000   53   55          -   83.00000      -   197 12701s
 622126 17062     cutoff   59               -   83.00000      -   197 12709s
 622843 17060   82.95294   59   74          -   83.00000      -   197 12717s
 623631 17060   83.00000   63   45          -   83.00000      -   197 12727s
 624618 17079   82.97647   51   73          -   83.00000      -   197 12737s
 625266 17060   83.00000   67   69          -   83.00000      -   197 12747s
 626010 17010     cutoff   59               -   83.00000      -   197 12758s
 626737 16991   83.00000   57   47          -   83.00000      -   197 12769s
 627607 17041   83.00000   53   52          -   83.00000      -   197 12779s
 628380 17018 infeasible   54               -   83.00000      -   196 12789s
 629160 16981   83.00000   63   46          -   83.00000      -   196 12799s
 629853 16944     cutoff   74               -   83.00000      -   196 12809s
 630554 16908 infeasible   66               -   83.00000      -   196 12819s
 631137 16860     cutoff   51               -   83.00000      -   196 12830s
 631840 16801   83.00000   58   48          -   83.00000      -   196 12840s
 632514 16743   83.00000   60   62          -   83.00000      -   196 12850s
 633153 16708     cutoff   53               -   83.00000      -   196 12861s
 633786 16686 infeasible   68               -   83.00000      -   196 12871s
 634424 16649   83.00000   63   59          -   83.00000      -   196 12881s
 635112 16613     cutoff   59               -   83.00000      -   196 12892s
 635842 16585     cutoff   63               -   83.00000      -   196 12901s
 636479 16519     cutoff   66               -   83.00000      -   196 12911s
 637150 16477     cutoff   67               -   83.00000      -   196 12922s
 637820 16436   83.00000   60   50          -   83.00000      -   196 12932s
 638556 16396   83.00000   59   47          -   83.00000      -   196 12944s
 639242 16355   83.00000   50   56          -   83.00000      -   196 12954s
 640080 16360     cutoff   55               -   83.00000      -   196 12962s
 640746 16327   83.00000   62   68          -   83.00000      -   196 12973s
 641459 16309 infeasible   64               -   83.00000      -   196 12984s
 642190 16284   83.00000   50   90          -   83.00000      -   196 12994s
 642859 16234   83.00000   57   60          -   83.00000      -   196 13005s
 643664 16221     cutoff   62               -   83.00000      -   195 13015s
 644283 16166   83.00000   61   58          -   83.00000      -   195 13026s
 645105 16144   82.92941   52   71          -   83.00000      -   195 13036s
 645688 16061     cutoff   56               -   83.00000      -   195 13046s
 646324 15996   83.00000   44   40          -   83.00000      -   195 13056s
 646990 15950   83.00000   55   61          -   83.00000      -   195 13065s
 647743 15913   83.00000   57   49          -   83.00000      -   195 13075s
 648507 15859     cutoff   58               -   83.00000      -   195 13085s
 649272 15833     cutoff   68               -   83.00000      -   195 13094s
 649959 15789   83.00000   64   75          -   83.00000      -   195 13104s
 650696 15778   83.00000   60   47          -   83.00000      -   195 13112s
 651427 15724     cutoff   69               -   83.00000      -   195 13123s
 652170 15680   83.00000   50   59          -   83.00000      -   195 13134s
 652882 15648   83.00000   55   40          -   83.00000      -   195 13143s
 653477 15611     cutoff   64               -   83.00000      -   195 13153s
 654128 15525     cutoff   58               -   83.00000      -   195 13164s
 654825 15518     cutoff   66               -   83.00000      -   195 13174s
 655486 15445     cutoff   51               -   83.00000      -   195 13184s
 656172 15379   83.00000   46   67          -   83.00000      -   195 13192s
 656757 15285   83.00000   55   65          -   83.00000      -   195 13202s
 657414 15228     cutoff   57               -   83.00000      -   194 13212s
 658096 15175     cutoff   59               -   83.00000      -   194 13222s
 658880 15151     cutoff   58               -   83.00000      -   194 13232s
 659585 15135     cutoff   60               -   83.00000      -   194 13243s
 660273 15134   82.96781   55  243          -   83.00000      -   194 13254s
 661051 15157   82.94118   70   84          -   83.00000      -   194 13266s
 661686 15123     cutoff   58               -   83.00000      -   194 13277s
 662468 15141   83.00000   42  104          -   83.00000      -   194 13287s
 663139 15173 infeasible   64               -   83.00000      -   194 13299s
 663800 15231     cutoff   62               -   83.00000      -   194 13310s
 664295 15261   83.00000   50   76          -   83.00000      -   194 13321s
 664722 15269 infeasible   55               -   83.00000      -   194 13332s
 665144 15290 infeasible   56               -   83.00000      -   194 13344s
 665564 15268   83.00000   54   73          -   83.00000      -   194 13356s
 666012 15269 infeasible   57               -   83.00000      -   194 13368s
 666488 15259   83.00000   57   80          -   83.00000      -   194 13379s
 666987 15268   83.00000   49   87          -   83.00000      -   194 13390s
 667465 15281   83.00000   56   67          -   83.00000      -   194 13402s
 667967 15262   83.00000   61   85          -   83.00000      -   195 13413s
 668483 15258 infeasible   62               -   83.00000      -   195 13424s
 669017 15235   83.00000   52   95          -   83.00000      -   195 13436s
 669545 15192 infeasible   52               -   83.00000      -   195 13447s
 670068 15149   83.00000   61   65          -   83.00000      -   195 13458s
 670717 15134   83.00000   66   76          -   83.00000      -   195 13468s
 671456 15120     cutoff   61               -   83.00000      -   195 13478s
 672167 15110     cutoff   51               -   83.00000      -   195 13488s
 672777 15086   83.00000   49   84          -   83.00000      -   195 13499s
 673428 15042     cutoff   50               -   83.00000      -   194 13510s
 674126 15043   83.00000   64   90          -   83.00000      -   194 13520s
 674821 15034 infeasible   68               -   83.00000      -   194 13531s
 675655 15052   83.00000   58   68          -   83.00000      -   194 13543s
 676522 15052     cutoff   52               -   83.00000      -   194 13553s
 677313 15013   83.00000   50   92          -   83.00000      -   194 13563s
 677929 14947     cutoff   55               -   83.00000      -   194 13573s
 678625 14927 infeasible   67               -   83.00000      -   194 13583s
 679313 14871     cutoff   69               -   83.00000      -   194 13595s
 680008 14818     cutoff   59               -   83.00000      -   194 13604s
 680657 14845   83.00000   60   63          -   83.00000      -   194 13616s
 681422 14892   83.00000   58   63          -   83.00000      -   194 13629s
 682148 14916   83.00000   50   81          -   83.00000      -   194 13640s
 682790 14914     cutoff   61               -   83.00000      -   194 13653s
 683393 14898     cutoff   61               -   83.00000      -   194 13665s
 684069 14882   83.00000   56   60          -   83.00000      -   194 13677s
 684725 14863   83.00000   54   73          -   83.00000      -   194 13689s
 685436 14879   83.00000   70   65          -   83.00000      -   194 13701s
 686143 14849     cutoff   60               -   83.00000      -   194 13713s
 686873 14880   83.00000   53   69          -   83.00000      -   194 13725s
 687661 14893     cutoff   58               -   83.00000      -   194 13737s
 688478 14973   83.00000   46   56          -   83.00000      -   194 13750s
 689237 15000     cutoff   56               -   83.00000      -   193 13762s
 689913 14996   83.00000   50   56          -   83.00000      -   193 13774s
 690608 14973   83.00000   57   54          -   83.00000      -   193 13785s
 691216 14948     cutoff   55               -   83.00000      -   193 13797s
 691981 14941   83.00000   57   67          -   83.00000      -   193 13809s
 692717 14980 infeasible   64               -   83.00000      -   193 13821s
 693423 15024     cutoff   66               -   83.00000      -   193 13832s
 694054 15010     cutoff   56               -   83.00000      -   193 13844s
 694652 14988   83.00000   57   65          -   83.00000      -   193 13856s
 695330 14996   83.00000   52   57          -   83.00000      -   193 13868s
 695984 14965   83.00000   63   54          -   83.00000      -   193 13879s
 696651 14906   83.00000   63   70          -   83.00000      -   193 13891s
 697379 14913     cutoff   59               -   83.00000      -   193 13903s
 698114 14894   83.00000   54   58          -   83.00000      -   193 13916s
 698935 14929     cutoff   59               -   83.00000      -   193 13928s
 699711 14934   83.00000   59   49          -   83.00000      -   193 13939s
 700469 14938     cutoff   62               -   83.00000      -   193 13951s
 701207 14895     cutoff   61               -   83.00000      -   193 13962s
 701935 14844     cutoff   63               -   83.00000      -   193 13972s
 702623 14810     cutoff   52               -   83.00000      -   193 13983s
 703347 14781     cutoff   63               -   83.00000      -   193 13994s
 704134 14801 infeasible   60               -   83.00000      -   192 14005s
 704836 14743     cutoff   66               -   83.00000      -   192 14014s
 705415 14678   83.00000   56   72          -   83.00000      -   192 14023s
 706086 14629 infeasible   54               -   83.00000      -   192 14033s
 706723 14587   83.00000   56   83          -   83.00000      -   192 14044s
 707376 14572     cutoff   56               -   83.00000      -   192 14054s
 708201 14572     cutoff   57               -   83.00000      -   192 14064s
 709062 14587   83.00000   56   47          -   83.00000      -   192 14074s
 709931 14556   83.00000   54   73          -   83.00000      -   192 14083s
 710615 14487     cutoff   65               -   83.00000      -   192 14092s
 711314 14429   83.00000   60   70          -   83.00000      -   192 14103s
 712245 14467   83.00000   53   52          -   83.00000      -   192 14114s
 713156 14479     cutoff   55               -   83.00000      -   192 14125s
 713986 14449     cutoff   55               -   83.00000      -   192 14135s
 714735 14432   83.00000   48   69          -   83.00000      -   192 14146s
 715458 14400   83.00000   50   53          -   83.00000      -   192 14157s
 716251 14413     cutoff   53               -   83.00000      -   191 14169s
 717027 14372     cutoff   57               -   83.00000      -   191 14178s
 717770 14364     cutoff   59               -   83.00000      -   191 14189s
 718499 14354     cutoff   56               -   83.00000      -   191 14199s
 719107 14303     cutoff   53               -   83.00000      -   191 14210s
 719870 14277     cutoff   54               -   83.00000      -   191 14221s
 720618 14229   82.95294   73  103          -   83.00000      -   191 14231s
 721352 14199   83.00000   61   81          -   83.00000      -   191 14241s
 722185 14230   83.00000   57   65          -   83.00000      -   191 14249s
 722840 14170     cutoff   61               -   83.00000      -   191 14260s
 723624 14154     cutoff   66               -   83.00000      -   191 14271s
 724427 14175 infeasible   70               -   83.00000      -   191 14282s
 725347 14191   83.00000   62   63          -   83.00000      -   191 14293s
 726280 14295     cutoff   69               -   83.00000      -   191 14303s
 727290 14440   83.00000   66   71          -   83.00000      -   191 14315s
 728431 14549     cutoff   57               -   83.00000      -   191 14323s
 729195 14498   83.00000   65   46          -   83.00000      -   191 14333s
 730052 14489   83.00000   64   53          -   83.00000      -   190 14342s
 730909 14503   83.00000   62   44          -   83.00000      -   190 14353s
 731751 14485   83.00000   65   67          -   83.00000      -   190 14363s
 732654 14515   82.95294   68   69          -   83.00000      -   190 14372s
 733541 14516     cutoff   70               -   83.00000      -   190 14379s
 734238 14450 infeasible   68               -   83.00000      -   190 14388s
 734923 14391 infeasible   61               -   83.00000      -   190 14398s
 735605 14328     cutoff   61               -   83.00000      -   190 14403s
 736126 14228     cutoff   59               -   83.00000      -   190 14407s
 736514 14113     cutoff   57               -   82.99118      -   190 14411s
 737157 13880     cutoff   44               -   82.98692      -   190 14417s
 737686 13635     cutoff   61               -   82.98341      -   190 14421s
 738183 13390     cutoff   58               -   82.98109      -   190 14425s
 738619 13144   82.95387   56  235          -   82.97788      -   190 14430s
 739255 12771     cutoff   55               -   82.97624      -   190 14436s
 739740 12527   82.96471   53  168          -   82.97271      -   189 14440s
 740440 12157     cutoff   54               -   82.96863      -   189 14446s
 740942 11911     cutoff   60               -   82.96510      -   189 14450s
 741660 11408     cutoff   63               -   82.96471      -   189 14455s
 742186 11030     cutoff   56               -   82.96471      -   189 14460s
 742815 10653   82.95294   72   85          -   82.96176      -   189 14465s
 743499 10281     cutoff   56               -   82.95770      -   189 14470s
 744365  9780     cutoff   56               -   82.95294      -   189 14476s
 745097  9278     cutoff   57               -   82.95294      -   189 14481s
 745776  8774     cutoff   48               -   82.95294      -   188 14486s
 746406  8397   82.91912   62  126          -   82.95294      -   188 14491s
 747001  8020     cutoff   46               -   82.95206      -   188 14495s
 747678  7642     cutoff   51               -   82.94706      -   188 14500s
 748483  7141     cutoff   43               -   82.94225      -   188 14505s
 749373  6511   82.94118   66  101          -   82.94118      -   188 14510s
 750322  5884     cutoff   50               -   82.93693      -   188 14515s
 751047  5381     cutoff   67               -   82.92941      -   188 14520s
 751907  4626     cutoff   58               -   82.92941      -   187 14525s
 752774  3997     cutoff   60               -   82.92941      -   187 14530s
 753561  3368     cutoff   50               -   82.92476      -   187 14535s
 754639  2486     cutoff   56               -   82.91765      -   187 14540s
 755367  1856     cutoff   69               -   82.91073      -   187 14545s

Cutting planes:
  Gomory: 7
  Implied bound: 53
  Flow cover: 330
  Zero half: 210

Explored 755637 nodes (143278315 simplex iterations) in 14545.67 seconds
Thread count was 6 (of 8 available processors)

Model objective exceeds cutoff
Best objective -, best bound -8.290000000000e+01, gap -
