
Gurobi 6.0.5 (linux64) logging started Fri Jun  3 21:48:50 2016

Optimize a model with 9525 rows, 2652 columns and 53628 nonzeros
Coefficient statistics:
  Matrix range    [1e+00, 8e+01]
  Objective range [1e+00, 1e+00]
  Bounds range    [1e+00, 8e+01]
  RHS range       [1e+00, 8e+01]
Presolve removed 1201 rows and 59 columns
Presolve time: 0.06s
Presolved: 8324 rows, 2593 columns, 35796 nonzeros
Variable types: 188 continuous, 2405 integer (2405 binary)
Presolve removed 10 rows and 0 columns
Presolved: 8314 rows, 2593 columns, 35776 nonzeros


Root relaxation: objective 1.063560e+02, 5951 iterations, 0.70 seconds

    Nodes    |    Current Node    |     Objective Bounds      |     Work
 Expl Unexpl |  Obj  Depth IntInf | Incumbent    BestBd   Gap | It/Node Time

     0     0  106.35600    0  727          -  106.35600      -     -    3s
     0     0  105.73073    0  724          -  105.73073      -     -    7s
     0     0  105.73073    0  719          -  105.73073      -     -    8s
     0     2  105.73073    0  719          -  105.73073      -     -   13s
     3     5  104.57186    2  736          -  104.98810      -  3144   15s
    19    23   98.80378    6  702          -  102.90440      -  2130   20s
    54    55   94.31505    9  697          -  102.89527      -  2001   25s
    85    90   87.68573   11  673          -  102.89527      -  2025   30s
   134   111   98.64692    5  695          -  100.96144      -  1862   36s
   172   149   96.20809    7  699          -  100.34754      -  1889   41s
   203   175   94.94317    8  677          -  100.34754      -  1868   45s
   263   221   90.74501   10  621          -  100.34754      -  1797   51s
   305   247   86.55377   11  605          -  100.34754      -  1786   56s
   355   280   85.50324   12  620          -  100.34754      -  1765   61s
   414   314   98.14644    7  679          -  100.29887      -  1732   67s
   444   328   94.18397   10  649          -  100.29887      -  1725   71s
   514   383   90.77809   11  619          -   98.78618      -  1706   78s
   555   410     cutoff   13               -   97.81442      -  1694   82s
   598   410   90.96818    9  609          -   97.81442      -  1680   86s
   644   482   88.36444   10  600          -   97.81442      -  1666   90s
   694   511   85.65496   11  611          -   97.81442      -  1657   95s
   749   548   84.42914   12  598          -   97.72397      -  1647  101s
   788   534   94.86466    6  667          -   97.72397      -  1635  106s
   849   600   91.78390    9  646          -   97.72397      -  1619  112s
   911   600   83.83784   10  590          -   97.56603      -  1611  118s
   975   659   95.92033    5  623          -   97.56603      -  1603  124s
  1049   670   91.90719    7  586          -   97.56603      -  1592  130s
  1144   725   88.02561   11  605          -   97.56603      -  1558  137s
  1222   769   96.29927    5  672          -   96.29927      -  1551  144s
  1299   816   94.13196    7  719          -   96.24715      -  1552  148s
  1301   817   86.08158   12  713          -   96.24715      -  1549  152s
  1302   818   91.74655   10  710          -   96.24715      -  1548  166s
  1304   819   86.93711   12  710          -   96.24715      -  1546  172s
  1305   822   96.24715   10  741          -   96.24715      -  14.6  194s
  1306   823   96.24715   10  729          -   96.24715      -  20.6  213s
  1307   823   96.24715   11  736          -   96.24715      -  23.1  235s
  1308   824   96.24715   11  736          -   96.24715      -  25.4  256s
  1309   825   96.24715   12  746          -   96.24715      -  28.0  266s
  1310   825   96.24715   12  716          -   96.24715      -  33.5  277s
  1311   824   96.24715   13  731          -   96.24715      -  34.9  283s
  1312   829   96.24715   13  735          -   96.24715      -  38.5  292s
  1315   830   96.24715   14  730          -   96.24715      -  43.8  303s
  1319   837   96.24715   15  712          -   96.24715      -  51.6  316s
  1328   850   96.24715   16  710          -   96.24715      -  64.3  331s
  1350   855   96.24715   18  699          -   96.24715      -   108  346s
  1391   871   95.01781   20  673          -   96.24715      -   173  360s
  1454   889   95.04161   15  675          -   96.24715      -   245  375s
  1548   906   83.81051   22  604          -   96.24715      -   312  391s
  1645   923   92.67753   21  605          -   96.24715      -   378  409s
  1725   911     cutoff   28               -   96.24715      -   413  427s
  1818   931   90.26086   20  612          -   96.24715      -   478  446s
  1925   949   91.00841   18  661          -   96.24715      -   529  465s
  2052   942   91.05163   20  645          -   96.24715      -   579  486s
  2188   937   86.39805   20  621          -   96.24715      -   627  509s
  2353   987   89.92176   15  593          -   95.89476      -   672  531s
  2518   964   87.94049   21  609          -   95.69768      -   714  556s
  2707   968   83.22415   21  552          -   95.11514      -   749  584s
  2788   948   87.10579   18  631          -   94.63502      -   758  611s
  2993   949   85.19664   20  589          -   94.05606      -   793  638s
  3281   962   85.11598   21  595          -   93.65033      -   808  668s
  3530   936   83.32352   21  550          -   93.07713      -   834  699s
  3816   927   90.23077   15  597          -   92.36778      -   844  733s
  4145   981   84.53486   22  572          -   91.74931      -   858  768s
  4495  1056   83.51951   22  526          -   91.16388      -   870  805s
  4833  1101   85.55658   20  627          -   90.81488      -   888  847s
  5058  1103     cutoff   22               -   90.55145      -   895  888s
  5483  1118     cutoff   24               -   89.92492      -   902  931s
  5943  1130   84.22355   19  519          -   89.36965      -   909  980s
  6333  1110     cutoff   23               -   88.95533      -   907 1028s
  6868  1069   85.81744   22  518          -   88.54858      -   911 1078s
  7432  1009     cutoff   22               -   87.97014      -   911 1131s
  8045   960     cutoff   20               -   87.37277      -   910 1180s
  8519   890   86.04805   20  636          -   86.76938      -   915 1240s
  8894   772     cutoff   22               -   86.52989      -   918 1274s
  9301   667     cutoff   25               -   85.93714      -   915 1305s
  9674   588   85.29037   22  585          -   85.48529      -   908 1329s
 10006   473   83.29425   19  593          -   85.09378      -   902 1344s
 10249   357     cutoff   21               -   84.64737      -   896 1358s
 10447   231     cutoff   23               -   84.22045      -   889 1367s
 10631   105   83.30182   24  517          -   83.63850      -   881 1378s
 11464   261     cutoff   58               -   83.00000      -   825 1394s
 12883   396     cutoff   50               -   83.00000      -   745 1404s
 13451   331     cutoff   56               -   83.00000      -   720 1417s
 14414   438   83.00000   63   55          -   83.00000      -   679 1432s
 15406   525     cutoff   47               -   83.00000      -   643 1443s
 16317   554     cutoff   43               -   83.00000      -   613 1455s
 17458   719   83.00000   36   50          -   83.00000      -   580 1473s
 18777   952   83.00000   37   47          -   83.00000      -   547 1485s
 19804  1007     cutoff   55               -   83.00000      -   525 1495s
 20767  1121   83.00000   53   46          -   83.00000      -   506 1507s
 22032  1360 infeasible   54               -   83.00000      -   483 1522s
 23177  1483   83.00000   57   55          -   83.00000      -   465 1531s
 23902  1461 infeasible   72               -   83.00000      -   455 1541s
 24953  1569   83.00000   58   39          -   83.00000      -   440 1549s
 25794  1575     cutoff   56               -   83.00000      -   429 1560s
 26778  1659   83.00000   31   50          -   83.00000      -   417 1575s
 28111  1820   83.00000   32   49          -   83.00000      -   403 1590s
 29002  1814   83.00000   41   57          -   83.00000      -   394 1602s
 29899  1837   83.00000   39   61          -   83.00000      -   387 1616s
 30984  1882 infeasible   44               -   83.00000      -   378 1628s
 32047  1958   83.00000   58   42          -   83.00000      -   370 1642s
 33215  2084     cutoff   37               -   83.00000      -   360 1658s
 34630  2269   83.00000   38   59          -   83.00000      -   350 1671s
 35846  2379     cutoff   57               -   83.00000      -   342 1682s
 36842  2453   83.00000   51   50          -   83.00000      -   335 1694s
 37911  2542     cutoff   49               -   83.00000      -   329 1705s
 38921  2648     cutoff   49               -   83.00000      -   324 1718s
 39993  2751   83.00000   54   46          -   83.00000      -   318 1734s
 41224  2862   83.00000   54   46          -   83.00000      -   312 1752s
 42511  2996 infeasible   44               -   83.00000      -   307 1765s
 43347  3033     cutoff   52               -   83.00000      -   304 1778s
