
Gurobi 6.0.5 (linux64) logging started Wed Apr 27 05:37:23 2016

Optimize a model with 11431 rows, 3160 columns and 64559 nonzeros
Coefficient statistics:
  Matrix range    [1e+00, 8e+01]
  Objective range [1e+00, 1e+00]
  Bounds range    [1e+00, 8e+01]
  RHS range       [1e+00, 8e+01]
Presolve removed 1324 rows and 50 columns
Presolve time: 0.07s
Presolved: 10107 rows, 3110 columns, 43675 nonzeros
Variable types: 219 continuous, 2891 integer (2891 binary)
Presolve removed 6 rows and 0 columns
Presolved: 10101 rows, 3110 columns, 43663 nonzeros


Root relaxation: objective 1.203744e+02, 8852 iterations, 1.30 seconds

    Nodes    |    Current Node    |     Objective Bounds      |     Work
 Expl Unexpl |  Obj  Depth IntInf | Incumbent    BestBd   Gap | It/Node Time

     0     0  120.37436    0  904          -  120.37436      -     -    2s
     0     0  119.66057    0  867          -  119.66057      -     -    5s
     0     0  119.66057    0  867          -  119.66057      -     -    6s
     0     2  119.66057    0  861          -  119.66057      -     -   12s
     4     6  116.04623    2  886          -  117.47752      -  3254   15s
    11    13  111.25450    5  861          -  116.04604      -  3354   20s
    24    31  108.66680    6  866          -  115.15098      -  3104   25s
    36    43  108.94485    7  835          -  114.01876      -  3026   30s
    54    55  105.91162    9  848          -  114.01876      -  3155   36s
    67    64  101.06851   10  814          -  114.01876      -  3222   40s
    84    88  100.72610   11  800          -  114.01876      -  3236   46s
   103    98 infeasible   13               -  114.01876      -  3223   51s
   123   112     cutoff   14               -  114.01876      -  3167   58s
   135   122   88.90854   13  749          -  114.01876      -  3146   61s
   160   137  105.64027    5  790          -  112.74105      -  3147   67s
   176   153  107.54675    6  811          -  112.74105      -  3058   71s
   192   152  105.99238    7  803          -  112.74105      -  3027   75s
   221   193  100.87391    9  747          -  112.74105      -  3040   84s
   242   208   99.13317   10  755          -  112.74105      -  3014   89s
   263   227   94.74143   12  722          -  112.74105      -  3007   95s
   285   247   95.05928   13  744          -  112.74105      -  3020  100s
   310   254   90.45826   15  716          -  112.74105      -  2986  106s
   339   271   82.97039   15  683          -  112.74105      -  2939  112s
   364   286   84.86707   16  667          -  112.74105      -  2944  118s
   395   315  108.74108    6  775          -  111.22228      -  2904  125s
   426   341  105.66522    7  750          -  111.22228      -  2877  132s
   459   361  100.09235   10  743          -  111.22228      -  2861  139s
   491   380   99.32588   10  699          -  111.22228      -  2858  149s
   536   410   98.29268   11  695          -  111.22228      -  2803  157s
   575   428   88.81317   15  725          -  111.22228      -  2792  167s
   624   468     cutoff   16               -  110.41535      -  2753  176s
   668   489  106.02753    8  850          -  110.41535      -  2749  186s
   712   532   99.01368    9  769          -  110.41535      -  2757  197s
   762   560   95.46870   11  757          -  110.41535      -  2749  209s
   807   604   88.24150   14  765          -  110.41535      -  2771  221s
   866   619     cutoff   15               -  110.21743      -  2755  233s
   922   677  103.06208    8  756          -  110.21743      -  2750  246s
   994   706   95.57899   11  734          -  110.21743      -  2714  262s
  1047   750   92.51663   13  680          -  109.10089      -  2695  276s
  1126   806  105.80049    7  808          -  109.10089      -  2669  294s
  1199   837   97.91784   10  745          -  109.10089      -  2680  310s
  1294   897   89.53330   16  889          -  109.10089      -  2645  320s
  1295   898   99.12568    9  872          -  109.10089      -  2643  345s
  1297   899   83.99908   14  872          -  109.10089      -  2639  354s
  1298   902  109.10089   14  904          -  109.10089      -  17.3  386s
  1299   903  109.10089   14  882          -  109.10089      -  21.0  411s
  1300   903  109.10089   15  885          -  109.10089      -  22.1  435s
  1301   904  109.10089   15  846          -  109.10089      -  29.6  462s
  1302   905  109.10089   16  826          -  109.10089      -  32.0  490s
  1303   905  109.10089   16  866          -  109.10089      -  33.9  503s
  1304   904  109.10089   17  823          -  109.10089      -  34.3  512s
  1305   909  109.10089   17  858          -  109.10089      -  42.4  526s
  1308   910  109.10089   18  799          -  109.10089      -  48.3  547s
  1312   918  109.10089   19  796          -  109.10089      -  57.0  571s
  1322   930  109.10089   20  831          -  109.10089      -  88.1  602s
  1348   943  109.10089   22  812          -  109.10089      -   141  631s
  1385   947  109.10089   25  798          -  109.10089      -   228  664s
  1439   985  108.95600   29  751          -  109.10089      -   357  696s
  1487  1003  104.22186   33  727          -  109.10089      -   468  728s
  1556  1013  107.34965   20  836          -  109.10089      -   586  763s
  1632  1054  104.97577   26  804          -  109.10089      -   703  800s
  1738  1063   89.97852   29  760          -  109.10089      -   805  838s
  1862  1120  106.51572   28  774          -  109.10089      -   899  879s
  1959  1122  108.22198   23  784          -  109.10089      -  1003  922s
  2079  1160  106.89549   23  798          -  109.10089      -  1101  971s
  2134  1166   83.39114   30  666          -  109.10089      -  1146 1019s
  2268  1173  105.40384   19  711          -  109.10089      -  1229 1072s
  2437  1211  100.01715   23  742          -  109.10089      -  1305 1126s
  2594  1241   87.36700   25  664          -  109.10089      -  1369 1184s
  2760  1251  102.37860   24  740          -  109.10089      -  1443 1245s
  2947  1282   90.42419   26  720          -  108.41232      -  1507 1311s
  3180  1330     cutoff   27               -  107.80633      -  1548 1380s
  3354  1353  103.22555   22  849          -  107.42515      -  1561 1455s
  3573  1372   88.75074   26  703          -  107.22685      -  1618 1535s
  3822  1406   96.72813   23  744          -  106.94523      -  1663 1619s
  4078  1471   95.02728   26  701          -  106.53767      -  1696 1703s
  4372  1610   99.59955   24  760          -  106.02226      -  1731 1789s
  4676  1773 infeasible   29               -  105.45115      -  1765 1884s
  4985  1896   97.25109   24  665          -  104.88935      -  1805 1987s
  5164  2005   87.47153   30  608          -  104.72191      -  1810 2090s
  5535  2188     cutoff   34               -  104.30054      -  1841 2197s
  5931  2353   84.25280   27  607          -  103.78688      -  1864 2315s
  6328  2520   88.38279   27  624          -  103.51245      -  1891 2439s
  6808  2723   97.04310   23  694          -  102.97608      -  1904 2570s
  7307  2923   83.38052   33  623          -  102.59628      -  1919 2711s
  7856  3181   97.93841   27  670          -  102.07366      -  1929 2872s
  8282  3384   90.25678   27  650          -  101.83017      -  1925 3028s
  8893  3588     cutoff   36               -  101.18007      -  1937 3191s
  9564  3857     cutoff   32               -  100.79396      -  1938 3366s
 10308  4139 infeasible   30               -  100.43524      -  1937 3547s
 11044  4389     cutoff   33               -   99.95828      -  1949 3746s
 11801  4649   84.23645   25  699          -   99.62755      -  1948 3945s
 12666  4928   83.21936   30  670          -   99.22552      -  1944 4140s
 13444  5166     cutoff   27               -   98.89880      -  1951 4328s
 14257  5460   94.49420   23  672          -   98.55118      -  1953 4521s
 14920  5670     cutoff   30               -   98.34084      -  1953 4708s
 15703  5858   93.70281   27  740          -   98.04083      -  1955 4890s
 16461  6064   94.16611   25  725          -   97.87428      -  1958 5073s
 17256  6290   90.94875   25  692          -   97.60915      -  1958 5260s
 17906  6478   85.88046   33  591          -   97.42693      -  1957 5443s
 18694  6732   85.68658   35  582          -   97.18137      -  1953 5627s
 19554  6995     cutoff   31               -   96.96164      -  1945 5808s
 20305  7180     cutoff   38               -   96.73825      -  1946 5983s
 21052  7361 infeasible   35               -   96.57424      -  1946 6162s
 21851  7510   87.83658   26  562          -   96.39326      -  1942 6336s
 22581  7643     cutoff   31               -   96.22963      -  1943 6508s
 23336  7806     cutoff   35               -   96.04766      -  1941 6674s
 24158  7973     cutoff   34               -   95.87398      -  1936 6845s
 24903  8141   84.87333   29  665          -   95.70083      -  1934 7011s
 25674  8312     cutoff   32               -   95.55148      -  1930 7174s
 26466  8503   88.56671   30  623          -   95.34054      -  1927 7337s
 27220  8651   88.59377   23  656          -   95.20642      -  1924 7502s
 27967  8782   86.89891   25  593          -   95.03399      -  1923 7664s
 28736  8925   85.01050   34  575          -   94.93138      -  1921 7827s
 29535  9056     cutoff   28               -   94.75679      -  1916 7987s
 30299  9181   86.89536   27  637          -   94.62654      -  1913 8151s
 31100  9286   86.02637   27  657          -   94.49200      -  1908 8308s
 31924  9467   88.88735   26  603          -   94.36622      -  1901 8468s
 32694  9581   90.62762   27  664          -   94.24573      -  1898 8624s
 33443  9640   85.66232   28  597          -   94.10597      -  1896 8780s
 34202  9710   86.69490   24  664          -   93.92102      -  1893 8932s
 35015  9808   88.46040   29  667          -   93.81372      -  1887 9085s
 35747  9927   86.27896   29  600          -   93.69185      -  1886 9240s
 36541 10025     cutoff   31               -   93.56178      -  1881 9393s
 37280 10115   90.92521   26  647          -   93.41808      -  1880 9548s
 38025 10172     cutoff   28               -   93.33982      -  1878 9699s
 38785 10264   86.45922   25  668          -   93.19750      -  1874 9850s
 39584 10332   88.11875   30  538          -   93.07795      -  1869 10001s
 40404 10401 infeasible   34               -   92.95216      -  1864 10147s
 41139 10464   87.02897   26  650          -   92.85649      -  1861 10295s
 41889 10515   85.21527   26  668          -   92.72890      -  1859 10441s
 42684 10586     cutoff   37               -   92.61397      -  1854 10592s
 43404 10626 infeasible   30               -   92.50006      -  1853 10747s
 44123 10665     cutoff   31               -   92.41173      -  1852 10897s
 44844 10697   88.99022   28  734          -   92.33794      -  1850 11047s
 45564 10738   86.57504   30  624          -   92.23932      -  1848 11195s
 46304 10771     cutoff   31               -   92.14262      -  1846 11345s
 47053 10829     cutoff   30               -   92.05207      -  1843 11489s
 47826 10853     cutoff   36               -   91.96292      -  1840 11638s
 48579 10860     cutoff   34               -   91.86508      -  1837 11785s
 49306 10885     cutoff   29               -   91.75683      -  1835 11935s
 50046 10878     cutoff   33               -   91.67285      -  1833 12082s
 50800 10884   84.10343   28  686          -   91.56814      -  1830 12231s
 51534 10896     cutoff   28               -   91.45090      -  1828 12382s
 52267 10884   85.85368   29  688          -   91.32637      -  1826 12526s
 53010 10919     cutoff   31               -   91.27340      -  1823 12673s
 53815 10950     cutoff   29               -   91.19482      -  1819 12818s
 54585 10937     cutoff   28               -   91.08961      -  1816 12962s
 55301 10931     cutoff   30               -   91.00744      -  1814 13106s
 56034 10937   84.37107   25  630          -   90.90655      -  1813 13251s
 56721 10921   86.62767   30  656          -   90.82225      -  1812 13394s
 57485 10896   87.80809   32  668          -   90.71896      -  1809 13537s
 58228 10867   83.61303   27  596          -   90.65456      -  1807 13677s
 58960 10843   84.26937   29  571          -   90.55869      -  1804 13819s
 59667 10794   85.62251   33  670          -   90.44873      -  1803 13955s
 60351 10745     cutoff   32               -   90.36283      -  1802 14095s
 61090 10695   88.23685   23  623          -   90.27689      -  1800 14227s
 61867 10667     cutoff   25               -   90.19984      -  1796 14366s
 62603 10653   86.22186   28  620          -   90.11517      -  1794 14498s
 63315 10645   83.36947   30  562          -   90.04844      -  1793 14628s
 64020 10604     cutoff   38               -   89.95579      -  1790 14756s
 64744 10566   87.34417   27  600          -   89.86336      -  1787 14895s
 65477 10543   83.68201   28  577          -   89.77849      -  1784 15030s
 66158 10469   86.11206   27  494          -   89.69876      -  1783 15160s
 66909 10454     cutoff   33               -   89.60139      -  1779 15286s
 67602 10403   85.37671   29  674          -   89.53192      -  1777 15410s
 68236 10341   87.25097   26  558          -   89.45475      -  1776 15528s
 68885 10297   83.11279   32  423          -   89.39531      -  1774 15654s
 69537 10240   83.34809   26  611          -   89.30093      -  1772 15771s
 70188 10171   83.46415   27  612          -   89.21740      -  1770 15897s
 70867 10126     cutoff   31               -   89.14590      -  1768 16018s
 71552 10093   83.53813   32  562          -   89.07118      -  1765 16137s
 72255 10044   87.10036   23  681          -   88.98822      -  1763 16251s
 72858  9966   83.05614   28  659          -   88.91330      -  1762 16368s
 73495  9884     cutoff   29               -   88.84478      -  1760 16485s
 74165  9808 infeasible   32               -   88.76572      -  1758 16597s
 74781  9732   86.38843   28  641          -   88.69411      -  1757 16700s
 75340  9660   84.28814   29  629          -   88.61431      -  1755 16808s
 75875  9571   86.11427   27  660          -   88.54492      -  1754 16920s
 76395  9466     cutoff   34               -   88.47506      -  1754 17028s
 76974  9367   85.68884   28  593          -   88.42026      -  1753 17137s
 77595  9299   86.37559   31  583          -   88.34609      -  1750 17238s
 78144  9212     cutoff   30               -   88.27984      -  1749 17333s
 78691  9133   87.50479   25  626          -   88.21480      -  1748 17438s
 79299  9060     cutoff   27               -   88.15460      -  1746 17537s
 79839  8973     cutoff   36               -   88.08444      -  1745 17634s
 80397  8876     cutoff   29               -   88.02215      -  1743 17722s
 80831  8763   87.50214   30  599          -   87.94993      -  1743 17811s
 81341  8672   86.39004   33  576          -   87.88280      -  1741 17899s
 81866  8582 infeasible   30               -   87.82688      -  1739 17988s
 82382  8483     cutoff   26               -   87.76682      -  1738 18077s
 82863  8390   83.02720   27  580          -   87.70902      -  1737 18160s
 83349  8304   84.61797   28  684          -   87.65658      -  1736 18242s
 83833  8213     cutoff   26               -   87.59174      -  1734 18322s
 84291  8111     cutoff   25               -   87.53015      -  1733 18394s
 84750  8015     cutoff   30               -   87.46415      -  1731 18468s
 85205  7917     cutoff   30               -   87.39729      -  1730 18546s
 85606  7804   85.01951   30  595          -   87.34336      -  1729 18621s
 85999  7701   86.50703   33  619          -   87.29055      -  1728 18696s
 86405  7602     cutoff   29               -   87.23349      -  1728 18770s
 86812  7494     cutoff   28               -   87.17407      -  1727 18845s
 87209  7381     cutoff   28               -   87.10294      -  1726 18913s
 87594  7272   86.24644   29  545          -   87.04439      -  1725 18978s
 87986  7162     cutoff   26               -   86.97841      -  1724 19052s
 88432  7064   82.99640   28  607          -   86.92043      -  1722 19119s
 88797  6950     cutoff   34               -   86.86414      -  1722 19190s
 89173  6842   84.28698   29  624          -   86.79938      -  1721 19259s
 89533  6730   84.39993   35  558          -   86.74493      -  1721 19319s
 89941  6617   86.11199   30  613          -   86.68986      -  1719 19396s
 90365  6509   83.03088   31  591          -   86.62812      -  1717 19453s
 90689  6389     cutoff   35               -   86.56522      -  1717 19515s
 91053  6279   84.34463   33  548          -   86.50761      -  1716 19577s
 91379  6156   83.99713   30  533          -   86.44235      -  1715 19638s
 91730  6040     cutoff   37               -   86.38174      -  1714 19698s
 92069  5921     cutoff   32               -   86.32222      -  1714 19763s
 92420  5809     cutoff   34               -   86.26213      -  1713 19816s
 92770  5692     cutoff   33               -   86.20805      -  1712 19870s
 93062  5570   83.39891   35  412          -   86.14951      -  1712 19927s
 93374  5457     cutoff   27               -   86.09241      -  1711 19978s
 93674  5339     cutoff   23               -   86.03575      -  1710 20026s
 93965  5221     cutoff   32               -   85.97422      -  1709 20078s
 94271  5110     cutoff   26               -   85.90923      -  1708 20134s
 94585  5003   84.10674   29  580          -   85.85040      -  1707 20185s
 94893  4878 infeasible   37               -   85.78894      -  1707 20227s
 95163  4752 infeasible   33               -   85.73793      -  1706 20278s
 95480  4645     cutoff   28               -   85.68142      -  1704 20316s
 95741  4524     cutoff   28               -   85.62234      -  1703 20363s
 96030  4406   85.41704   39  537          -   85.57058      -  1702 20405s
 96291  4297   83.94072   25  650          -   85.51265      -  1701 20448s
 96542  4174     cutoff   30               -   85.46577      -  1701 20490s
 96771  4052   83.50000   38  405          -   85.40761      -  1700 20529s
 97003  3927     cutoff   31               -   85.35574      -  1699 20569s
 97264  3809     cutoff   30               -   85.29064      -  1698 20605s
 97522  3685     cutoff   31               -   85.23357      -  1697 20637s
 97729  3561     cutoff   31               -   85.17183      -  1696 20671s
 97960  3440     cutoff   29               -   85.11887      -  1695 20703s
 98192  3327     cutoff   31               -   85.06089      -  1694 20734s
 98416  3205     cutoff   33               -   85.00409      -  1693 20776s
 98659  3084     cutoff   28               -   84.95389      -  1692 20805s
 98871  2962     cutoff   34               -   84.88956      -  1691 20833s
 99095  2844     cutoff   34               -   84.83480      -  1690 20860s
 99302  2721     cutoff   27               -   84.77372      -  1688 20890s
 99508  2596   83.91897   29  541          -   84.71650      -  1687 20914s
 99724  2473     cutoff   30               -   84.66051      -  1686 20937s
 99937  2350   84.42342   33  434          -   84.60456      -  1684 20961s
 100134  2227     cutoff   34               -   84.55269      -  1683 20985s
 100322  2105     cutoff   34               -   84.48859      -  1682 21010s
 100520  1983   84.40752   32  661          -   84.40752      -  1680 21038s
 100719  1860     cutoff   36               -   84.33539      -  1679 21069s
 100910  1734   82.96192   27  603          -   84.26439      -  1678 21088s
 101085  1608     cutoff   34               -   84.19301      -  1677 21104s
 101274  1483     cutoff   41               -   84.13557      -  1675 21119s
 101444  1359     cutoff   28               -   84.06957      -  1674 21136s
 101618  1235     cutoff   35               -   83.98648      -  1672 21154s
 101788  1109     cutoff   31               -   83.91405      -  1671 21166s
 101936   983     cutoff   32               -   83.81661      -  1669 21182s
 102092   857     cutoff   39               -   83.72907      -  1668 21196s
 102246   731     cutoff   28               -   83.64992      -  1666 21204s
 102386   605     cutoff   30               -   83.55696      -  1665 21217s
 102536   479     cutoff   29               -   83.46155      -  1663 21229s
 102680   353     cutoff   32               -   83.33302      -  1662 21236s
 102813   227     cutoff   32               -   83.23087      -  1660 21242s
 102949   101     cutoff   41               -   83.09898      -  1659 21257s
 103893   543   83.00000   50   92          -   83.00000      -  1644 21290s
 106668  1606 infeasible   65               -   83.00000      -  1605 21308s
 107974  1824   83.00000   80   42          -   83.00000      -  1587 21325s
 109212  1980   83.00000   59   53          -   83.00000      -  1570 21340s
 110236  2012     cutoff   63               -   83.00000      -  1557 21354s
 111320  2122   83.00000   59   56          -   83.00000      -  1543 21370s
 112370  2172   83.00000   54   63          -   83.00000      -  1530 21382s
 113197  2161 infeasible   55               -   83.00000      -  1520 21394s
 114106  2212   83.00000   54   54          -   83.00000      -  1509 21404s
 114802  2178   83.00000   59   66          -   83.00000      -  1501 21419s
 115829  2235     cutoff   67               -   83.00000      -  1489 21436s
 116846  2292   83.00000   64   66          -   83.00000      -  1477 21453s
 117833  2317     cutoff   68               -   83.00000      -  1466 21472s
 118957  2407   83.00000   62   52          -   83.00000      -  1453 21488s
 120009  2413     cutoff   58               -   83.00000      -  1442 21507s
 121190  2476     cutoff   65               -   83.00000      -  1429 21526s
 122183  2489   83.00000   60   53          -   83.00000      -  1418 21546s
 123297  2597   83.00000   61   55          -   83.00000      -  1407 21569s
 124542  2712   83.00000   63   62          -   83.00000      -  1394 21586s
 125603  2775 infeasible   66               -   83.00000      -  1383 21606s
 126869  2881 infeasible   56               -   83.00000      -  1371 21624s
 127814  2924     cutoff   54               -   83.00000      -  1362 21639s
 128686  2916   83.00000   61   60          -   83.00000      -  1354 21655s
 129624  2942     cutoff   61               -   83.00000      -  1345 21670s
 130387  2915   83.00000   63   70          -   83.00000      -  1338 21685s
 131197  2911     cutoff   52               -   83.00000      -  1331 21699s
 132057  2897   83.00000   60   62          -   83.00000      -  1323 21716s
 133131  2971   83.00000   57   75          -   83.00000      -  1313 21732s
 134098  3010   83.00000   54   78          -   83.00000      -  1305 21745s
 134892  2976   83.00000   57   69          -   83.00000      -  1298 21760s
 135705  2943   83.00000   52   64          -   83.00000      -  1291 21775s
 136599  2941   83.00000   58   67          -   83.00000      -  1284 21794s
 137706  3022   83.00000   60   66          -   83.00000      -  1274 21814s
 138865  3119   83.00000   62   57          -   83.00000      -  1265 21829s
 139887  3187   83.00000   65   49          -   83.00000      -  1257 21848s
 141086  3304     cutoff   69               -   83.00000      -  1247 21860s
 141882  3332     cutoff   62               -   83.00000      -  1241 21874s
 142632  3320     cutoff   62               -   83.00000      -  1235 21885s
 143298  3266   83.00000   64   65          -   83.00000      -  1230 21896s
 143993  3243   83.00000   63   71          -   83.00000      -  1225 21914s
 144999  3311   83.00000   55   61          -   83.00000      -  1217 21928s
 145916  3340     cutoff   58               -   83.00000      -  1211 21941s
 146727  3307   83.00000   64   57          -   83.00000      -  1205 21956s
 147580  3276   83.00000   64   63          -   83.00000      -  1199 21975s
 148668  3374   83.00000   65   54          -   83.00000      -  1191 21987s
 149482  3360   83.00000   68   60          -   83.00000      -  1185 22003s
 150531  3405     cutoff   62               -   83.00000      -  1178 22020s
 151601  3449   83.00000   58   70          -   83.00000      -  1170 22032s
 152423  3423 infeasible   62               -   83.00000      -  1165 22044s
 153153  3385     cutoff   65               -   83.00000      -  1160 22062s
 154212  3458   83.00000   61   61          -   83.00000      -  1153 22075s
 155006  3420   83.00000   58   62          -   83.00000      -  1148 22094s
 156012  3448   83.00000   59   55          -   83.00000      -  1141 22108s
 156870  3406   83.00000   61   56          -   83.00000      -  1136 22127s
 157921  3467     cutoff   62               -   83.00000      -  1129 22144s
 158849  3489     cutoff   63               -   83.00000      -  1123 22157s
 159634  3458     cutoff   57               -   83.00000      -  1119 22171s
 160507  3437   83.00000   57   55          -   83.00000      -  1113 22188s
 161432  3408   83.00000   55   76          -   83.00000      -  1108 22202s
 162359  3421     cutoff   67               -   83.00000      -  1102 22218s
 163259  3383   83.00000   64   60          -   83.00000      -  1097 22234s
 164143  3395     cutoff   61               -   83.00000      -  1092 22247s
 164948  3362 infeasible   53               -   83.00000      -  1087 22262s
 165873  3355   83.00000   60   61          -   83.00000      -  1082 22275s
 166836  3364   83.00000   61   63          -   83.00000      -  1076 22292s
 167832  3354   83.00000   62   68          -   83.00000      -  1071 22307s
 168782  3342     cutoff   61               -   83.00000      -  1066 22324s
 169802  3360 infeasible   62               -   83.00000      -  1060 22339s
 170744  3358   83.00000   64   59          -   83.00000      -  1055 22352s
 171574  3304   83.00000   66   50          -   83.00000      -  1050 22365s
 172421  3269     cutoff   69               -   83.00000      -  1046 22379s
 173285  3247   83.00000   67   55          -   83.00000      -  1041 22395s
 174333  3269   83.00000   64   63          -   83.00000      -  1036 22409s
 175102  3250     cutoff   65               -   83.00000      -  1032 22424s
 176057  3247   83.00000   63   58          -   83.00000      -  1027 22441s
 177120  3298     cutoff   66               -   83.00000      -  1022 22454s
 177926  3288   83.00000   57   72          -   83.00000      -  1018 22468s
 178732  3274     cutoff   57               -   83.00000      -  1014 22482s
 179558  3268   83.00000   64   72          -   83.00000      -  1010 22499s
 180611  3303   83.00000   63   57          -   83.00000      -  1005 22514s
 181637  3345   83.00000   64   59          -   83.00000      -  1000 22528s
 182638  3398     cutoff   71               -   83.00000      -   995 22536s
 183257  3309     cutoff   59               -   83.00000      -   992 22554s
 184258  3346   83.00000   48   64          -   83.00000      -   987 22569s
 185287  3363 infeasible   67               -   83.00000      -   983 22584s
 186127  3315     cutoff   59               -   83.00000      -   979 22598s
 186989  3274     cutoff   55               -   83.00000      -   975 22613s
 187845  3264   83.00000   58   61          -   83.00000      -   971 22630s
 188685  3230     cutoff   57               -   83.00000      -   967 22642s
 189413  3188 infeasible   57               -   83.00000      -   964 22659s
 190354  3175     cutoff   57               -   83.00000      -   960 22675s
 191273  3172     cutoff   58               -   83.00000      -   956 22690s
 192129  3148   83.00000   50   67          -   83.00000      -   953 22706s
 193012  3133   83.00000   53   92          -   83.00000      -   949 22724s
 193998  3123   83.00000   58   68          -   83.00000      -   945 22737s
 194945  3144     cutoff   67               -   83.00000      -   941 22750s
 195703  3130   83.00000   63   55          -   83.00000      -   938 22764s
 196606  3121   83.00000   64   56          -   83.00000      -   934 22779s
 197544  3143   83.00000   59   54          -   83.00000      -   930 22792s
 198601  3230   83.00000   56   62          -   83.00000      -   926 22808s
 199685  3296   83.00000   52   66          -   83.00000      -   922 22823s
 200666  3325   83.00000   54   65          -   83.00000      -   918 22837s
 201655  3338     cutoff   60               -   83.00000      -   914 22846s
 202205  3270     cutoff   60               -   83.00000      -   912 22862s
 203137  3284     cutoff   58               -   83.00000      -   908 22873s
 203923  3234   83.00000   54   77          -   83.00000      -   905 22888s
 204694  3173     cutoff   57               -   83.00000      -   903 22900s
 205426  3115   83.00000   58   60          -   83.00000      -   900 22915s
 206309  3082 infeasible   70               -   83.00000      -   897 22925s
 207041  3028   83.00000   61   61          -   83.00000      -   894 22940s
 207928  3005   83.00000   64   69          -   83.00000      -   891 22952s
 208705  2958 infeasible   66               -   83.00000      -   888 22965s
 209527  2912   83.00000   55   63          -   83.00000      -   885 22977s
 210328  2869   83.00000   56   65          -   83.00000      -   882 22989s
 211058  2793   83.00000   76   59          -   83.00000      -   880 23001s
 211609  2700 infeasible   57               -   83.00000      -   878 23016s
 212517  2688     cutoff   66               -   83.00000      -   875 23026s
 213180  2605   83.00000   61   70          -   83.00000      -   872 23037s
 213871  2548 infeasible   56               -   83.00000      -   870 23050s
 214591  2490   83.00000   58   63          -   83.00000      -   868 23060s
 215215  2432     cutoff   60               -   83.00000      -   866 23075s
 216145  2430     cutoff   63               -   83.00000      -   862 23090s
 217031  2424   83.00000   61   71          -   83.00000      -   859 23101s
 217649  2338   83.00000   55   77          -   83.00000      -   857 23117s
 218816  2405   83.00000   66   58          -   83.00000      -   854 23139s
 220093  2480   83.00000   84   56          -   83.00000      -   850 23152s
 220986  2457 infeasible   85               -   83.00000      -   847 23165s
 221791  2430   83.00000   63   63          -   83.00000      -   844 23182s
 222797  2424     cutoff   64               -   83.00000      -   841 23197s
 223599  2390   83.00000   64   55          -   83.00000      -   838 23209s
 224448  2373   83.00000   65   58          -   83.00000      -   836 23222s
 225217  2328   83.00000   66   62          -   83.00000      -   833 23238s
 226234  2367     cutoff   60               -   83.00000      -   830 23252s
 227008  2323     cutoff   66               -   83.00000      -   828 23264s
 227908  2307   83.00000   69   63          -   83.00000      -   825 23282s
 228887  2354   83.00000   57   46          -   83.00000      -   822 23297s
 229952  2327     cutoff   62               -   83.00000      -   819 23308s
 230745  2286   83.00000   61   59          -   83.00000      -   817 23319s
 231511  2234     cutoff   62               -   83.00000      -   815 23331s
 232181  2160   83.00000   64   60          -   83.00000      -   813 23342s
 232848  2093   83.00000   62   59          -   83.00000      -   811 23356s
 233731  2078   83.00000   63   68          -   83.00000      -   808 23367s
 234489  2030     cutoff   64               -   83.00000      -   806 23377s
 235099  1972 infeasible   58               -   83.00000      -   804 23392s
 235938  1915   83.00000   65   74          -   83.00000      -   802 23404s
 236819  1906   83.00000   60   77          -   83.00000      -   800 23415s
 237580  1851   83.00000   62   92          -   83.00000      -   797 23428s
 238447  1828 infeasible   64               -   83.00000      -   795 23440s
 239289  1812     cutoff   66               -   83.00000      -   793 23455s
 240214  1801   83.00000   67   57          -   83.00000      -   790 23468s
 241092  1779 infeasible   68               -   83.00000      -   788 23481s
 241828  1723     cutoff   57               -   83.00000      -   786 23494s
 242494  1661   83.00000   60   83          -   83.00000      -   784 23506s
 243205  1600   83.00000   59   80          -   83.00000      -   782 23518s
 243872  1531   83.00000   65   74          -   83.00000      -   781 23533s
 244829  1532     cutoff   53               -   83.00000      -   778 23542s
 245468  1457     cutoff   59               -   83.00000      -   776 23555s
 246428  1479   83.00000   70   61          -   83.00000      -   774 23570s
 247494  1523     cutoff   61               -   83.00000      -   771 23581s
 248351  1524   83.00000   64   59          -   83.00000      -   769 23592s
 249203  1492   83.00000   60   62          -   83.00000      -   767 23603s
 250078  1491 infeasible   61               -   83.00000      -   764 23614s
 250878  1457     cutoff   64               -   83.00000      -   762 23626s
 251628  1413     cutoff   65               -   83.00000      -   761 23642s
 252890  1545   83.00000   62   55          -   83.00000      -   757 23658s
 254044  1629 infeasible   59               -   83.00000      -   755 23671s
 254936  1595     cutoff   63               -   83.00000      -   752 23680s
 255528  1525     cutoff   65               -   83.00000      -   751 23699s
 256715  1600   83.00000   65   64          -   83.00000      -   748 23711s
 257488  1567     cutoff   55               -   83.00000      -   746 23725s
 258299  1540     cutoff   61               -   83.00000      -   745 23738s
 259131  1556     cutoff   60               -   83.00000      -   743 23750s
 259861  1508   83.00000   61   72          -   83.00000      -   741 23768s
 260858  1547   83.00000   54   69          -   83.00000      -   739 23782s
 261846  1563   83.00000   56   70          -   83.00000      -   737 23797s
 262708  1559   83.00000   53   63          -   83.00000      -   735 23810s
 263381  1526   83.00000   54   58          -   83.00000      -   733 23823s
 264212  1513 infeasible   50               -   83.00000      -   731 23834s
 264826  1453 infeasible   56               -   83.00000      -   730 23845s
 265572  1385   83.00000   56   67          -   83.00000      -   729 23854s
 266208  1339   83.00000   61   82          -   83.00000      -   727 23867s
 266960  1293   83.00000   65   69          -   83.00000      -   725 23881s
 267769  1254 infeasible   58               -   83.00000      -   724 23897s
 268840  1289   83.00000   63   67          -   83.00000      -   721 23910s
 269845  1308   83.00000   49   79          -   83.00000      -   719 23924s
 270782  1279   83.00000   50   78          -   83.00000      -   717 23942s
 271926  1315   83.00000   51   82          -   83.00000      -   715 23956s
 272931  1312 infeasible   53               -   83.00000      -   713 23970s
 273933  1324 infeasible   59               -   83.00000      -   711 23983s
 274834  1277   83.00000   72   60          -   83.00000      -   709 23994s
 275585  1244 infeasible   64               -   83.00000      -   707 24007s
 276475  1214   83.00000   70   50          -   83.00000      -   705 24023s
 277673  1304   83.00000   69   60          -   83.00000      -   703 24037s
 278717  1320   83.00000   56   53          -   83.00000      -   701 24049s
 279657  1300   83.00000   57   76          -   83.00000      -   699 24065s
 280647  1286   83.00000   85   58          -   83.00000      -   697 24078s
 281503  1254 infeasible   82               -   83.00000      -   695 24089s
 282263  1196   83.00000   65   57          -   83.00000      -   694 24099s
 282995  1158   83.00000   65   58          -   83.00000      -   692 24112s
 283709  1116 infeasible   67               -   83.00000      -   691 24127s
 284754  1115     cutoff   62               -   83.00000      -   689 24140s
 285753  1114   83.00000   67   64          -   83.00000      -   687 24156s
 286781  1118   83.00000   70   77          -   83.00000      -   685 24169s
 287782  1123   83.00000   62   68          -   83.00000      -   683 24181s
 288779  1150   83.00000   64   73          -   83.00000      -   681 24191s
 289611  1108   83.00000   65   74          -   83.00000      -   679 24200s
 290253  1036   83.00000   66   72          -   83.00000      -   678 24215s
 291287  1090   83.00000   70   63          -   83.00000      -   676 24229s
 292254  1085   83.00000   71   63          -   83.00000      -   675 24240s
 293051  1042   83.00000   72   62          -   83.00000      -   673 24255s
 293926  1003   83.00000   73   59          -   83.00000      -   671 24268s
 294797   962   83.00000   74   60          -   83.00000      -   670 24278s
 295480   887   83.00000   62   63          -   83.00000      -   669 24293s
 296405   912   83.00000   60   75          -   83.00000      -   667 24308s
 297289   884     cutoff   60               -   83.00000      -   666 24319s
 298084   851   83.00000   64   68          -   83.00000      -   664 24332s
 298887   808   83.00000   57   86          -   83.00000      -   663 24342s
 299541   741   83.00000   58   86          -   83.00000      -   662 24355s
 300343   715   83.00000   67   73          -   83.00000      -   660 24368s
 301206   690   83.00000   53   76          -   83.00000      -   659 24377s
 301807   625 infeasible   54               -   83.00000      -   658 24387s
 302388   540     cutoff   60               -   83.00000      -   657 24398s
 302929   455   83.00000   54   76          -   83.00000      -   656 24409s
 303603   401   83.00000   67   63          -   83.00000      -   655 24420s
 304259   325   83.00000   69   57          -   83.00000      -   654 24431s
 304884   240     cutoff   70               -   83.00000      -   653 24441s
 305539   193   83.00000   63   76          -   83.00000      -   652 24457s
 306513   227 infeasible   58               -   83.00000      -   650 24474s
 307628   286   83.00000   56   70          -   83.00000      -   648 24490s
 308662   306     cutoff   60               -   83.00000      -   647 24502s
 309495   293     cutoff   56               -   83.00000      -   645 24515s
 310379   267     cutoff   57               -   83.00000      -   644 24527s
 311172   248   83.00000   57   73          -   83.00000      -   642 24542s
 312098   232   83.00000   58   75          -   83.00000      -   641 24555s
 312984   190     cutoff   59               -   83.00000      -   640 24566s
 313730   162   83.00000   63   65          -   83.00000      -   638 24578s
 314618   160 infeasible   63               -   83.00000      -   637 24590s
 315449   127   83.00000   65   72          -   83.00000      -   636 24602s
 316047    41     cutoff   59               -   83.00000      -   635 24607s
 316277     0   83.00000   63   67          -   83.00000      -   634 24610s

Cutting planes:
  Gomory: 4
  Implied bound: 73
  Flow cover: 644
  Zero half: 193

Explored 316327 nodes (204110489 simplex iterations) in 24610.33 seconds
Thread count was 6 (of 8 available processors)

Model objective exceeds cutoff
Best objective -, best bound -8.290000000000e+01, gap -
