
Gurobi 6.0.5 (linux64) logging started Thu Jun  2 11:51:29 2016

Optimize a model with 10457 rows, 2908 columns and 59034 nonzeros
Coefficient statistics:
  Matrix range    [1e+00, 8e+01]
  Objective range [1e+00, 1e+00]
  Bounds range    [1e+00, 8e+01]
  RHS range       [1e+00, 8e+01]
Presolve removed 1260 rows and 54 columns
Presolve time: 0.07s
Presolved: 9197 rows, 2854 columns, 39721 nonzeros
Variable types: 204 continuous, 2650 integer (2650 binary)
Presolve removed 5 rows and 0 columns
Presolved: 9192 rows, 2854 columns, 39711 nonzeros


Root relaxation: objective 1.152305e+02, 6833 iterations, 0.89 seconds
Total elapsed time = 5.08s

    Nodes    |    Current Node    |     Objective Bounds      |     Work
 Expl Unexpl |  Obj  Depth IntInf | Incumbent    BestBd   Gap | It/Node Time

     0     0  115.23048    0  822          -  115.23048      -     -    5s
     0     0  114.70689    0  799          -  114.70689      -     -    8s
     0     0  114.70689    0  799          -  114.70689      -     -    8s
     0     2  114.70689    0  799          -  114.70689      -     -   13s
     2     4  113.86595    1  813          -  113.86595      -  4641   15s
    11    13  110.55418    5  808          -  111.20505      -  2722   20s
    24    31  106.25687    6  790          -  110.54535      -  3109   25s
    42    44  106.67006    8  776          -  110.52768      -  3001   30s
    65    72  103.57267   10  736          -  110.52768      -  2831   36s
    84    88   93.21705   12  701          -  110.52768      -  2822   40s
   112   113   83.39995   14  677          -  110.52768      -  2795   46s
   137   126  105.52859    5  763          -  109.20125      -  2687   51s
   165   156   98.99211    7  746          -  109.20125      -  2633   57s
   179   150   99.39978    8  712          -  109.20125      -  2618   60s
   214   183   97.83641   10  718          -  109.20125      -  2547   66s
   251   225   94.52239   11  679          -  109.20125      -  2523   73s
   270   228   94.14022   12  711          -  109.20125      -  2531   77s
   293   248   92.83622   12  675          -  109.20125      -  2512   81s
   319   270   89.29451   14  650          -  109.20125      -  2489   85s
   380   293     cutoff   16               -  108.12597      -  2415   94s
   414   312  106.48365    6  784          -  108.12597      -  2375  100s
   447   336  103.46452    8  780          -  106.98300      -  2360  105s
   475   355  101.04988    8  750          -  106.98300      -  2374  111s
   506   378   97.62078    9  672          -  106.98300      -  2380  117s
   543   420   96.16611   11  744          -  106.98300      -  2368  124s
   577   439   92.38249   11  654          -  106.98300      -  2373  131s
   622   454   83.62644   14  661          -  106.44377      -  2350  138s
   669   499  101.86355    7  710          -  106.44377      -  2330  146s
   716   542   99.22198    8  662          -  106.44377      -  2317  154s
   763   555   98.58087   10  685          -  106.44377      -  2316  163s
   822   614   95.09522   12  682          -  106.44377      -  2294  171s
   878   656   90.83660   13  604          -  106.44377      -  2287  181s
   944   701     cutoff   16               -  105.19751      -  2269  192s
  1005   734   98.85912    9  721          -  105.19751      -  2269  203s
  1075   787   90.58746   11  672          -  105.19751      -  2262  215s
  1171   844   85.31043   15  644          -  104.16708      -  2210  227s
  1238   900   93.55193   11  673          -  104.16708      -  2223  240s
  1320   947   94.31010   12  811          -  104.16708      -  2215  247s
  1321   948   91.83335   12  798          -  104.16708      -  2214  270s
  1323   949   95.60787    9  798          -  104.16708      -  2210  277s
  1324   952  104.16708   14  833          -  104.16708      -  13.5  301s
  1325   953  104.16708   14  788          -  104.16708      -  18.7  324s
  1326   953  104.16708   15  835          -  104.16708      -  20.0  350s
  1327   954  104.16708   15  805          -  104.16708      -  24.5  375s
  1328   955  104.16708   16  804          -  104.16708      -  26.9  391s
  1329   955  104.16708   16  772          -  104.16708      -  28.7  401s
  1330   954  104.16708   17  789          -  104.16708      -  29.0  408s
  1331   959  102.34989   17  747          -  104.16708      -  36.2  419s
  1334   961  104.16708   18  763          -  104.16708      -  42.4  438s
  1339   970  104.16708   19  769          -  104.16708      -  52.8  457s
  1350   979  104.16708   20  730          -  104.16708      -  75.7  477s
  1367   986   99.95801   21  697          -  104.16708      -   130  498s
  1404  1004  104.16708   24  682          -  104.16708      -   212  523s
  1469  1031  100.25695   29  632          -  104.16708      -   323  546s
  1526  1053   90.62659   35  582          -  104.16708      -   413  571s
  1615  1048   96.35210   23  741          -  104.16708      -   506  599s
  1720  1081   84.90257   25  676          -  104.16708      -   600  626s
  1817  1095   99.22492   24  736          -  104.16708      -   688  655s
  1960  1112  102.53369   22  752          -  104.16708      -   758  685s
  2085  1161   99.29260   19  735          -  104.16708      -   834  717s
  2213  1172   99.33935   23  696          -  104.16708      -   911  753s
  2295  1192   89.15045   35  533          -  104.16708      -   934  788s
  2473  1234   89.03760   31  579          -  104.16708      -   988  827s
  2644  1277     cutoff   29               -  104.16708      -  1047  867s
  2816  1281   86.14795   25  621          -  103.77555      -  1098  912s
  3012  1309   98.00310   22  713          -  103.28195      -  1149  960s
  3202  1353   83.30780   27  695          -  102.85196      -  1198 1007s
  3428  1369   94.80407   24  692          -  102.14941      -  1240 1057s
  3710  1449   91.71441   19  639          -  101.50709      -  1266 1116s
  3830  1451   93.70682   28  680          -  101.49553      -  1270 1174s
  4110  1514   83.63270   28  600          -  100.72891      -  1307 1234s
  4401  1609   89.60623   26  696          -  100.17410      -  1338 1299s
  4758  1775   83.91257   28  608          -   99.85961      -  1356 1366s
  5084  1912   85.25819   29  664          -   99.43606      -  1383 1438s
  5408  2043   91.19859   26  501          -   99.09765      -  1415 1513s
  5896  2274   84.77854   33  579          -   98.78718      -  1409 1594s
  6350  2448   87.81066   26  633          -   98.36720      -  1424 1679s
  6611  2560   90.57863   25  658          -   98.09192      -  1423 1770s
  7126  2741   86.96319   27  625          -   97.62154      -  1436 1864s
  7675  2945   87.27077   25  670          -   97.21783      -  1444 1967s
  8199  3085   91.13098   23  720          -   96.87772      -  1463 2076s
  8840  3299   87.95742   27  540          -   96.39813      -  1460 2188s
  9501  3490     cutoff   32               -   96.04926      -  1468 2306s
 10298  3731 infeasible   31               -   95.58230      -  1460 2436s
 10979  3909   83.88144   26  633          -   95.25534      -  1455 2571s
 11860  4118   89.09326   26  659          -   94.86446      -  1453 2705s
 12767  4383     cutoff   31               -   94.38576      -  1445 2836s
 13675  4553     cutoff   28               -   94.06565      -  1436 2963s
 14661  4818   85.63004   25  643          -   93.69028      -  1423 3092s
 15308  4909   84.75837   30  638          -   93.51181      -  1422 3212s
 16126  5059     cutoff   28               -   93.29482      -  1422 3333s
 16927  5173   91.09359   26  672          -   93.08606      -  1421 3453s
 17734  5298   83.35440   34  532          -   92.84606      -  1420 3570s
 18562  5409   83.87892   26  674          -   92.62835      -  1416 3689s
 19281  5532   82.92328   29  592          -   92.42541      -  1409 3804s
 20096  5622   84.47888   27  541          -   92.19367      -  1405 3922s
 20948  5751     cutoff   34               -   91.99080      -  1400 4034s
 21790  5837   83.86816   28  601          -   91.79809      -  1396 4146s
 22617  5903     cutoff   30               -   91.61409      -  1392 4257s
 23445  5978 infeasible   33               -   91.37329      -  1387 4371s
 24153  6025   84.98976   28  576          -   91.21891      -  1381 4479s
 25007  6116   84.43474   25  650          -   91.04644      -  1376 4591s
 25758  6123     cutoff   33               -   90.85275      -  1375 4702s
 26480  6118     cutoff   32               -   90.72499      -  1376 4810s
 27244  6160     cutoff   29               -   90.52342      -  1375 4916s
 28131  6233   85.31126   25  602          -   90.40316      -  1368 5020s
 28862  6220     cutoff   30               -   90.32007      -  1367 5124s
 29571  6197     cutoff   27               -   90.10489      -  1367 5228s
 30481  6281   83.20903   26  656          -   89.96305      -  1360 5331s
 31298  6308   84.88507   26  613          -   89.81295      -  1356 5433s
 32041  6284     cutoff   25               -   89.65294      -  1354 5532s
 32806  6265     cutoff   31               -   89.50275      -  1353 5629s
 33558  6249   86.35338   25  639          -   89.37353      -  1350 5726s
 34326  6222   86.64771   25  635          -   89.21974      -  1347 5822s
 35007  6164   83.38492   27  585          -   89.08796      -  1346 5921s
 35772  6144   84.29493   26  575          -   88.96577      -  1343 6008s
 36415  6094   86.26400   26  578          -   88.85569      -  1341 6093s
 37069  6047 infeasible   33               -   88.73133      -  1339 6187s
 37763  5998     cutoff   29               -   88.63130      -  1338 6274s
 38386  5915     cutoff   30               -   88.51416      -  1338 6360s
 39024  5847     cutoff   32               -   88.38646      -  1336 6441s
 39646  5786   85.70339   26  613          -   88.28537      -  1335 6519s
 40254  5702     cutoff   30               -   88.17668      -  1333 6600s
 40894  5631   86.57623   25  622          -   88.05237      -  1331 6676s
 41411  5536     cutoff   27               -   87.95408      -  1332 6756s
 41998  5442     cutoff   30               -   87.83872      -  1330 6824s
 42531  5361   87.08742   28  586          -   87.73676      -  1329 6894s
 43088  5276     cutoff   26               -   87.64178      -  1327 6964s
 43584  5185   85.48321   28  581          -   87.55348      -  1326 7034s
 44152  5127   85.72270   26  644          -   87.45068      -  1324 7100s
 44655  5033     cutoff   27               -   87.36139      -  1322 7165s
 45124  4943   86.78416   28  599          -   87.27661      -  1323 7227s
 45605  4857   85.08720   26  666          -   87.19034      -  1321 7294s
 46067  4758   84.80742   25  583          -   87.09688      -  1321 7355s
 46561  4682   83.96413   24  635          -   87.02064      -  1319 7412s
 47022  4584   83.37487   22  620          -   86.93391      -  1317 7469s
 47597  4553     cutoff   27               -   86.86314      -  1313 7523s
 48006  4445   85.61003   28  609          -   86.77435      -  1312 7578s
 48424  4343     cutoff   27               -   86.69624      -  1311 7635s
 48828  4226     cutoff   28               -   86.60935      -  1311 7693s
 49279  4119   85.42945   28  595          -   86.53694      -  1310 7741s
 49647  4011     cutoff   29               -   86.44951      -  1310 7792s
 50005  3900     cutoff   27               -   86.37424      -  1309 7842s
 50355  3786   83.07768   28  533          -   86.29609      -  1309 7894s
 50710  3665     cutoff   27               -   86.22798      -  1309 7940s
 51063  3545   82.97203   31  462          -   86.15574      -  1309 7984s
 51330  3421   82.90258   27  580          -   86.08145      -  1310 8027s
 51706  3306     cutoff   30               -   86.00266      -  1308 8062s
 51971  3187   84.82572   26  612          -   85.92058      -  1308 8098s
 52279  3070   84.75497   27  493          -   85.83730      -  1307 8130s
 52590  2951     cutoff   28               -   85.75932      -  1305 8175s
 52920  2830     cutoff   30               -   85.67334      -  1304 8210s
 53219  2710   83.60556   29  580          -   85.58790      -  1303 8245s
 53494  2587     cutoff   27               -   85.50423      -  1302 8279s
 53758  2468   85.09690   30  572          -   85.42910      -  1302 8316s
 54033  2346     cutoff   30               -   85.34093      -  1301 8348s
 54350  2267     cutoff   28               -   85.24607      -  1299 8380s
 54598  2145   82.90748   26  670          -   85.16667      -  1298 8408s
 54865  2024   83.71898   28  599          -   85.09059      -  1296 8436s
 55076  1902     cutoff   28               -   85.00000      -  1296 8457s
 55287  1778     cutoff   30               -   84.91176      -  1294 8485s
 55523  1658     cutoff   32               -   84.80315      -  1293 8506s
 55733  1533   83.26667   28  537          -   84.69738      -  1291 8523s
 55938  1408     cutoff   30               -   84.58186      -  1290 8543s
 56166  1284     cutoff   29               -   84.46076      -  1288 8563s
 56358  1159     cutoff   43               -   84.33946      -  1286 8577s
 56559  1033     cutoff   32               -   84.20030      -  1284 8590s
 56752   929     cutoff   32               -   84.07123      -  1282 8603s
 57029   867     cutoff   33               -   83.91304      -  1278 8612s
 57226   763   83.52574   35  380          -   83.75488      -  1275 8623s
 57451   675   83.03851   31  505          -   83.60989      -  1271 8632s
 57622   549 infeasible   37               -   83.40894      -  1269 8640s
 57830   464     cutoff   42               -   83.19548      -  1265 8645s
 58117   373   83.00000   51   67          -   83.00000      -  1260 8667s
 60236  1141   83.00000   46   57          -   83.00000      -  1219 8681s
 61298  1269   83.00000   47   57          -   83.00000      -  1200 8693s
 62581  1482     cutoff   60               -   83.00000      -  1177 8704s
 63696  1648   83.00000   61   34          -   83.00000      -  1158 8715s
 65057  1858     cutoff   51               -   83.00000      -  1136 8724s
 65820  1842   83.00000   50   58          -   83.00000      -  1124 8733s
 66725  1915     cutoff   59               -   83.00000      -  1111 8742s
 67383  1856   83.00000   57   47          -   83.00000      -  1101 8750s
 68009  1813     cutoff   52               -   83.00000      -  1092 8762s
 68951  1860   83.00000   55   47          -   83.00000      -  1078 8771s
 69655  1837   83.00000   54   46          -   83.00000      -  1068 8782s
 70501  1839   83.00000   53   50          -   83.00000      -  1057 8793s
 71606  1937     cutoff   57               -   83.00000      -  1042 8802s
 72363  1916   83.00000   54   36          -   83.00000      -  1032 8811s
 73124  1892     cutoff   62               -   83.00000      -  1022 8824s
 74000  1926     cutoff   54               -   83.00000      -  1011 8839s
 75032  2072     cutoff   66               -   83.00000      -   999 8848s
 75765  2002     cutoff   64               -   83.00000      -   990 8859s
 76453  1972     cutoff   60               -   83.00000      -   982 8879s
 77673  2095 infeasible   64               -   83.00000      -   969 8900s
 78870  2170   83.00000   64   57          -   83.00000      -   956 8920s
 80302  2349   83.00000   65   52          -   83.00000      -   941 8933s
 81166  2334     cutoff   56               -   83.00000      -   933 8947s
 82158  2346   83.00000   54   54          -   83.00000      -   923 8964s
 83233  2444     cutoff   51               -   83.00000      -   912 8981s
 84269  2545     cutoff   56               -   83.00000      -   903 9000s
 85585  2736   83.00000   48   54          -   83.00000      -   890 9019s
 86749  2877   83.00000   49   63          -   83.00000      -   880 9030s
 87734  2893     cutoff   55               -   83.00000      -   871 9042s
 88722  2928 infeasible   58               -   83.00000      -   863 9054s
 89688  3004     cutoff   64               -   83.00000      -   855 9067s
 90736  3089   82.90588   55   86          -   83.00000      -   846 9081s
 91914  3183   83.00000   63   53          -   83.00000      -   837 9093s
 92799  3185   83.00000   52   46          -   83.00000      -   830 9108s
 93894  3266     cutoff   61               -   83.00000      -   822 9117s
 94573  3237     cutoff   58               -   83.00000      -   817 9128s
 95411  3250     cutoff   62               -   83.00000      -   810 9138s
 96357  3280   83.00000   58   54          -   83.00000      -   804 9150s
 97334  3295   83.00000   59   53          -   83.00000      -   797 9158s
 98244  3311 infeasible   62               -   83.00000      -   790 9167s
 98962  3261     cutoff   60               -   83.00000      -   785 9180s
 99778  3297     cutoff   55               -   83.00000      -   779 9198s
 101036  3425   83.00000   55   60          -   83.00000      -   771 9208s
 101964  3442   82.92941   58   94          -   83.00000      -   765 9216s
 102766  3394     cutoff   57               -   83.00000      -   760 9226s
 103656  3387     cutoff   61               -   83.00000      -   754 9237s
 104487  3358   83.00000   62   55          -   83.00000      -   749 9248s
 105472  3352   83.00000   51   62          -   83.00000      -   743 9262s
 106404  3378   83.00000   57   55          -   83.00000      -   738 9272s
 107180  3374     cutoff   54               -   83.00000      -   733 9286s
 108168  3388     cutoff   48               -   83.00000      -   728 9304s
 109175  3421   83.00000   46   57          -   83.00000      -   723 9321s
 110258  3514   83.00000   55   55          -   83.00000      -   717 9335s
 111160  3509   83.00000   56   53          -   83.00000      -   712 9350s
 112155  3522   83.00000   57   74          -   83.00000      -   707 9364s
 112992  3487     cutoff   60               -   83.00000      -   703 9378s
 113932  3505   83.00000   57   53          -   83.00000      -   698 9391s
 114709  3466   83.00000   50   60          -   83.00000      -   694 9407s
 115826  3522   83.00000   52   84          -   83.00000      -   689 9423s
 116821  3560   83.00000   54   52          -   83.00000      -   684 9434s
 117806  3588   83.00000   55   49          -   83.00000      -   679 9446s
 118945  3640   83.00000   56   58          -   83.00000      -   674 9458s
 119790  3614     cutoff   57               -   83.00000      -   670 9469s
 120619  3573     cutoff   60               -   83.00000      -   666 9479s
 121492  3564   83.00000   61   45          -   83.00000      -   662 9491s
 122282  3535   83.00000   61   57          -   83.00000      -   659 9507s
 123437  3578   83.00000   68   47          -   83.00000      -   654 9519s
 124644  3686   83.00000   56   70          -   83.00000      -   648 9526s
 125382  3661 infeasible   59               -   83.00000      -   645 9535s
 126321  3675   82.92941   67   74          -   83.00000      -   641 9541s
 127009  3621     cutoff   61               -   83.00000      -   638 9549s
 127830  3626     cutoff   57               -   83.00000      -   635 9560s
 128795  3683   83.00000   64   64          -   83.00000      -   631 9573s
 129827  3727     cutoff   65               -   83.00000      -   627 9584s
 130746  3736     cutoff   60               -   83.00000      -   623 9595s
 131478  3702     cutoff   68               -   83.00000      -   620 9604s
 132160  3650     cutoff   60               -   83.00000      -   618 9617s
 133165  3686   83.00000   59   59          -   83.00000      -   614 9627s
 134002  3677   83.00000   62   56          -   83.00000      -   611 9643s
 134991  3684     cutoff   58               -   83.00000      -   607 9656s
 135885  3664     cutoff   53               -   83.00000      -   604 9670s
 136920  3655     cutoff   54               -   83.00000      -   600 9682s
 137752  3614   83.00000   49   53          -   83.00000      -   598 9696s
 138787  3646   83.00000   50   62          -   83.00000      -   594 9711s
 140027  3736   83.00000   52   48          -   83.00000      -   590 9725s
 141053  3791     cutoff   56               -   83.00000      -   587 9738s
 141948  3805   83.00000   62   53          -   83.00000      -   584 9748s
 142794  3766     cutoff   63               -   83.00000      -   581 9760s
 143517  3719   83.00000   55   49          -   83.00000      -   579 9773s
 144580  3753   83.00000   60   51          -   83.00000      -   575 9784s
 145424  3698   83.00000   56   60          -   83.00000      -   573 9797s
 146199  3653     cutoff   47               -   83.00000      -   570 9809s
 147184  3675     cutoff   64               -   83.00000      -   567 9821s
 148239  3732 infeasible   62               -   83.00000      -   564 9835s
 149390  3793   83.00000   53   48          -   83.00000      -   561 9847s
 150170  3743     cutoff   59               -   83.00000      -   558 9860s
 151302  3836     cutoff   63               -   83.00000      -   555 9871s
 152246  3896 infeasible   58               -   83.00000      -   552 9886s
 153466  3974     cutoff   51               -   83.00000      -   549 9902s
 154442  4002   83.00000   55   65          -   83.00000      -   546 9916s
 155405  4007   83.00000   56   82          -   83.00000      -   544 9926s
 156176  3975 infeasible   60               -   83.00000      -   542 9938s
 157195  4020   83.00000   58   63          -   83.00000      -   539 9949s
 158232  4090 infeasible   54               -   83.00000      -   536 9961s
 159269  4091     cutoff   59               -   83.00000      -   533 9972s
 160055  4060   83.00000   53   58          -   83.00000      -   531 9984s
 161013  4040   82.91765   54   74          -   83.00000      -   529 10000s
 162094  4075   83.00000   57   61          -   83.00000      -   526 10011s
 163049  4132   83.00000   58   59          -   83.00000      -   524 10022s
 163975  4119     cutoff   55               -   83.00000      -   522 10033s
 164822  4095     cutoff   68               -   83.00000      -   519 10046s
 165881  4129   83.00000   63   43          -   83.00000      -   517 10062s
 166999  4189   83.00000   63   43          -   83.00000      -   514 10073s
 167948  4205   83.00000   54   46          -   83.00000      -   512 10085s
 168877  4179   83.00000   53   54          -   83.00000      -   510 10098s
 169907  4184     cutoff   55               -   83.00000      -   508 10111s
 171016  4254   83.00000   57   49          -   83.00000      -   505 10126s
 172337  4391 infeasible   58               -   83.00000      -   502 10138s
 173429  4462     cutoff   60               -   83.00000      -   499 10153s
 174739  4582     cutoff   51               -   83.00000      -   497 10172s
 176015  4704 infeasible   59               -   83.00000      -   494 10185s
 177232  4828   83.00000   63   44          -   83.00000      -   491 10200s
 178362  4917   83.00000   64   49          -   83.00000      -   489 10219s
 179687  5111   83.00000   58   57          -   83.00000      -   486 10245s
 181069  5242     cutoff   60               -   83.00000      -   484 10262s
 182174  5294   83.00000   66   39          -   83.00000      -   482 10277s
 183281  5321   82.90588   58   85          -   83.00000      -   480 10293s
 184360  5339   83.00000   56   41          -   83.00000      -   478 10308s
 185312  5377   83.00000   53   53          -   83.00000      -   476 10323s
 186434  5447     cutoff   55               -   83.00000      -   474 10337s
 187468  5480     cutoff   58               -   83.00000      -   472 10346s
 188144  5407   83.00000   70   50          -   83.00000      -   471 10358s
 189013  5402   83.00000   66   32          -   83.00000      -   469 10370s
 189897  5424   83.00000   67   40          -   83.00000      -   468 10380s
 190760  5406     cutoff   57               -   83.00000      -   466 10392s
 191833  5429   83.00000   49   87          -   83.00000      -   464 10403s
 192714  5394 infeasible   58               -   83.00000      -   463 10416s
 193812  5423   83.00000   49   57          -   83.00000      -   461 10434s
 194763  5415   83.00000   51   58          -   83.00000      -   459 10456s
 195985  5485   83.00000   61   63          -   83.00000      -   457 10472s
 197191  5507   83.00000   62   55          -   83.00000      -   455 10487s
 198286  5561 infeasible   63               -   83.00000      -   454 10506s
 199493  5618   83.00000   61   54          -   83.00000      -   452 10522s
 200491  5616     cutoff   58               -   83.00000      -   450 10538s
 201365  5616     cutoff   59               -   83.00000      -   449 10553s
 202404  5619   83.00000   63   58          -   83.00000      -   447 10572s
 203567  5678   83.00000   59   50          -   83.00000      -   446 10586s
 204528  5649   83.00000   69   64          -   83.00000      -   444 10604s
 205798  5718   83.00000   50   73          -   83.00000      -   443 10620s
 206802  5728     cutoff   63               -   83.00000      -   441 10636s
 207702  5706   83.00000   66   46          -   83.00000      -   440 10655s
 208707  5698   83.00000   68   42          -   83.00000      -   439 10669s
 209554  5682   83.00000   57   52          -   83.00000      -   438 10684s
 210578  5691   83.00000   56   48          -   83.00000      -   436 10699s
 211464  5686     cutoff   57               -   83.00000      -   435 10715s
 212527  5688   83.00000   65   53          -   83.00000      -   433 10729s
 213506  5694     cutoff   50               -   83.00000      -   432 10743s
 214312  5680     cutoff   66               -   83.00000      -   431 10758s
 215344  5700   83.00000   49   58          -   83.00000      -   430 10769s
 216176  5674     cutoff   54               -   83.00000      -   429 10782s
 217048  5664     cutoff   56               -   83.00000      -   427 10792s
 217825  5610     cutoff   52               -   83.00000      -   426 10806s
 218790  5659 infeasible   68               -   83.00000      -   425 10822s
 219753  5673   82.92941   63   89          -   83.00000      -   424 10838s
 220724  5689     cutoff   50               -   83.00000      -   423 10856s
 221854  5742     cutoff   47               -   83.00000      -   421 10873s
 222846  5736     cutoff   58               -   83.00000      -   420 10886s
 223690  5710     cutoff   56               -   83.00000      -   419 10898s
 224492  5674   83.00000   47   76          -   83.00000      -   418 10911s
 225415  5677     cutoff   57               -   83.00000      -   417 10925s
 226253  5664   82.90588   59   92          -   83.00000      -   416 10940s
 227296  5703   83.00000   51   67          -   83.00000      -   415 10956s
 228389  5766   83.00000   52   60          -   83.00000      -   413 10970s
 229365  5787   83.00000   52   56          -   83.00000      -   412 10986s
 230380  5807     cutoff   52               -   83.00000      -   411 11001s
 231272  5806   83.00000   51   61          -   83.00000      -   410 11017s
 232137  5779   83.00000   52   58          -   83.00000      -   409 11031s
 233142  5802     cutoff   50               -   83.00000      -   408 11047s
 234252  5878   83.00000   55   59          -   83.00000      -   407 11061s
 235302  5912     cutoff   60               -   83.00000      -   405 11070s
 236087  5890   83.00000   53   53          -   83.00000      -   404 11081s
 236945  5864     cutoff   54               -   83.00000      -   403 11094s
 237922  5882     cutoff   55               -   83.00000      -   402 11105s
 238982  5896     cutoff   58               -   83.00000      -   401 11114s
 239951  5916   83.00000   53   67          -   83.00000      -   400 11122s
 240672  5858     cutoff   61               -   83.00000      -   399 11136s
 241869  5975 infeasible   59               -   83.00000      -   397 11148s
 242972  5998   83.00000   57   53          -   83.00000      -   396 11161s
 244012  6048   83.00000   58   58          -   83.00000      -   395 11171s
 244757  6015     cutoff   57               -   83.00000      -   394 11186s
 245916  6046   83.00000   64   59          -   83.00000      -   393 11198s
 246947  6098 infeasible   61               -   83.00000      -   392 11214s
 248101  6137   83.00000   58   60          -   83.00000      -   390 11224s
 249123  6193   83.00000   57   57          -   83.00000      -   389 11235s
 250230  6242     cutoff   55               -   83.00000      -   388 11245s
 251200  6249     cutoff   67               -   83.00000      -   387 11256s
 252025  6225   83.00000   55   75          -   83.00000      -   386 11265s
 252956  6248     cutoff   67               -   83.00000      -   385 11274s
 253666  6198     cutoff   66               -   83.00000      -   384 11285s
 254682  6232   83.00000   71   54          -   83.00000      -   383 11297s
 255800  6330   83.00000   66   57          -   83.00000      -   382 11309s
 256956  6415   83.00000   67   60          -   83.00000      -   381 11325s
 258119  6514     cutoff   55               -   83.00000      -   380 11337s
 259203  6597 infeasible   55               -   83.00000      -   378 11348s
 260376  6675   82.96975   63  175          -   83.00000      -   377 11359s
 261451  6705     cutoff   66               -   83.00000      -   376 11370s
 262189  6700   83.00000   66   62          -   83.00000      -   375 11381s
 263341  6739   82.94118   71   87          -   83.00000      -   374 11393s
 264289  6760     cutoff   79               -   83.00000      -   373 11402s
 265170  6757 infeasible   80               -   83.00000      -   372 11412s
 266119  6764   83.00000   65   73          -   83.00000      -   371 11425s
 267178  6787   83.00000   62   46          -   83.00000      -   370 11437s
 268050  6785     cutoff   63               -   83.00000      -   370 11455s
 269070  6832   83.00000   52   65          -   83.00000      -   369 11474s
 270084  6859   83.00000   49   66          -   83.00000      -   368 11494s
 270943  6826     cutoff   56               -   83.00000      -   368 11513s
 271834  6834   83.00000   58   63          -   83.00000      -   367 11528s
 272765  6818   83.00000   59   61          -   83.00000      -   366 11541s
 273721  6800 infeasible   49               -   83.00000      -   365 11552s
 274579  6759   83.00000   53   51          -   83.00000      -   365 11564s
 275671  6762     cutoff   54               -   83.00000      -   364 11575s
 276668  6786     cutoff   58               -   83.00000      -   363 11588s
 277866  6846   83.00000   51   50          -   83.00000      -   362 11599s
 278862  6874     cutoff   60               -   83.00000      -   361 11610s
 280110  6937     cutoff   58               -   83.00000      -   360 11619s
 281097  6970     cutoff   58               -   83.00000      -   359 11626s
 281782  6939     cutoff   53               -   83.00000      -   358 11634s
 282576  6926   82.92941   59   96          -   83.00000      -   357 11643s
 283303  6868   83.00000   54   50          -   83.00000      -   357 11656s
 284406  6938   83.00000   54   55          -   83.00000      -   356 11671s
 285418  6989     cutoff   53               -   83.00000      -   355 11691s
 286363  7052 infeasible   54               -   83.00000      -   354 11713s
 287478  7092   83.00000   57   65          -   83.00000      -   354 11732s
 288479  7103     cutoff   54               -   83.00000      -   353 11749s
 289416  7096     cutoff   64               -   83.00000      -   353 11766s
 290315  7096   82.99294   64  155          -   83.00000      -   352 11786s
 291401  7118   83.00000   60   55          -   83.00000      -   351 11804s
 292372  7144   82.97647   67  135          -   83.00000      -   351 11821s
 293468  7197   83.00000   68   60          -   83.00000      -   350 11836s
 294635  7254     cutoff   66               -   83.00000      -   349 11851s
 295686  7305   83.00000   41   61          -   83.00000      -   349 11867s
 296663  7296   83.00000   56   79          -   83.00000      -   348 11880s
 297536  7286     cutoff   61               -   83.00000      -   347 11890s
 298320  7263   83.00000   44   72          -   83.00000      -   347 11901s
 299289  7287     cutoff   58               -   83.00000      -   346 11912s
 300259  7340   83.00000   59   51          -   83.00000      -   345 11922s
 301114  7348     cutoff   60               -   83.00000      -   345 11932s
 302018  7363     cutoff   60               -   83.00000      -   344 11941s
 302817  7351   82.97176   55  205          -   83.00000      -   343 11949s
 303562  7305   83.00000   55   61          -   83.00000      -   343 11960s
 304491  7339     cutoff   52               -   83.00000      -   342 11977s
 305685  7440   83.00000   60   49          -   83.00000      -   341 11998s
 306933  7532   83.00000   52   78          -   83.00000      -   340 12017s
 308266  7671 infeasible   47               -   83.00000      -   339 12033s
 309223  7694     cutoff   58               -   83.00000      -   339 12050s
 310122  7679     cutoff   56               -   83.00000      -   338 12067s
 311129  7717   83.00000   55   59          -   83.00000      -   338 12083s
 312268  7817   83.00000   53   74          -   83.00000      -   337 12097s
 313260  7880     cutoff   54               -   83.00000      -   336 12113s
 314252  7907     cutoff   54               -   83.00000      -   336 12129s
 315350  7969     cutoff   57               -   83.00000      -   335 12146s
 316458  8024     cutoff   56               -   83.00000      -   334 12160s
 317320  8023     cutoff   60               -   83.00000      -   334 12176s
 318277  8054   83.00000   56   68          -   83.00000      -   333 12190s
 319451  8138     cutoff   51               -   83.00000      -   333 12203s
 320455  8209     cutoff   56               -   83.00000      -   332 12218s
 321657  8297   83.00000   57   51          -   83.00000      -   331 12230s
 322606  8302   83.00000   57   60          -   83.00000      -   330 12239s
 323444  8305     cutoff   66               -   83.00000      -   330 12252s
 324533  8315   83.00000   59   57          -   83.00000      -   329 12265s
 325559  8310   83.00000   50   60          -   83.00000      -   329 12276s
 326473  8298     cutoff   52               -   83.00000      -   328 12289s
 327361  8267   83.00000   55   52          -   83.00000      -   327 12300s
 328368  8278     cutoff   52               -   83.00000      -   327 12310s
 329446  8334     cutoff   63               -   83.00000      -   326 12323s
 330451  8386     cutoff   56               -   83.00000      -   325 12338s
 331659  8508   83.00000   49   56          -   83.00000      -   325 12353s
 332823  8574     cutoff   58               -   83.00000      -   324 12364s
 333760  8569   82.92941   57   63          -   83.00000      -   323 12375s
 334907  8649   83.00000   56   57          -   83.00000      -   323 12386s
 335803  8657   83.00000   63   56          -   83.00000      -   322 12398s
 336769  8668     cutoff   60               -   83.00000      -   322 12410s
 337809  8678     cutoff   57               -   83.00000      -   321 12424s
 338959  8764     cutoff   48               -   83.00000      -   320 12437s
 339990  8791     cutoff   51               -   83.00000      -   320 12450s
 341011  8791 infeasible   54               -   83.00000      -   319 12465s
 341918  8745     cutoff   61               -   83.00000      -   319 12477s
 342763  8731   83.00000   53   65          -   83.00000      -   318 12494s
 343796  8761     cutoff   51               -   83.00000      -   318 12506s
 344754  8782   83.00000   57   49          -   83.00000      -   317 12518s
 345591  8747   83.00000   56   52          -   83.00000      -   317 12530s
 346515  8768     cutoff   57               -   83.00000      -   316 12544s
 347432  8735     cutoff   61               -   83.00000      -   316 12552s
 348167  8706     cutoff   54               -   83.00000      -   315 12562s
 349165  8732     cutoff   65               -   83.00000      -   315 12573s
 350208  8756   83.00000   55   53          -   83.00000      -   314 12582s
 350951  8704   83.00000   56   55          -   83.00000      -   314 12592s
 351800  8682   83.00000   49   53          -   83.00000      -   313 12601s
 352549  8659   83.00000   50   76          -   83.00000      -   313 12611s
 353305  8608     cutoff   50               -   83.00000      -   312 12622s
 354282  8608     cutoff   57               -   83.00000      -   312 12633s
 355358  8696     cutoff   52               -   83.00000      -   311 12643s
 356222  8714     cutoff   60               -   83.00000      -   311 12655s
 357341  8778     cutoff   54               -   83.00000      -   310 12664s
 358112  8727     cutoff   60               -   83.00000      -   310 12674s
 358982  8686     cutoff   64               -   83.00000      -   309 12683s
 359782  8665   82.90588   55   73          -   83.00000      -   309 12694s
 360848  8698   83.00000   57   57          -   83.00000      -   308 12704s
 361614  8648     cutoff   56               -   83.00000      -   308 12716s
 362541  8662   83.00000   64   54          -   83.00000      -   307 12734s
 363641  8696     cutoff   64               -   83.00000      -   307 12747s
 364599  8683   83.00000   59   72          -   83.00000      -   306 12761s
 365532  8672   83.00000   54   87          -   83.00000      -   306 12775s
 366563  8674     cutoff   63               -   83.00000      -   305 12788s
 367596  8700     cutoff   52               -   83.00000      -   305 12800s
 368440  8672   83.00000   62   51          -   83.00000      -   304 12810s
 369232  8648     cutoff   58               -   83.00000      -   304 12822s
 370243  8688   83.00000   54   43          -   83.00000      -   304 12834s
 371229  8733   83.00000   55   46          -   83.00000      -   303 12846s
 372263  8768     cutoff   56               -   83.00000      -   303 12855s
 373029  8743     cutoff   56               -   83.00000      -   302 12867s
 373994  8726   82.96078   57   89          -   83.00000      -   302 12878s
 375018  8762     cutoff   59               -   83.00000      -   301 12888s
 376017  8765     cutoff   57               -   83.00000      -   301 12898s
 376968  8759     cutoff   60               -   83.00000      -   300 12911s
 378124  8836   83.00000   57   52          -   83.00000      -   300 12928s
 379082  8841   83.00000   57   54          -   83.00000      -   299 12943s
 380097  8846     cutoff   53               -   83.00000      -   299 12956s
 381031  8823     cutoff   56               -   83.00000      -   299 12971s
 382059  8820     cutoff   54               -   83.00000      -   298 12983s
 383088  8842   83.00000   54   55          -   83.00000      -   298 12995s
 384154  8865   83.00000   57   47          -   83.00000      -   297 13006s
 385068  8871     cutoff   60               -   83.00000      -   297 13018s
 386021  8881     cutoff   55               -   83.00000      -   296 13028s
 386766  8852     cutoff   56               -   83.00000      -   296 13038s
 387611  8814     cutoff   60               -   83.00000      -   296 13048s
 388384  8776     cutoff   61               -   83.00000      -   295 13061s
 389369  8774   83.00000   45   63          -   83.00000      -   295 13074s
 390414  8768 infeasible   47               -   83.00000      -   294 13083s
 391195  8708     cutoff   57               -   83.00000      -   294 13096s
 392295  8767     cutoff   58               -   83.00000      -   294 13109s
 393297  8761   82.99104   58  149          -   83.00000      -   293 13120s
 394344  8764     cutoff   57               -   83.00000      -   293 13131s
 395247  8770     cutoff   59               -   83.00000      -   292 13145s
 396371  8837     cutoff   56               -   83.00000      -   292 13155s
 397144  8827   82.90784   64  156          -   83.00000      -   291 13166s
 398189  8857   82.97353   66  135          -   83.00000      -   291 13178s
 399084  8871     cutoff   66               -   83.00000      -   291 13192s
 399967  8895     cutoff   48               -   83.00000      -   290 13210s
 401218  9060   82.92941   60   83          -   83.00000      -   290 13228s
 402471  9200   82.92941   48  121          -   83.00000      -   289 13244s
 403651  9278   83.00000   53   67          -   83.00000      -   289 13261s
 404978  9382     cutoff   48               -   83.00000      -   288 13274s
 405900  9422     cutoff   48               -   83.00000      -   288 13288s
 406896  9434     cutoff   50               -   83.00000      -   288 13302s
 407611  9394   83.00000   51   72          -   83.00000      -   287 13317s
 408661  9423   82.97049   46  202          -   83.00000      -   287 13330s
 409622  9470   82.98926   55  200          -   83.00000      -   287 13346s
 410595  9504     cutoff   59               -   83.00000      -   286 13357s
 411322  9441   83.00000   53   69          -   83.00000      -   286 13372s
 412209  9444   83.00000   53   78          -   83.00000      -   286 13387s
 413240  9486     cutoff   60               -   83.00000      -   285 13403s
 414226  9562     cutoff   58               -   83.00000      -   285 13421s
 415260  9624   82.97674   50  234          -   83.00000      -   285 13436s
 416157  9669   82.93824   53  134          -   83.00000      -   285 13452s
 417007  9699     cutoff   53               -   83.00000      -   284 13468s
 417891  9713     cutoff   52               -   83.00000      -   284 13484s
 418783  9719     cutoff   51               -   83.00000      -   284 13499s
 419795  9795   83.00000   52   66          -   83.00000      -   284 13516s
 420967  9924   83.00000   55   80          -   83.00000      -   283 13532s
 422058 10035   83.00000   54   75          -   83.00000      -   283 13549s
 423033 10079   82.98588   56  110          -   83.00000      -   283 13565s
 424026 10121   83.00000   64   56          -   83.00000      -   282 13578s
 424827 10110 infeasible   57               -   83.00000      -   282 13595s
 425796 10179     cutoff   60               -   83.00000      -   282 13613s
 426702 10202   83.00000   60   69          -   83.00000      -   282 13629s
 427630 10195   83.00000   63   55          -   83.00000      -   281 13645s
 428491 10246   83.00000   62   70          -   83.00000      -   281 13662s
 429405 10309   83.00000   66   57          -   83.00000      -   281 13679s
 430306 10331   82.91765   65  121          -   83.00000      -   281 13696s
 431181 10304 infeasible   58               -   83.00000      -   281 13711s
 432113 10344     cutoff   62               -   83.00000      -   280 13728s
 433227 10393     cutoff   61               -   83.00000      -   280 13742s
 434262 10400   83.00000   49   80          -   83.00000      -   280 13759s
 435332 10386     cutoff   59               -   83.00000      -   279 13772s
 436285 10376     cutoff   53               -   83.00000      -   279 13782s
 437065 10331   83.00000   45   70          -   83.00000      -   279 13797s
 438119 10419   83.00000   50  107          -   83.00000      -   278 13815s
 439196 10530   82.94416   51  248          -   83.00000      -   278 13832s
 440360 10655   82.98859   61  211          -   83.00000      -   278 13848s
 441399 10727   82.96975   55  145          -   83.00000      -   277 13859s
 442493 10813   83.00000   49   69          -   83.00000      -   277 13870s
 443447 10830   82.95187   55  187          -   83.00000      -   277 13879s
 444352 10816   83.00000   54   83          -   83.00000      -   276 13889s
 445095 10815   83.00000   58   55          -   83.00000      -   276 13901s
 445952 10826   83.00000   53   85          -   83.00000      -   276 13915s
 446798 10844     cutoff   57               -   83.00000      -   276 13928s
 447744 10945     cutoff   63               -   83.00000      -   275 13945s
 448869 11081   82.96471   60  111          -   83.00000      -   275 13961s
 449917 11174   83.00000   48   86          -   83.00000      -   275 13978s
 450911 11256     cutoff   61               -   83.00000      -   274 13993s
 451812 11273   82.95294   61   79          -   83.00000      -   274 14006s
 452849 11333   82.96215   61  123          -   83.00000      -   274 14018s
 453657 11314     cutoff   64               -   83.00000      -   274 14032s
 454486 11331     cutoff   69               -   83.00000      -   273 14047s
 455557 11447     cutoff   66               -   83.00000      -   273 14065s
 456661 11589 infeasible   51               -   83.00000      -   273 14082s
 457732 11740     cutoff   52               -   83.00000      -   273 14100s
 458745 11790     cutoff   49               -   83.00000      -   272 14117s
 459707 11839   83.00000   54   92          -   83.00000      -   272 14133s
 460688 11868     cutoff   53               -   83.00000      -   272 14147s
 461570 11919     cutoff   55               -   83.00000      -   272 14164s
 462518 11966 infeasible   57               -   83.00000      -   272 14181s
 463445 11983     cutoff   53               -   83.00000      -   271 14198s
 464414 12016   83.00000   52   84          -   83.00000      -   271 14213s
 465360 12074     cutoff   56               -   83.00000      -   271 14229s
 466280 12118 infeasible   65               -   83.00000      -   271 14244s
 467120 12125   83.00000   48   98          -   83.00000      -   271 14261s
 468049 12136     cutoff   52               -   83.00000      -   270 14277s
 469136 12267   83.00000   51   92          -   83.00000      -   270 14294s
 470182 12308   82.97059   60  168          -   83.00000      -   270 14310s
 471183 12337     cutoff   52               -   83.00000      -   270 14323s
 471953 12288   83.00000   47   83          -   83.00000      -   269 14338s
 472859 12333 infeasible   48               -   83.00000      -   269 14353s
 473853 12438   82.91176   57  120          -   83.00000      -   269 14369s
 475007 12553     cutoff   53               -   83.00000      -   269 14386s
 476072 12596     cutoff   49               -   83.00000      -   268 14402s
 476928 12598   83.00000   54   72          -   83.00000      -   268 14416s
 477866 12582   83.00000   58   77          -   83.00000      -   268 14433s
 478869 12584   83.00000   49   72          -   83.00000      -   268 14449s
 479867 12616     cutoff   55               -   83.00000      -   268 14465s
 480822 12659   83.00000   50   79          -   83.00000      -   267 14481s
 481759 12726     cutoff   57               -   83.00000      -   267 14497s
 482610 12762     cutoff   67               -   83.00000      -   267 14511s
 483333 12744     cutoff   61               -   83.00000      -   267 14526s
 484181 12736   83.00000   53   86          -   83.00000      -   267 14540s
 485200 12820     cutoff   49               -   83.00000      -   267 14557s
 486183 12897   83.00000   54   99          -   83.00000      -   266 14573s
 486992 12937     cutoff   61               -   83.00000      -   266 14590s
 487743 12981     cutoff   61               -   83.00000      -   266 14607s
 488533 12996   83.00000   58   96          -   83.00000      -   266 14623s
 489345 12978     cutoff   62               -   83.00000      -   266 14639s
 490187 13010   83.00000   53   88          -   83.00000      -   266 14657s
 491053 13015 infeasible   68               -   83.00000      -   266 14671s
 492022 13016   83.00000   57   88          -   83.00000      -   265 14685s
 492871 12980 infeasible   57               -   83.00000      -   265 14701s
 493900 13023     cutoff   54               -   83.00000      -   265 14715s
 494743 12974   82.98431   48  119          -   83.00000      -   265 14728s
 495645 12996     cutoff   48               -   83.00000      -   265 14746s
 496908 13121   83.00000   55  105          -   83.00000      -   264 14761s
 498002 13222   83.00000   48   79          -   83.00000      -   264 14777s
 499080 13279     cutoff   49               -   83.00000      -   264 14793s
 500161 13282   83.00000   51  104          -   83.00000      -   264 14805s
 500899 13254 infeasible   57               -   83.00000      -   263 14820s
 501768 13224     cutoff   52               -   83.00000      -   263 14837s
 502860 13313   83.00000   48   83          -   83.00000      -   263 14853s
 503855 13414   83.00000   61  107          -   83.00000      -   263 14868s
 504725 13441   83.00000   67   79          -   83.00000      -   263 14884s
 505593 13495   83.00000   59   96          -   83.00000      -   262 14899s
 506365 13497   83.00000   66   65          -   83.00000      -   262 14914s
 507195 13503     cutoff   64               -   83.00000      -   262 14929s
 507971 13508   83.00000   58   64          -   83.00000      -   262 14945s
 508774 13538 infeasible   69               -   83.00000      -   262 14960s
 509706 13639     cutoff   58               -   83.00000      -   262 14976s
 510618 13667     cutoff   58               -   83.00000      -   262 14991s
 511355 13669   83.00000   61   68          -   83.00000      -   262 15005s
 512094 13665   83.00000   52  119          -   83.00000      -   261 15018s
 512952 13657     cutoff   64               -   83.00000      -   261 15032s
 513765 13601 infeasible   48               -   83.00000      -   261 15043s
 514574 13607   83.00000   49   87          -   83.00000      -   261 15059s
 515633 13678   83.00000   50   88          -   83.00000      -   261 15075s
 516858 13761   82.90476   52  111          -   83.00000      -   260 15090s
 517961 13821     cutoff   57               -   83.00000      -   260 15103s
 518850 13817     cutoff   50               -   83.00000      -   260 15115s
 519762 13820   83.00000   45   89          -   83.00000      -   260 15130s
 520640 13848   83.00000   51   84          -   83.00000      -   260 15145s
 521748 13899   82.98655   57  125          -   83.00000      -   259 15159s
 522661 13888   82.96471   54  124          -   83.00000      -   259 15175s
 523627 13905   83.00000   49   85          -   83.00000      -   259 15187s
 524483 13903     cutoff   58               -   83.00000      -   259 15199s
 525330 13912     cutoff   57               -   83.00000      -   259 15215s
 526290 13949   83.00000   51   97          -   83.00000      -   258 15231s
 527273 13998 infeasible   59               -   83.00000      -   258 15246s
 528229 14013     cutoff   59               -   83.00000      -   258 15259s
 528867 13962     cutoff   57               -   83.00000      -   258 15272s
 529794 13993     cutoff   50               -   83.00000      -   258 15287s
 530727 13989   83.00000   63   67          -   83.00000      -   257 15300s
 531614 13954   83.00000   57   88          -   83.00000      -   257 15315s
 532628 13958     cutoff   54               -   83.00000      -   257 15327s
 533473 13960     cutoff   60               -   83.00000      -   257 15340s
 534456 13974   83.00000   65   58          -   83.00000      -   257 15354s
 535349 13965   83.00000   65   57          -   83.00000      -   256 15366s
 536169 13936 infeasible   57               -   83.00000      -   256 15379s
 537175 13958   83.00000   48   88          -   83.00000      -   256 15391s
 538145 14023     cutoff   49               -   83.00000      -   256 15406s
 539280 14114   83.00000   54   79          -   83.00000      -   256 15419s
 540186 14138   83.00000   58   82          -   83.00000      -   255 15435s
 541168 14173   83.00000   56   81          -   83.00000      -   255 15450s
 542136 14211   83.00000   68   44          -   83.00000      -   255 15466s
 543011 14298   83.00000   56   99          -   83.00000      -   255 15482s
 543877 14383   83.00000   56   90          -   83.00000      -   255 15497s
 544669 14445   83.00000   60   89          -   83.00000      -   255 15513s
 545490 14451   82.98039   55  116          -   83.00000      -   255 15528s
 546408 14500     cutoff   55               -   83.00000      -   254 15542s
 547286 14546     cutoff   59               -   83.00000      -   254 15557s
 548139 14607     cutoff   65               -   83.00000      -   254 15572s
 549001 14647     cutoff   53               -   83.00000      -   254 15586s
 549802 14669   83.00000   60   90          -   83.00000      -   254 15601s
 550564 14707   82.91176   66  110          -   83.00000      -   254 15616s
 551435 14776   82.96471   67  118          -   83.00000      -   254 15632s
 552293 14857     cutoff   62               -   83.00000      -   254 15648s
 553145 14884   83.00000   54   94          -   83.00000      -   254 15662s
 554009 14909     cutoff   54               -   83.00000      -   253 15677s
 554875 14944 infeasible   63               -   83.00000      -   253 15690s
 555972 15040   83.00000   53   87          -   83.00000      -   253 15703s
 557265 15173   82.94118   62   91          -   83.00000      -   253 15714s
 558305 15161 infeasible   53               -   83.00000      -   252 15723s
 559124 15119   83.00000   56   86          -   83.00000      -   252 15734s
 560151 15160 infeasible   57               -   83.00000      -   252 15746s
 561132 15193   83.00000   58   79          -   83.00000      -   252 15758s
 562103 15192     cutoff   62               -   83.00000      -   251 15766s
 562763 15131     cutoff   60               -   83.00000      -   251 15776s
 563622 15134   83.00000   56   75          -   83.00000      -   251 15786s
 564423 15132   83.00000   50   83          -   83.00000      -   251 15797s
 565582 15209     cutoff   54               -   83.00000      -   251 15805s
 566528 15214     cutoff   60               -   83.00000      -   250 15814s
 567431 15191     cutoff   57               -   83.00000      -   250 15823s
 568232 15174     cutoff   64               -   83.00000      -   250 15833s
 569171 15210     cutoff   58               -   83.00000      -   250 15843s
 570031 15172   83.00000   47   82          -   83.00000      -   249 15852s
 570981 15181   83.00000   52   46          -   83.00000      -   249 15865s
 571949 15223   83.00000   51   91          -   83.00000      -   249 15874s
 572648 15178     cutoff   57               -   83.00000      -   249 15887s
 573487 15159     cutoff   56               -   83.00000      -   249 15901s
 574430 15245     cutoff   68               -   83.00000      -   249 15916s
 575351 15285   83.00000   65   76          -   83.00000      -   248 15929s
 576231 15280     cutoff   47               -   83.00000      -   248 15942s
 576889 15244     cutoff   58               -   83.00000      -   248 15956s
 577843 15281   83.00000   55   78          -   83.00000      -   248 15971s
 578850 15330   83.00000   53   95          -   83.00000      -   248 15987s
 579755 15323     cutoff   60               -   83.00000      -   248 16000s
 580705 15320     cutoff   52               -   83.00000      -   247 16012s
 581643 15315   83.00000   53   85          -   83.00000      -   247 16026s
 582513 15292     cutoff   61               -   83.00000      -   247 16039s
 583333 15251     cutoff   59               -   83.00000      -   247 16051s
 584014 15239     cutoff   52               -   83.00000      -   247 16065s
 584715 15210   82.91463   53  163          -   83.00000      -   247 16078s
 585575 15227     cutoff   61               -   83.00000      -   247 16094s
 586471 15279     cutoff   60               -   83.00000      -   247 16110s
 587482 15353     cutoff   51               -   83.00000      -   246 16124s
 588418 15381     cutoff   62               -   83.00000      -   246 16137s
 589248 15396   83.00000   55   85          -   83.00000      -   246 16153s
 590202 15482 infeasible   53               -   83.00000      -   246 16166s
 590982 15475     cutoff   61               -   83.00000      -   246 16179s
 591844 15458   83.00000   57   92          -   83.00000      -   246 16191s
 592632 15438     cutoff   53               -   83.00000      -   246 16203s
 593526 15463   83.00000   53   80          -   83.00000      -   245 16216s
 594460 15460   82.96471   59   91          -   83.00000      -   245 16227s
 595308 15453   83.00000   57   92          -   83.00000      -   245 16240s
 596189 15456   83.00000   58   88          -   83.00000      -   245 16254s
 597256 15465   83.00000   55   71          -   83.00000      -   245 16267s
 598214 15513     cutoff   60               -   83.00000      -   245 16281s
 599134 15508 infeasible   60               -   83.00000      -   244 16294s
 600042 15561     cutoff   59               -   83.00000      -   244 16310s
 600866 15555   82.92941   52  116          -   83.00000      -   244 16324s
 601778 15600   83.00000   59   82          -   83.00000      -   244 16339s
 602604 15663     cutoff   54               -   83.00000      -   244 16354s
 603479 15743     cutoff   52               -   83.00000      -   244 16368s
 604248 15803   83.00000   47   79          -   83.00000      -   244 16383s
 605104 15832   83.00000   50   88          -   83.00000      -   244 16397s
 605982 15935   83.00000   52   76          -   83.00000      -   244 16413s
 606837 16013 infeasible   62               -   83.00000      -   243 16428s
 607926 16114 infeasible   62               -   83.00000      -   243 16442s
 609064 16211   83.00000   67   67          -   83.00000      -   243 16454s
 609931 16224   83.00000   54   66          -   83.00000      -   243 16468s
 610879 16246     cutoff   64               -   83.00000      -   243 16478s
 611659 16238   83.00000   58   79          -   83.00000      -   243 16492s
 612480 16210 infeasible   61               -   83.00000      -   242 16504s
 613332 16186     cutoff   57               -   83.00000      -   242 16517s
 614236 16170     cutoff   57               -   83.00000      -   242 16530s
 615086 16170 infeasible   64               -   83.00000      -   242 16542s
 615979 16194     cutoff   59               -   83.00000      -   242 16553s
 616797 16218   83.00000   58   50          -   83.00000      -   242 16565s
 617832 16238     cutoff   59               -   83.00000      -   241 16574s
 618496 16176   83.00000   61   55          -   83.00000      -   241 16584s
 619269 16124   83.00000   55   82          -   83.00000      -   241 16596s
 620007 16081   83.00000   55   55          -   83.00000      -   241 16607s
 620811 16048     cutoff   55               -   83.00000      -   241 16617s
 621646 16054     cutoff   61               -   83.00000      -   241 16632s
 622770 16073   82.95278   53  166          -   83.00000      -   241 16641s
 623424 16014   83.00000   53   78          -   83.00000      -   240 16652s
 624262 15989   82.97647   62  105          -   83.00000      -   240 16661s
 625097 15969   83.00000   56   70          -   83.00000      -   240 16673s
 625940 15967   83.00000   49   86          -   83.00000      -   240 16685s
 626662 15958   83.00000   50   77          -   83.00000      -   240 16698s
 627418 15928     cutoff   52               -   83.00000      -   240 16710s
 628190 15911     cutoff   55               -   83.00000      -   240 16723s
 629126 15909   83.00000   58   85          -   83.00000      -   240 16735s
 630082 15936   83.00000   49   52          -   83.00000      -   239 16747s
 631090 15925   83.00000   51   51          -   83.00000      -   239 16756s
 632034 15953   83.00000   52   50          -   83.00000      -   239 16766s
 632827 15910     cutoff   57               -   83.00000      -   239 16776s
 633556 15860   83.00000   65   73          -   83.00000      -   239 16790s
 634357 15841     cutoff   66               -   83.00000      -   239 16803s
 635231 15886   83.00000   58   93          -   83.00000      -   239 16816s
 636152 15921     cutoff   59               -   83.00000      -   238 16831s
 637049 15921     cutoff   66               -   83.00000      -   238 16845s
 637777 15866   83.00000   47   79          -   83.00000      -   238 16859s
 638593 15842   83.00000   48   76          -   83.00000      -   238 16871s
 639266 15784   83.00000   50   80          -   83.00000      -   238 16885s
 640130 15811   83.00000   51   93          -   83.00000      -   238 16900s
 640994 15877   83.00000   52   88          -   83.00000      -   238 16914s
 641991 15893   83.00000   53   88          -   83.00000      -   238 16926s
 642814 15871   83.00000   52   79          -   83.00000      -   238 16939s
 643631 15878   83.00000   66   69          -   83.00000      -   237 16955s
 644528 15852 infeasible   58               -   83.00000      -   237 16966s
 645168 15777   83.00000   56   81          -   83.00000      -   237 16980s
 645987 15784 infeasible   61               -   83.00000      -   237 16992s
 646881 15786     cutoff   62               -   83.00000      -   237 17002s
 647590 15757   83.00000   70   79          -   83.00000      -   237 17016s
 648485 15807     cutoff   57               -   83.00000      -   237 17031s
 649501 15866   83.00000   53   77          -   83.00000      -   237 17045s
 650434 15887   83.00000   52   78          -   83.00000      -   237 17060s
 651273 15874   83.00000   51   75          -   83.00000      -   236 17071s
 651949 15813   83.00000   65   81          -   83.00000      -   236 17085s
 652826 15813   83.00000   56   80          -   83.00000      -   236 17099s
 653662 15891   82.95294   63   89          -   83.00000      -   236 17114s
 654626 16016     cutoff   59               -   83.00000      -   236 17129s
 655540 16089   82.98717   64  141          -   83.00000      -   236 17142s
 656571 16116   83.00000   58   92          -   83.00000      -   236 17155s
 657370 16127   82.95294   57  105          -   83.00000      -   236 17168s
 658205 16135   83.00000   54   67          -   83.00000      -   236 17181s
 659069 16159   83.00000   52   87          -   83.00000      -   235 17195s
 659913 16159   82.98118   55  121          -   83.00000      -   235 17207s
 660660 16139   83.00000   53   80          -   83.00000      -   235 17220s
 661507 16150     cutoff   60               -   83.00000      -   235 17232s
 662283 16090   83.00000   53   77          -   83.00000      -   235 17243s
 663073 16075   83.00000   47   87          -   83.00000      -   235 17258s
 664042 16094   82.92471   51  128          -   83.00000      -   235 17272s
 664956 16184     cutoff   64               -   83.00000      -   235 17286s
 665841 16213     cutoff   63               -   83.00000      -   235 17300s
 666707 16217     cutoff   57               -   83.00000      -   235 17312s
 667529 16194   83.00000   50   73          -   83.00000      -   234 17326s
 668200 16123     cutoff   64               -   83.00000      -   234 17337s
 668810 16046     cutoff   52               -   83.00000      -   234 17349s
 669702 16044     cutoff   67               -   83.00000      -   234 17363s
 670646 16051   83.00000   47   83          -   83.00000      -   234 17377s
 671686 16082   83.00000   54   53          -   83.00000      -   234 17389s
 672587 16047   83.00000   55   58          -   83.00000      -   234 17402s
 673539 16039     cutoff   55               -   83.00000      -   234 17412s
 674340 15991     cutoff   59               -   83.00000      -   233 17420s
 675052 15942     cutoff   58               -   83.00000      -   233 17429s
 675897 15936   83.00000   58   55          -   83.00000      -   233 17439s
 676670 15933     cutoff   52               -   83.00000      -   233 17452s
 677555 15951   83.00000   53   71          -   83.00000      -   233 17468s
 678451 15988   83.00000   56   98          -   83.00000      -   233 17476s
 679291 15985   83.00000   59   54          -   83.00000      -   233 17484s
 680025 15909   83.00000   60   58          -   83.00000      -   232 17494s
 680742 15859     cutoff   60               -   83.00000      -   232 17504s
 681484 15826   82.91176   48  114          -   83.00000      -   232 17516s
 682304 15840   83.00000   61   70          -   83.00000      -   232 17527s
 683064 15811     cutoff   60               -   83.00000      -   232 17541s
 683979 15853   82.98353   61  126          -   83.00000      -   232 17553s
 684790 15848     cutoff   65               -   83.00000      -   232 17566s
 685569 15795     cutoff   52               -   83.00000      -   232 17577s
 686334 15784   82.95294   55  142          -   83.00000      -   232 17590s
 687242 15824   83.00000   57   79          -   83.00000      -   232 17604s
 688279 15954 infeasible   51               -   83.00000      -   232 17618s
 689375 16033     cutoff   61               -   83.00000      -   231 17630s
 690242 16043   82.92471   51  122          -   83.00000      -   231 17644s
 691115 16072     cutoff   63               -   83.00000      -   231 17657s
 692123 16131   83.00000   61   98          -   83.00000      -   231 17669s
 693023 16127     cutoff   58               -   83.00000      -   231 17682s
 693934 16099   83.00000   60   69          -   83.00000      -   231 17694s
 694842 16132   83.00000   50   93          -   83.00000      -   231 17707s
 695641 16112   83.00000   61   75          -   83.00000      -   231 17719s
 696441 16106   83.00000   56   88          -   83.00000      -   230 17730s
 697214 16096   83.00000   51   86          -   83.00000      -   230 17740s
 697876 16034     cutoff   62               -   83.00000      -   230 17751s
 698539 15977     cutoff   48               -   83.00000      -   230 17762s
 699129 15914   83.00000   55   86          -   83.00000      -   230 17774s
 699900 15915     cutoff   65               -   83.00000      -   230 17787s
 700792 15969   83.00000   52   92          -   83.00000      -   230 17799s
 701561 15953   83.00000   67   70          -   83.00000      -   230 17811s
 702410 15960   83.00000   57   82          -   83.00000      -   230 17823s
 703304 15985   83.00000   61   86          -   83.00000      -   230 17837s
 704123 15992   83.00000   54   87          -   83.00000      -   230 17849s
 704869 15990   82.92235   57  120          -   83.00000      -   230 17862s
 705621 15974 infeasible   60               -   83.00000      -   229 17873s
 706387 15940   83.00000   45   84          -   83.00000      -   229 17885s
 707174 15901   83.00000   46   85          -   83.00000      -   229 17897s
 707928 15855   83.00000   47   85          -   83.00000      -   229 17909s
 708765 15857     cutoff   57               -   83.00000      -   229 17922s
 709698 15846   82.98824   60   95          -   83.00000      -   229 17933s
 710447 15807   82.95294   48   77          -   83.00000      -   229 17945s
 711179 15762   82.90533   58  123          -   83.00000      -   229 17957s
 711932 15746   83.00000   47   95          -   83.00000      -   229 17970s
 712744 15731 infeasible   51               -   83.00000      -   229 17982s
 713460 15690   83.00000   56   73          -   83.00000      -   229 17994s
 714229 15658     cutoff   63               -   83.00000      -   228 18007s
 715099 15694 infeasible   62               -   83.00000      -   228 18019s
 715833 15674     cutoff   63               -   83.00000      -   228 18031s
 716605 15682   83.00000   53   94          -   83.00000      -   228 18043s
 717468 15732   82.90941   64  123          -   83.00000      -   228 18054s
 718190 15722     cutoff   56               -   83.00000      -   228 18063s
 718773 15692     cutoff   76               -   83.00000      -   228 18077s
 719572 15701     cutoff   59               -   83.00000      -   228 18090s
 720351 15718   83.00000   48   94          -   83.00000      -   228 18102s
 721105 15684   83.00000   61   75          -   83.00000      -   228 18116s
 722011 15683   83.00000   46   93          -   83.00000      -   228 18130s
 722959 15700   83.00000   56   96          -   83.00000      -   228 18142s
 723775 15694   83.00000   49   93          -   83.00000      -   227 18155s
 724486 15640   83.00000   57   86          -   83.00000      -   227 18167s
 725289 15628   83.00000   54   97          -   83.00000      -   227 18179s
 726263 15637     cutoff   58               -   83.00000      -   227 18190s
 727221 15640 infeasible   51               -   83.00000      -   227 18200s
 728084 15606   83.00000   55   72          -   83.00000      -   227 18210s
 728879 15555   83.00000   57   65          -   83.00000      -   227 18220s
 729721 15510   83.00000   59   55          -   83.00000      -   227 18232s
 730656 15516 infeasible   54               -   83.00000      -   227 18245s
 731614 15538 infeasible   65               -   83.00000      -   226 18256s
 732495 15510     cutoff   47               -   83.00000      -   226 18265s
 733215 15478     cutoff   60               -   83.00000      -   226 18274s
 734003 15470 infeasible   68               -   83.00000      -   226 18287s
 734810 15443     cutoff   63               -   83.00000      -   226 18299s
 735707 15472   83.00000   65   52          -   83.00000      -   226 18311s
 736469 15426     cutoff   64               -   83.00000      -   226 18323s
 737271 15399   83.00000   50   93          -   83.00000      -   226 18333s
 737855 15343   83.00000   60   58          -   83.00000      -   226 18345s
 738506 15278   83.00000   57   97          -   83.00000      -   226 18358s
 739249 15276   83.00000   56   94          -   83.00000      -   226 18371s
 740044 15252     cutoff   62               -   83.00000      -   225 18381s
 740675 15226     cutoff   61               -   83.00000      -   225 18391s
 741250 15149 infeasible   66               -   83.00000      -   225 18402s
 741968 15113   82.91765   67  142          -   83.00000      -   225 18413s
 742881 15118   83.00000   57   50          -   83.00000      -   225 18422s
 743688 15088   83.00000   59   59          -   83.00000      -   225 18429s
 744396 15012     cutoff   67               -   83.00000      -   225 18439s
 745092 14957   83.00000   62   50          -   83.00000      -   225 18450s
 745737 14899   83.00000   64   55          -   83.00000      -   225 18463s
 746457 14870     cutoff   58               -   83.00000      -   225 18473s
 747234 14834     cutoff   57               -   83.00000      -   225 18485s
 747969 14780     cutoff   65               -   83.00000      -   225 18496s
 748726 14810     cutoff   53               -   83.00000      -   225 18508s
 749414 14782   83.00000   66   79          -   83.00000      -   224 18522s
 750212 14757     cutoff   60               -   83.00000      -   224 18534s
 751025 14740   82.94464   68  179          -   83.00000      -   224 18548s
 751738 14690   82.98039   71  107          -   83.00000      -   224 18560s
 752448 14649     cutoff   54               -   83.00000      -   224 18572s
 753250 14613     cutoff   56               -   83.00000      -   224 18583s
 753997 14570   83.00000   52   84          -   83.00000      -   224 18595s
 754857 14551   83.00000   54   86          -   83.00000      -   224 18605s
 755621 14516     cutoff   67               -   83.00000      -   224 18615s
 756318 14484 infeasible   57               -   83.00000      -   224 18629s
 757210 14476     cutoff   64               -   83.00000      -   224 18640s
 757984 14420     cutoff   59               -   83.00000      -   224 18651s
 758684 14432 infeasible   77               -   83.00000      -   224 18663s
 759386 14420   83.00000   62   75          -   83.00000      -   224 18676s
 760106 14393   83.00000   57   89          -   83.00000      -   224 18689s
 760784 14345     cutoff   60               -   83.00000      -   224 18701s
 761632 14320     cutoff   59               -   83.00000      -   223 18711s
 762337 14264     cutoff   52               -   83.00000      -   223 18721s
 763089 14215     cutoff   51               -   83.00000      -   223 18732s
 763962 14205   83.00000   57   80          -   83.00000      -   223 18743s
 764668 14160     cutoff   57               -   83.00000      -   223 18753s
 765321 14108   83.00000   61   79          -   83.00000      -   223 18765s
 766109 14105     cutoff   60               -   83.00000      -   223 18777s
 766782 14045     cutoff   60               -   83.00000      -   223 18787s
 767508 13983     cutoff   57               -   83.00000      -   223 18798s
 768128 13913   83.00000   49   89          -   83.00000      -   223 18809s
 769025 13936   82.90588   54   79          -   83.00000      -   223 18822s
 770103 13981   83.00000   56   74          -   83.00000      -   223 18836s
 771208 14013   83.00000   57   73          -   83.00000      -   222 18846s
 772140 14042     cutoff   56               -   83.00000      -   222 18856s
 773070 14044     cutoff   57               -   83.00000      -   222 18867s
 774005 14033     cutoff   63               -   83.00000      -   222 18877s
 774799 14007   83.00000   62   61          -   83.00000      -   222 18889s
 775719 14058   83.00000   62   52          -   83.00000      -   222 18902s
 776637 14112   83.00000   50   83          -   83.00000      -   222 18916s
 777512 14170     cutoff   51               -   83.00000      -   222 18929s
 778397 14240     cutoff   54               -   83.00000      -   222 18942s
 779263 14303 infeasible   63               -   83.00000      -   222 18955s
 780052 14287     cutoff   54               -   83.00000      -   221 18969s
 780899 14321 infeasible   64               -   83.00000      -   221 18982s
 781663 14336   83.00000   46   94          -   83.00000      -   221 18994s
 782424 14376   83.00000   49   88          -   83.00000      -   221 19007s
 783270 14432   82.95562   54  138          -   83.00000      -   221 19021s
 784063 14513 infeasible   58               -   83.00000      -   221 19034s
 784777 14492     cutoff   55               -   83.00000      -   221 19046s
 785532 14546     cutoff   60               -   83.00000      -   221 19060s
 786229 14573   83.00000   60   88          -   83.00000      -   221 19073s
 787020 14552 infeasible   57               -   83.00000      -   221 19085s
 787751 14534   83.00000   57   81          -   83.00000      -   221 19095s
 788526 14516   83.00000   56   85          -   83.00000      -   221 19105s
 789235 14429     cutoff   59               -   83.00000      -   221 19116s
 789849 14347   83.00000   61   73          -   83.00000      -   221 19129s
 790670 14341   82.92941   56  125          -   83.00000      -   221 19143s
 791854 14527   83.00000   52   82          -   83.00000      -   221 19157s
 793162 14659   82.95294   56   70          -   83.00000      -   220 19168s
 794194 14697     cutoff   54               -   83.00000      -   220 19177s
 795074 14695     cutoff   58               -   83.00000      -   220 19188s
 795988 14725     cutoff   60               -   83.00000      -   220 19197s
 796731 14694   83.00000   60   53          -   83.00000      -   220 19204s
 796783 14694 infeasible   58               -   83.00000      -   220 19205s
 797482 14688   82.95294   64   64          -   83.00000      -   220 19214s
 798225 14668     cutoff   65               -   83.00000      -   220 19224s
 799204 14681   83.00000   60   53          -   83.00000      -   220 19232s
 799988 14639   83.00000   55   56          -   83.00000      -   219 19245s
 801134 14696   83.00000   59   56          -   83.00000      -   219 19253s
 801955 14678   83.00000   62   53          -   83.00000      -   219 19262s
 802756 14664   83.00000   60   54          -   83.00000      -   219 19271s
 803504 14628 infeasible   58               -   83.00000      -   219 19284s
 804446 14684     cutoff   61               -   83.00000      -   219 19296s
 805272 14670     cutoff   61               -   83.00000      -   219 19308s
 806122 14701   83.00000   59   80          -   83.00000      -   219 19322s
 807073 14749   83.00000   59   73          -   83.00000      -   219 19334s
 807834 14733     cutoff   58               -   83.00000      -   219 19346s
 808777 14767   83.00000   64   52          -   83.00000      -   219 19358s
 809579 14775   83.00000   60   71          -   83.00000      -   218 19370s
 810365 14736   83.00000   68   55          -   83.00000      -   218 19383s
 811271 14773     cutoff   65               -   83.00000      -   218 19396s
 812177 14834     cutoff   56               -   83.00000      -   218 19409s
 813145 14851     cutoff   65               -   83.00000      -   218 19419s
 813861 14835   83.00000   62   74          -   83.00000      -   218 19431s
 814693 14819   83.00000   55   79          -   83.00000      -   218 19444s
 815620 14888   82.92941   56  136          -   83.00000      -   218 19454s
 816412 14879   83.00000   60   70          -   83.00000      -   218 19467s
 817237 14862   83.00000   59   87          -   83.00000      -   218 19479s
 818165 14922 infeasible   62               -   83.00000      -   218 19491s
 818983 14903   82.94353   53  117          -   83.00000      -   218 19502s
 819781 14899   82.94353   55  127          -   83.00000      -   218 19514s
 820516 14882 infeasible   63               -   83.00000      -   217 19527s
 821166 14839   82.91765   53   66          -   83.00000      -   217 19540s
 822069 14859   83.00000   58   80          -   83.00000      -   217 19553s
 822929 14859     cutoff   74               -   83.00000      -   217 19565s
 823756 14924   83.00000   63   81          -   83.00000      -   217 19578s
 824614 14973   82.99529   61  113          -   83.00000      -   217 19590s
 825419 15024 infeasible   62               -   83.00000      -   217 19603s
 826181 15060   82.99632   51  131          -   83.00000      -   217 19615s
 826892 15092   83.00000   61   86          -   83.00000      -   217 19628s
 827707 15102     cutoff   64               -   83.00000      -   217 19641s
 828528 15119   83.00000   68   83          -   83.00000      -   217 19654s
 829260 15125 infeasible   73               -   83.00000      -   217 19666s
 830057 15133     cutoff   60               -   83.00000      -   217 19677s
 830808 15137     cutoff   72               -   83.00000      -   217 19688s
 831631 15136     cutoff   82               -   83.00000      -   217 19701s
 832358 15111   83.00000   62   78          -   83.00000      -   217 19712s
 833071 15081     cutoff   58               -   83.00000      -   217 19723s
 833723 15026     cutoff   65               -   83.00000      -   217 19735s
 834390 14995     cutoff   56               -   83.00000      -   216 19748s
 835172 15006     cutoff   58               -   83.00000      -   216 19759s
 835838 14962   83.00000   60   89          -   83.00000      -   216 19771s
 836593 14926     cutoff   61               -   83.00000      -   216 19783s
 837278 14905 infeasible   48               -   83.00000      -   216 19796s
 838060 14926   83.00000   44   63          -   83.00000      -   216 19809s
 838801 14958   83.00000   51   70          -   83.00000      -   216 19823s
 839431 14984     cutoff   57               -   83.00000      -   216 19836s
 840091 15016   83.00000   53   62          -   83.00000      -   216 19849s
 840716 15034   83.00000   47   79          -   83.00000      -   216 19862s
 841327 15006   83.00000   53   65          -   83.00000      -   216 19875s
 841960 15024   83.00000   56   58          -   83.00000      -   216 19888s
 842625 15038 infeasible   52               -   83.00000      -   216 19900s
 843249 15034   83.00000   47   64          -   83.00000      -   216 19913s
 843765 14986 infeasible   53               -   83.00000      -   216 19926s
 844407 14973   83.00000   52   82          -   83.00000      -   216 19940s
 845042 14965     cutoff   59               -   83.00000      -   216 19952s
 845824 14963 infeasible   58               -   83.00000      -   216 19964s
 846538 14926   83.00000   48   78          -   83.00000      -   216 19976s
 847118 14895   83.00000   50   65          -   83.00000      -   216 19989s
 847808 14933 infeasible   50               -   83.00000      -   216 20001s
 848397 14927   83.00000   61   69          -   83.00000      -   216 20014s
 848971 14923   83.00000   56   81          -   83.00000      -   216 20027s
 849548 14930 infeasible   48               -   83.00000      -   216 20040s
 850108 14934 infeasible   49               -   83.00000      -   216 20053s
 850661 14921 infeasible   58               -   83.00000      -   216 20065s
 851205 14883     cutoff   56               -   83.00000      -   216 20078s
 851835 14833 infeasible   53               -   83.00000      -   216 20090s
 852460 14764     cutoff   58               -   83.00000      -   216 20100s
 853021 14703   83.00000   57   55          -   83.00000      -   216 20109s
 853483 14650   83.00000   42   68          -   83.00000      -   216 20119s
 853935 14660   83.00000   52   87          -   83.00000      -   216 20133s
 854432 14649 infeasible   51               -   83.00000      -   216 20146s
 854938 14588   83.00000   54   55          -   83.00000      -   216 20157s
 855452 14530 infeasible   48               -   83.00000      -   216 20167s
 855920 14450 infeasible   57               -   83.00000      -   216 20175s
 856271 14347 infeasible   55               -   83.00000      -   216 20182s
 856591 14238   83.00000   52   83          -   83.00000      -   216 20187s
 856838 14120   83.00000   56   67          -   83.00000      -   216 20191s
 857068 14000   83.00000   54   66          -   83.00000      -   216 20195s
 857648 13626     cutoff   68               -   82.98349      -   216 20201s
 858150 13248     cutoff   61               -   82.98225      -   216 20206s
 858520 12996   82.96471   61   81          -   82.98031      -   216 20210s
 859049 12618     cutoff   59               -   82.97647      -   216 20215s
 859527 12240     cutoff   72               -   82.97647      -   216 20220s
 860091 11862     cutoff   56               -   82.97286      -   216 20225s
 860600 11484     cutoff   54               -   82.97059      -   216 20230s
 861320 10980   82.91176   58   98          -   82.96639      -   215 20235s
 861931 10476     cutoff   60               -   82.96471      -   215 20240s
 862547  9972     cutoff   60               -   82.96460      -   215 20246s
 863062  9594     cutoff   59               -   82.96078      -   215 20250s
 863760  9090     cutoff   55               -   82.95569      -   215 20255s
 864368  8586     cutoff   56               -   82.95294      -   215 20260s
 865007  8082     cutoff   55               -   82.95294      -   215 20265s
 865646  7578     cutoff   49               -   82.95111      -   215 20270s
 866432  6948   82.94418   57  131          -   82.94418      -   215 20275s
 867202  6318     cutoff   56               -   82.94118      -   214 20280s
 867820  5814     cutoff   59               -   82.93588      -   214 20285s
 868822  4932     cutoff   63               -   82.92941      -   214 20290s
 869644  4176     cutoff   56               -   82.92941      -   214 20295s
 870545  3420     cutoff   60               -   82.92353      -   214 20300s
 871394  2664     cutoff   52               -   82.91624      -   214 20305s

Cutting planes:
  Gomory: 9
  Implied bound: 63
  Flow cover: 333
  Zero half: 192

Explored 872067 nodes (189152476 simplex iterations) in 20308.50 seconds
Thread count was 6 (of 8 available processors)

Model objective exceeds cutoff
Best objective -, best bound -8.290000000000e+01, gap -
