
Gurobi 6.0.5 (linux64) logging started Fri Jun  3 03:52:54 2016

Optimize a model with 9569 rows, 2662 columns and 53890 nonzeros
Coefficient statistics:
  Matrix range    [1e+00, 8e+01]
  Objective range [1e+00, 1e+00]
  Bounds range    [1e+00, 8e+01]
  RHS range       [1e+00, 8e+01]
Presolve removed 1201 rows and 59 columns
Presolve time: 0.06s
Presolved: 8368 rows, 2603 columns, 35960 nonzeros
Variable types: 188 continuous, 2415 integer (2415 binary)
Presolve removed 6 rows and 0 columns
Presolved: 8362 rows, 2603 columns, 35940 nonzeros


Root relaxation: objective 1.051853e+02, 5417 iterations, 0.71 seconds

    Nodes    |    Current Node    |     Objective Bounds      |     Work
 Expl Unexpl |  Obj  Depth IntInf | Incumbent    BestBd   Gap | It/Node Time

     0     0  105.18532    0  743          -  105.18532      -     -    4s
     0     0  104.63688    0  718          -  104.63688      -     -    8s
     0     0  104.63688    0  718          -  104.63688      -     -    8s
     0     2  104.63688    0  718          -  104.63688      -     -   12s
     5     7  101.83674    3  730          -  102.67865      -  2434   15s
    24    31   98.09591    6  723          -  100.47750      -  2364   20s
    54    56   94.60790    9  651          -   99.64041      -  2264   25s
    79    80   92.58973   10  685          -   99.64041      -  2173   30s
   117   112   82.96868   13  625          -   99.64041      -  2195   36s
   166   134   96.50965    5  660          -   99.26447      -  1978   41s
   197   166   93.65640    7  662          -   99.26447      -  1977   45s
   239   180   91.73842    9  644          -   99.26447      -  1887   50s
   281   216   87.69528   10  607          -   99.26447      -  1863   55s
   327   250   89.89536    9  639          -   99.26447      -  1849   60s
   383   274   88.56878   11  604          -   99.26447      -  1814   66s
   448   320   88.08338   10  602          -   99.26447      -  1791   72s
   486   325   87.65108   11  610          -   99.26447      -  1777   76s
   568   409   86.55888   12  601          -   99.26447      -  1739   84s
   619   397   84.21645   13  620          -   99.26447      -  1713   88s
   664   446     cutoff   11               -   99.26447      -  1702   93s
   710   467   83.94418   12  589          -   99.26447      -  1699   98s
   757   483   84.08647   14  612          -   99.26447      -  1703  103s
   829   513     cutoff   14               -   98.59596      -  1658  109s
   899   524   92.77323    7  656          -   96.37134      -  1631  115s
   950   555   89.23150   10  637          -   96.37134      -  1642  121s
  1016   593   88.18585   10  618          -   96.37134      -  1632  127s
  1089   606     cutoff   13               -   95.53375      -  1621  134s
  1178   650   91.78954    9  696          -   95.16750      -  1596  141s
  1250   673   88.06727   10  623          -   95.16750      -  1600  149s
  1335   718     cutoff   13               -   94.16055      -  1595  158s
  1423   747   89.04589    9  640          -   93.93898      -  1594  167s
  1528   781   85.16103   11  600          -   93.35610      -  1580  176s
  1626   822   87.62468   11  627          -   93.34278      -  1579  186s
  1749   872   88.74837    8  601          -   92.97973      -  1562  197s
  1863   916   84.38522   10  565          -   92.97973      -  1562  209s
  2000   910     cutoff   12               -   92.63920      -  1549  220s
  2150   957   85.00743   10  580          -   92.50736      -  1535  233s
  2302   993   85.86013   11  577          -   92.22910      -  1527  247s
  2446   986   83.24024   11  608          -   92.02593      -  1529  261s
  2620  1057   84.35666   12  564          -   91.56321      -  1518  277s
  2830  1099   86.04490   11  606          -   91.30585      -  1497  293s
  3029  1126     cutoff   10               -   91.15029      -  1490  310s
  3277  1126     cutoff   13               -   90.43362      -  1463  328s
  3520  1156   84.65444   10  579          -   90.15730      -  1449  347s
  3781  1160   85.02073   10  576          -   89.70475      -  1435  367s
  4115  1197   87.89298   10  595          -   89.41086      -  1403  389s
  4450  1206     cutoff   13               -   88.99903      -  1380  413s
  4836  1219   85.64079   10  604          -   88.64399      -  1350  437s
  5226  1175   84.25583   11  497          -   88.30695      -  1328  464s
  5655  1098     cutoff   12               -   87.77733      -  1305  491s
  6126   983     cutoff   14               -   86.80507      -  1281  518s
  6636   853   83.12837   12  525          -   86.02449      -  1253  540s
  7007   727   83.87149   11  581          -   85.42731      -  1233  561s
  7333   603     cutoff   12               -   84.87146      -  1222  572s
  7562   477     cutoff   12               -   84.52076      -  1209  584s
  7764   351     cutoff   12               -   84.05491      -  1201  590s
  7912   225     cutoff   13               -   83.74192      -  1190  595s
  8170     0     cutoff   13               -   83.03094      -  1165  604s
  9320   491   83.00000   33  718          -   83.00000      -  1033  607s
  9322   492   83.00000   31  745          -   83.00000      -  1033  612s
  9323   493   83.00000   33  739          -   83.00000      -  1032  628s
  9325   494   83.00000   35  739          -   83.00000      -  1032  635s
  9326   497   83.00000   15  751          -   83.00000      -   2.0  659s
  9327   498   83.00000   15  728          -   83.00000      -   2.6  681s
  9328   498   83.00000   16  743          -   83.00000      -   2.7  705s
  9329   499   83.00000   16  703          -   83.00000      -   3.5  725s
  9330   500   83.00000   17  747          -   83.00000      -   3.6  747s
  9331   500   83.00000   17  748          -   83.00000      -   4.0  770s
  9332   499   83.00000   18  722          -   83.00000      -   4.2  790s
  9333   504   83.00000   18  713          -   83.00000      -   4.3  815s
  9336   506   83.00000   19  731          -   83.00000      -   5.2  851s
  9341   516   83.00000   20  731          -   83.00000      -   6.7  892s
  9355   533   83.00000   21  676          -   83.00000      -  10.7  935s
  9391   524   83.00000   24  665          -   83.00000      -  21.5  980s
  9521   564   83.00000   20  709          -   83.00000      -  49.3 1028s
  9766   621   83.00000   22  682          -   83.00000      -  90.7 1078s
 10041   652   83.00000   26  561          -   83.00000      -   134 1130s
 10429   704   83.00000   26  532          -   83.00000      -   178 1187s
 10808   714     cutoff   27               -   83.00000      -   224 1248s
 11236   820   83.00000   28  597          -   83.00000      -   267 1311s
 11764   975     cutoff   28               -   83.00000      -   311 1381s
 12344  1110   83.00000   28  604          -   83.00000      -   345 1451s
 12975  1206   83.00000   23  614          -   83.00000      -   385 1526s
 13633  1216     cutoff   27               -   83.00000      -   422 1605s
 14407  1235     cutoff   27               -   83.00000      -   457 1690s
 15157  1239     cutoff   26               -   83.00000      -   485 1761s
 15903  1185   83.00000   25  484          -   83.00000      -   509 1836s
 16560  1121     cutoff   23               -   83.00000      -   532 1894s
 17174  1046     cutoff   25               -   83.00000      -   547 1948s
 17639   938     cutoff   31               -   83.00000      -   562 1988s
 18048   821   83.00000   32  552          -   83.00000      -   572 2039s
 18511   721     cutoff   25               -   83.00000      -   578 2068s
 18866   607   83.00000   30  497          -   83.00000      -   583 2095s
 19152   485     cutoff   31               -   83.00000      -   588 2114s
 19400   361     cutoff   28               -   83.00000      -   591 2130s
 19655   238     cutoff   27               -   83.00000      -   592 2145s
 19842   112     cutoff   29               -   83.00000      -   592 2158s
 20040     0     cutoff   25               -   83.00000      -   591 2168s
 20534    44     cutoff   53               -   83.00000      -   580 2197s
 22552   866   83.00000   52   90          -   83.00000      -   539 2216s
 24335  1380   83.00000   54   84          -   83.00000      -   509 2229s
 25407  1470     cutoff   48               -   83.00000      -   493 2241s
 26267  1479     cutoff   53               -   83.00000      -   482 2253s
 27307  1556     cutoff   66               -   83.00000      -   468 2265s
 28325  1602   83.00000   44   88          -   83.00000      -   456 2277s
 29224  1659     cutoff   50               -   83.00000      -   446 2290s
 30165  1723   83.00000   45   80          -   83.00000      -   437 2301s
 30998  1724   83.00000   47   77          -   83.00000      -   429 2315s
 31907  1751     cutoff   58               -   83.00000      -   421 2327s
 32960  1865     cutoff   59               -   83.00000      -   412 2343s
 33859  1914     cutoff   50               -   83.00000      -   404 2356s
 34929  1987     cutoff   61               -   83.00000      -   396 2368s
 36046  2119   83.00000   55   44          -   83.00000      -   388 2380s
 37003  2181   83.00000   56   63          -   83.00000      -   381 2392s
 38030  2278   83.00000   51   63          -   83.00000      -   374 2410s
 39271  2400   82.95294   55  121          -   83.00000      -   367 2425s
 40193  2406   83.00000   55   43          -   83.00000      -   362 2437s
 41153  2452     cutoff   55               -   83.00000      -   357 2447s
 42035  2482     cutoff   59               -   83.00000      -   352 2457s
 42955  2513     cutoff   59               -   83.00000      -   347 2468s
 43866  2521     cutoff   55               -   83.00000      -   343 2482s
 44898  2597   83.00000   57   72          -   83.00000      -   338 2495s
 45818  2657   83.00000   57   72          -   83.00000      -   334 2508s
 46774  2689   83.00000   58   71          -   83.00000      -   330 2520s
 47710  2735 infeasible   57               -   83.00000      -   326 2533s
 48914  2876   82.95285   50  119          -   83.00000      -   321 2546s
 50082  2999     cutoff   52               -   83.00000      -   316 2555s
 50963  3032   83.00000   52   55          -   83.00000      -   313 2567s
 51898  3093   83.00000   51   54          -   83.00000      -   310 2576s
 52721  3085 infeasible   54               -   83.00000      -   307 2585s
 53562  3053   83.00000   53   74          -   83.00000      -   304 2594s
 54441  3073   82.90588   53   82          -   83.00000      -   301 2605s
 55235  3084   83.00000   47   79          -   83.00000      -   299 2616s
 56267  3148   83.00000   55   81          -   83.00000      -   296 2627s
 57220  3202   82.94118   50   95          -   83.00000      -   293 2642s
 58323  3234     cutoff   58               -   83.00000      -   290 2656s
 59466  3318   82.94118   57  133          -   83.00000      -   287 2666s
 60304  3302     cutoff   61               -   83.00000      -   285 2679s
 61238  3327   83.00000   62   64          -   83.00000      -   282 2691s
 62246  3371 infeasible   65               -   83.00000      -   280 2702s
 63033  3316   83.00000   62   81          -   83.00000      -   278 2715s
 64002  3355   83.00000   62   81          -   83.00000      -   276 2729s
 65120  3452   83.00000   63   77          -   83.00000      -   274 2744s
 66462  3604   83.00000   51   84          -   83.00000      -   271 2755s
 67409  3600   83.00000   52   73          -   83.00000      -   269 2765s
 68278  3659   83.00000   53   98          -   83.00000      -   267 2778s
 69432  3754   82.97647   55  117          -   83.00000      -   265 2787s
 70269  3721 infeasible   57               -   83.00000      -   263 2802s
 71585  3917   83.00000   58   91          -   83.00000      -   261 2817s
 72908  4116   83.00000   60   82          -   83.00000      -   258 2830s
 73984  4201     cutoff   53               -   83.00000      -   256 2840s
 74945  4214     cutoff   58               -   83.00000      -   255 2852s
 75814  4225   83.00000   58   94          -   83.00000      -   253 2864s
 76860  4264   82.96546   63  223          -   83.00000      -   251 2874s
 77771  4263   82.90588   65  165          -   83.00000      -   250 2885s
 78702  4251   82.97059   64  100          -   83.00000      -   249 2898s
 79679  4281     cutoff   59               -   83.00000      -   247 2910s
 80583  4305   82.90588   61   86          -   83.00000      -   246 2923s
 81450  4289     cutoff   58               -   83.00000      -   245 2933s
 82172  4263   83.00000   60   79          -   83.00000      -   245 2943s
 83003  4236     cutoff   57               -   83.00000      -   243 2948s
 83492  4150     cutoff   57               -   83.00000      -   243 2954s
 83972  4052 infeasible   54               -   83.00000      -   242 2956s
 84294  3949   82.96847   72  286          -   82.98235      -   241 2960s
 84974  3734     cutoff   53               -   82.97638      -   240 2966s
 85797  3516     cutoff   55               -   82.96863      -   238 2971s
 86419  3284     cutoff   55               -   82.96471      -   237 2975s
 87276  2926     cutoff   66               -   82.95882      -   236 2981s
 87869  2691     cutoff   64               -   82.95294      -   234 2985s
 88738  2326     cutoff   72               -   82.95294      -   233 2990s
 89448  1954     cutoff   69               -   82.94118      -   231 2995s
 90310  1456   82.92941   60   92          -   82.92941      -   230 3000s
 91111   959     cutoff   61               -   82.92279      -   228 3005s

Cutting planes:
  Gomory: 13
  Implied bound: 67
  Flow cover: 369
  Zero half: 192

Explored 91863 nodes (30486146 simplex iterations) in 3008.82 seconds
Thread count was 6 (of 8 available processors)

Model objective exceeds cutoff
Best objective -, best bound -8.290000000000e+01, gap -
